Action Selection Module
Debug level : 50
max_repeat_zero 3
Writing actions to port /iha/as/action:out
yarp: Port /iha/as/action:out active at tcp://10.0.0.104:10382
Waiting for port /iha/controller/action:cmd  ready. Now connecting /iha/as/action:out to /iha/controller/action:cmd yarp: Sending output from /iha/as/action:out to /iha/controller/action:cmd using tcp
Added output connection from "/iha/as/action:out" to "/iha/controller/action:cmd"
 connected.
Connected to Action
neighbour_radius 3.000000
temperature 3.000000
temp_dec 0.001000
53 joints configured
Joint : HEAD_PITCH -> 0
Joint : HEAD_YAW -> 1
Joint : HEAD_PAN -> 2
Joint : EYES_UD -> 3
Joint : EYES_RL -> 4
Joint : EYES_CD -> 5
Joint : LSH_ROT -> 6
Joint : LSH_ELV -> 7
Joint : LSH_TWST -> 8
Joint : LELB_FLX -> 9
Joint : LELB_TWST -> 10
Joint : LWR_ABD -> 11
Joint : LWR_FLX -> 12
Joint : LDIG_1 -> 13
Joint : LDIG_2 -> 14
Joint : LDIG_3 -> 15
Joint : LDIG_4 -> 16
Joint : LDIG_5 -> 17
Joint : LDIG_6 -> 18
Joint : LDIG_7 -> 19
Joint : LDIG_8 -> 20
Joint : LDIG_9 -> 21
Joint : RSH_ROT -> 22
Joint : RSH_ELV -> 23
Joint : RSH_TWST -> 24
Joint : RELB_FLX -> 25
Joint : RELB_TWST -> 26
Joint : RWR_ABD -> 27
Joint : RWR_FLX -> 28
Joint : RDIG_1 -> 29
Joint : RDIG_2 -> 30
Joint : RDIG_3 -> 31
Joint : RDIG_4 -> 32
Joint : RDIG_5 -> 33
Joint : RDIG_6 -> 34
Joint : RDIG_7 -> 35
Joint : RDIG_8 -> 36
Joint : RDIG_9 -> 37
Joint : TOR_TW -> 38
Joint : TOR_LR -> 39
Joint : TOR_FB -> 40
Joint : LL_TW -> 41
Joint : L_KNEE -> 42
Joint : LL_ABD -> 43
Joint : LL_FB -> 44
Joint : LFT_LIFT -> 45
Joint : LFT_TURN -> 46
Joint : RL_TW -> 47
Joint : R_KNEE -> 48
Joint : RL_ABD -> 49
Joint : RL_FB -> 50
Joint : RFT_LIFT -> 51
Joint : RFT_TURN -> 52
13 actions configured
arrays allocated
action #0:
action: Rest
read: HEAD_PITCH 0 2
read: HEAD_YAW 0 2
read: HEAD_PAN 0 2
read: EYES_UD 0 2
read: EYES_RL 0 2
read: EYES_CD 0 2
read: RSH_ROT -20 1
read: RSH_ELV 25 1
read: RSH_TWST 0 1
read: RELB_FLX 10 1
read: RELB_TWST 0 1
read: RWR_ABD 0 1
read: RWR_FLX -1 1
read: RDIG_1 0 1
read: RDIG_2 0 1
read: RDIG_3 0 1
read: RDIG_4 0 1
read: RDIG_5 0 1
read: RDIG_6 0 1
read: RDIG_7 0 1
read: RDIG_8 0 1
read: RDIG_9 20 1
read: LSH_ROT -20 1
read: LSH_ELV 25 1
read: LSH_TWST 0 1
read: LELB_FLX 10 1
read: LELB_TWST 0 1
read: LWR_ABD 0 1
read: LWR_FLX -1 1
read: LDIG_1 0 1
read: LDIG_2 0 1
read: LDIG_3 0 1
read: LDIG_4 0 1
read: LDIG_5 0 1
read: LDIG_6 0 1
read: LDIG_7 0 1
read: LDIG_8 0 1
read: LDIG_9 20 1
sequence item: BLOCK
Read Sequence: conf/sequences/Rest_SIM.seq
HEAD_PITCH 0 2
HEAD_YAW 0 2
HEAD_PAN 0 2
EYES_UD 0 2
EYES_RL 0 2
EYES_CD 0 2
RSH_ROT -20 1
RSH_ELV 25 1
RSH_TWST 0 1
RELB_FLX 10 1
RELB_TWST 0 1
RWR_ABD 0 1
RWR_FLX -1 1
RDIG_1 0 1
RDIG_2 0 1
RDIG_3 0 1
RDIG_4 0 1
RDIG_5 0 1
RDIG_6 0 1
RDIG_7 0 1
RDIG_8 0 1
RDIG_9 20 1
LSH_ROT -20 1
LSH_ELV 25 1
LSH_TWST 0 1
LELB_FLX 10 1
LELB_TWST 0 1
LWR_ABD 0 1
LWR_FLX -1 1
LDIG_1 0 1
LDIG_2 0 1
LDIG_3 0 1
LDIG_4 0 1
LDIG_5 0 1
LDIG_6 0 1
LDIG_7 0 1
LDIG_8 0 1
LDIG_9 20 1
BLOCK
action #1:
action: head-left
read: HEAD_PAN -70 2
sequence item: BLOCK
Read Sequence: conf/sequences/headleft_SIM.seq
HEAD_PAN -70 2
BLOCK
action #2:
action: head-right
read: HEAD_PAN 70 2
sequence item: BLOCK
Read Sequence: conf/sequences/headright_SIM.seq
HEAD_PAN 70 2
BLOCK
action #3:
action: head-forward
read: HEAD_PITCH 0 2
read: HEAD_YAW 0 2
read: HEAD_PAN 0 2
read: EYES_UD 0 2
read: EYES_RL 0 2
read: EYES_CD 0 2
sequence item: BLOCK
Read Sequence: conf/sequences/headfwd_SIM.seq
HEAD_PITCH 0 2
HEAD_YAW 0 2
HEAD_PAN 0 2
EYES_UD 0 2
EYES_RL 0 2
EYES_CD 0 2
BLOCK
action #4:
action: Hide-face
read: HEAD_PITCH -40 1
read: LSH_ROT -51 1
read: LSH_ELV 22 1
read: LSH_TWST 19 1
read: LELB_FLX 106 1
read: LELB_TWST -56 1
read: LWR_ABD 10 1
read: LWR_FLX 0 1
read: RSH_ROT -42 1
read: RSH_ELV 20 1
read: RSH_TWST 9 1
read: RELB_FLX 106 1
read: RELB_TWST -46 1
read: RWR_ABD 10 1
read: RWR_FLX 0 1
sequence item: BLOCK
Read Sequence: conf/sequences/Hide_SIM.seq
HEAD_PITCH -40 1
LSH_ROT -51 1
LSH_ELV 22 1
LSH_TWST 19 1
LELB_FLX 106 1
LELB_TWST -56 1
LWR_ABD 10 1
LWR_FLX 0 1
RSH_ROT -42 1
RSH_ELV 20 1
RSH_TWST 9 1
RELB_FLX 106 1
RELB_TWST -46 1
RWR_ABD 10 1
RWR_FLX 0 1
BLOCK
action #5:
action: NA
read: EYES_UD 0 1
sequence item: BLOCK
Read Sequence: conf/sequences/donothing_SIM.seq
EYES_UD 0 1
BLOCK
action #6:
action: RArm-Up
read: RSH_ROT -20 1
read: RSH_ELV 80 1
read: RSH_TWST -37 2
read: RELB_FLX 90 2
read: RELB_TWST 0 1
read: RWR_ABD 0 1
read: RWR_FLX 0 1
sequence item: BLOCK
Read Sequence: conf/sequences/S_RArmUp_SIM.seq
RSH_ROT -20 1
RSH_ELV 80 1
RSH_TWST -37 2
RELB_FLX 90 2
RELB_TWST 0 1
RWR_ABD 0 1
RWR_FLX 0 1
BLOCK
action #7:
action: LArm-Up
read: LSH_ROT -20 1
read: LSH_ELV 80 1
read: LSH_TWST -40 2
read: LELB_FLX 90 2
read: LELB_TWST 0 1
read: LWR_ABD 0 1
read: LWR_FLX 0 1
sequence item: BLOCK
Read Sequence: conf/sequences/S_LArmUp_SIM.seq
LSH_ROT -20 1
LSH_ELV 80 1
LSH_TWST -40 2
LELB_FLX 90 2
LELB_TWST 0 1
LWR_ABD 0 1
LWR_FLX 0 1
BLOCK
action #8:
action: RArm-Down
read: RSH_ROT -20 1
read: RSH_ELV 25 1
read: RSH_TWST 0 1
read: RELB_FLX 10 1
read: RELB_TWST 0 1
read: RWR_ABD 0 1
read: RWR_FLX -10 1
sequence item: BLOCK
Read Sequence: conf/sequences/S_RArmDown_SIM.seq
RSH_ROT -20 1
RSH_ELV 25 1
RSH_TWST 0 1
RELB_FLX 10 1
RELB_TWST 0 1
RWR_ABD 0 1
RWR_FLX -10 1
BLOCK
action #9:
action: LArm-Down
read: LSH_ROT -20 1
read: LSH_ELV 25 1
read: LSH_TWST 0 1
read: LELB_FLX 10 1
read: LELB_TWST 0 1
read: LWR_ABD 0 1
read: LWR_FLX -10 1
sequence item: BLOCK
Read Sequence: conf/sequences/S_LArmDown_SIM.seq
LSH_ROT -20 1
LSH_ELV 25 1
LSH_TWST 0 1
LELB_FLX 10 1
LELB_TWST 0 1
LWR_ABD 0 1
LWR_FLX -10 1
BLOCK
action #10:
action: RArm-Wave
read: RSH_ROT -20 1
read: RSH_ELV 80 1
read: RSH_TWST -40 1
read: RELB_FLX 80 1
read: RELB_TWST 0 1
read: RWR_ABD 0 1
read: RWR_FLX 5 1
sequence item: BLOCK
read: RELB_FLX 110 1
read: RWR_FLX -5 1
sequence item: BLOCK
read: RELB_FLX 80 1
read: RWR_FLX 5 1
sequence item: BLOCK
read: RELB_FLX 110 1
read: RWR_FLX -5 1
sequence item: BLOCK
read: RELB_FLX 80 1
read: RWR_FLX 5 1
sequence item: BLOCK
read: RELB_FLX 90 1
read: RWR_FLX 0 1
sequence item: BLOCK
Read Sequence: conf/sequences/S_RArmWave_SIM.seq
RSH_ROT -20 1
RSH_ELV 80 1
RSH_TWST -40 1
RELB_FLX 80 1
RELB_TWST 0 1
RWR_ABD 0 1
RWR_FLX 5 1
BLOCK
RELB_FLX 110 1
RWR_FLX -5 1
BLOCK
RELB_FLX 80 1
RWR_FLX 5 1
BLOCK
RELB_FLX 110 1
RWR_FLX -5 1
BLOCK
RELB_FLX 80 1
RWR_FLX 5 1
BLOCK
RELB_FLX 90 1
RWR_FLX 0 1
BLOCK
action #11:
action: LArm-Wave
read: LSH_ROT -20 1
read: LSH_ELV 80 1
read: LSH_TWST -40 1
read: LELB_FLX 80 1
read: LELB_TWST 0 1
read: LWR_ABD 0 1
read: LWR_FLX 5 1
sequence item: BLOCK
read: LELB_FLX 110 1
read: LWR_FLX -5 1
sequence item: BLOCK
read: LELB_FLX 80 1
read: LWR_FLX 5 1
sequence item: BLOCK
read: LELB_FLX 110 1
read: LWR_FLX -5 1
sequence item: BLOCK
read: LELB_FLX 80 1
read: LWR_FLX 5 1
sequence item: BLOCK
read: LELB_FLX 90 1
read: LWR_FLX 0 1
sequence item: BLOCK
Read Sequence: conf/sequences/S_LArmWave_SIM.seq
LSH_ROT -20 1
LSH_ELV 80 1
LSH_TWST -40 1
LELB_FLX 80 1
LELB_TWST 0 1
LWR_ABD 0 1
LWR_FLX 5 1
BLOCK
LELB_FLX 110 1
LWR_FLX -5 1
BLOCK
LELB_FLX 80 1
LWR_FLX 5 1
BLOCK
LELB_FLX 110 1
LWR_FLX -5 1
BLOCK
LELB_FLX 80 1
LWR_FLX 5 1
BLOCK
LELB_FLX 90 1
LWR_FLX 0 1
BLOCK
action #12:
action: RArm-Drum
read: RSH_ROT -20 1
read: RSH_ELV 80 1
read: RSH_TWST -37 2
read: RELB_FLX 90 2
read: RELB_TWST 0 1
read: RWR_ABD 0 1
read: RWR_FLX 0 1
sequence item: BLOCK
read: RSH_ROT -20 1
read: RSH_ELV 25 1
read: RSH_TWST 0 1
read: RELB_FLX 10 1
read: RELB_TWST 0 1
read: RWR_ABD 0 1
read: RWR_FLX -10 1
sequence item: BLOCK
read: RSH_ROT -20 1
read: RSH_ELV 80 1
read: RSH_TWST -37 2
read: RELB_FLX 90 2
read: RELB_TWST 0 1
read: RWR_ABD 0 1
read: RWR_FLX 0 1
sequence item: BLOCK
Read Sequence: conf/sequences/S_RArmDrum_SIM.seq
RSH_ROT -20 1
RSH_ELV 80 1
RSH_TWST -37 2
RELB_FLX 90 2
RELB_TWST 0 1
RWR_ABD 0 1
RWR_FLX 0 1
BLOCK
RSH_ROT -20 1
RSH_ELV 25 1
RSH_TWST 0 1
RELB_FLX 10 1
RELB_TWST 0 1
RWR_ABD 0 1
RWR_FLX -10 1
BLOCK
RSH_ROT -20 1
RSH_ELV 80 1
RSH_TWST -37 2
RELB_FLX 90 2
RELB_TWST 0 1
RWR_ABD 0 1
RWR_FLX 0 1
BLOCK
Reading behaviours
BSet Group 671747312 : 0 1 2 3 4 5 6 7 8 9 10 11 12
BSet Group 671747312 : 0 5
NUM_ACTIONS defined : 13
Reading current distances (h=20) using port /iha/as/currdist:in:20
yarp: Port /iha/as/currdist:in:20 active at tcp://10.0.0.104:10352
Waiting for port /iha/ds/currdist:out:20  ready. Now connecting /iha/ds/currdist:out:20 to /iha/as/currdist:in:20 yarp: Receiving input from /iha/ds/currdist:out:20 to /iha/as/currdist:in:20 using tcp
Added output connection from "/iha/ds/currdist:out:20" to "/tcp://iha/as/currdist:in:20"
 connected.
Connected to Distances h=20
1 Horizons configured:
Horizon #0 = 20
action_control: Sending default action
sendAction 0 started.
Checking "file": = /usr/local/src/robot/iCub/app/ ... (configuration file to use, if any)
Working with config file /usr/local/src/robot/iCub/app/iha_new/conf/ihaActionSelection.ini
Checking "name": = /iha/as (name of module)
Checking "help": if present, display usage message
Sending Action 0
Got ACK took 1.535138 seconds
sendAction 0 complete. 
yarp: Port /iha/as/status:out active at tcp://10.0.0.104:10312
action_control: Starting mainLoop
yarp: Port /iha/as/quit active at tcp://10.0.0.104:10162
Got data hor 20 (again) exp 1: got_data=1, check_again=0
Listening to terminal (type "quit" to stop module)
Distances from exp 1 h=20 :
exp: 0 dist: 0.192137 val: 0.999000 actfreq: 
Probability List:
Hor:20 Exp:0 Dist:0.192137 Value:0.999000 -> Vi=0.000000
Vi(Random)=0.000000
, sum(Vi)=0.000000Roulette Num : 28.540000
Choosing random action 8 from set 
Behaviour Set : 0 1 2 3 4 5 6 7 8 9 10 11 12 
Weighting: 
[32mExp     0 Hor  20  Wi     nan% D 0.192137  Mass   0  Val  1.0  AF: nan nan nan nan nan nan nan nan nan nan nan nan nan[37m
[31m==== Random ====  Wi     nan%  Mass   0  Val  1.0[37m                     
ActionSelect returning random action 8
Zero count = 32576
action(0) repeated 3 times already - get random instead
Choosing random action 12 from set 
Behaviour Set : 0 1 2 3 4 5 6 7 8 9 10 11 12 
sendAction 12 started.
Sending Action 12
Got ACK took 11.964225 seconds
sendAction 12 complete. 
Got data hor 20 (again) exp 60: got_data=1, check_again=0
Distances from exp 60 h=20 :
exp: 37 dist: 0.033715 val: 0.598000 actfreq: 12:4 
exp: 39 dist: 0.034144 val: 0.598000 actfreq: 12:1 
exp: 40 dist: 0.034234 val: 0.599000 actfreq: 12:1 
exp: 0 dist: 0.199906 val: 0.965000 actfreq: 12:37 
Probability List:
Hor:20 Exp:37 Dist:0.033715 Value:0.598000 -> Vi=2104.282951
Hor:20 Exp:39 Dist:0.034144 Value:0.598000 -> Vi=512.956973
Hor:20 Exp:40 Dist:0.034234 Value:0.599000 -> Vi=511.101687
Hor:20 Exp:0 Dist:0.199906 Value:0.965000 -> Vi=893.465001
Vi(Random)=42.971338
, sum(Vi)=4064.777950Roulette Num : 35.380000
Chosen experience: 37 hor 20
Action Probabilities for chosen experience:
0:0.000000 1:0.000000 2:0.000000 3:0.000000 4:0.000000 5:0.000000 6:0.000000 7:0.000000 8:0.000000 9:0.000000 10:0.000000 11:0.000000 12:1.000000 
Building distribution subset
Adding: Set item 0=Act 0  :  Freq 0.000000
Adding: Set item 1=Act 1  :  Freq 0.000000
Adding: Set item 2=Act 2  :  Freq 0.000000
Adding: Set item 3=Act 3  :  Freq 0.000000
Adding: Set item 4=Act 4  :  Freq 0.000000
Adding: Set item 5=Act 5  :  Freq 0.000000
Adding: Set item 6=Act 6  :  Freq 0.000000
Adding: Set item 7=Act 7  :  Freq 0.000000
Adding: Set item 8=Act 8  :  Freq 0.000000
Adding: Set item 9=Act 9  :  Freq 0.000000
Adding: Set item 10=Act 10  :  Freq 0.000000
Adding: Set item 11=Act 11  :  Freq 0.000000
Adding: Set item 12=Act 12  :  Freq 1.000000
Done, total freq = 1.000000
Subset of Action Probabilities:
Act 0: 0.000000 Act 1: 0.000000 Act 2: 0.000000 Act 3: 0.000000 Act 4: 0.000000 Act 5: 0.000000 Act 6: 0.000000 Act 7: 0.000000 Act 8: 0.000000 Act 9: 0.000000 Act 10: 0.000000 Act 11: 0.000000 Act 12: 1.000000 
chooseFromDistribution: r=589
Dist: 0:0.000000=0 1:0.000000=0 2:0.000000=0 3:0.000000=0 4:0.000000=0 5:0.000000=0 6:0.000000=0 7:0.000000=0 8:0.000000=0 9:0.000000=0 10:0.000000=0 11:0.000000=0 12:1.000000=10000
Chose: 12
Choosing action 12 experience 37 horizon 20
Weighting: 
[32mExp    37 Hor  20  Wi 51.768706% D 0.033715  Mass   4  Val  0.6  AF:   0   0   0   0   0   0   0   0   0   0   0   0 100[37m ==> chosen Act: 12
[32mExp     0 Hor  20  Wi 21.980660% D 0.199906  Mass  37  Val  1.0  AF:   0   0   0   0   0   0   0   0   0   0   0   0 100[37m
[32mExp    39 Hor  20  Wi 12.619557% D 0.034144  Mass   1  Val  0.6  AF:   0   0   0   0   0   0   0   0   0   0   0   0 100[37m
[32mExp    40 Hor  20  Wi 12.573914% D 0.034234  Mass   1  Val  0.6  AF:   0   0   0   0   0   0   0   0   0   0   0   0 100[37m
[31m==== Random ====  Wi 1.057163%  Mass  43  Val  1.0[37m                     
ActionSelect returning chosen action 12
Zero count = 0
sendAction 12 started.
Sending Action 12
Got ACK took 6.939831 seconds
sendAction 12 complete. 
Got data hor 20 (again) exp 95: got_data=1, check_again=0
Distances from exp 95 h=20 :
exp: 71 dist: 0.036108 val: 0.598000 actfreq: 12:5 
exp: 75 dist: 0.036724 val: 0.599000 actfreq: 12:1 
exp: 74 dist: 0.040319 val: 0.598000 actfreq: 12:1 
exp: 0 dist: 0.206796 val: 0.930000 actfreq: 12:71 
Probability List:
Hor:20 Exp:71 Dist:0.036108 Value:0.598000 -> Vi=2293.357230
Hor:20 Exp:75 Dist:0.036724 Value:0.599000 -> Vi=444.138546
Hor:20 Exp:74 Dist:0.040319 Value:0.598000 -> Vi=367.852054
Hor:20 Exp:0 Dist:0.206796 Value:0.930000 -> Vi=1544.034746
Vi(Random)=77.896035
, sum(Vi)=4727.278611Roulette Num : 42.130000
Chosen experience: 71 hor 20
Action Probabilities for chosen experience:
0:0.000000 1:0.000000 2:0.000000 3:0.000000 4:0.000000 5:0.000000 6:0.000000 7:0.000000 8:0.000000 9:0.000000 10:0.000000 11:0.000000 12:1.000000 
Building distribution subset
Adding: Set item 0=Act 0  :  Freq 0.000000
Adding: Set item 1=Act 1  :  Freq 0.000000
Adding: Set item 2=Act 2  :  Freq 0.000000
Adding: Set item 3=Act 3  :  Freq 0.000000
Adding: Set item 4=Act 4  :  Freq 0.000000
Adding: Set item 5=Act 5  :  Freq 0.000000
Adding: Set item 6=Act 6  :  Freq 0.000000
Adding: Set item 7=Act 7  :  Freq 0.000000
Adding: Set item 8=Act 8  :  Freq 0.000000
Adding: Set item 9=Act 9  :  Freq 0.000000
Adding: Set item 10=Act 10  :  Freq 0.000000
Adding: Set item 11=Act 11  :  Freq 0.000000
Adding: Set item 12=Act 12  :  Freq 1.000000
Done, total freq = 1.000000
Subset of Action Probabilities:
Act 0: 0.000000 Act 1: 0.000000 Act 2: 0.000000 Act 3: 0.000000 Act 4: 0.000000 Act 5: 0.000000 Act 6: 0.000000 Act 7: 0.000000 Act 8: 0.000000 Act 9: 0.000000 Act 10: 0.000000 Act 11: 0.000000 Act 12: 1.000000 
chooseFromDistribution: r=9854
Dist: 0:0.000000=0 1:0.000000=0 2:0.000000=0 3:0.000000=0 4:0.000000=0 5:0.000000=0 6:0.000000=0 7:0.000000=0 8:0.000000=0 9:0.000000=0 10:0.000000=0 11:0.000000=0 12:1.000000=10000
Chose: 12
Choosing action 12 experience 71 horizon 20
Weighting: 
[32mExp    71 Hor  20  Wi 48.513266% D 0.036108  Mass   5  Val  0.6  AF:   0   0   0   0   0   0   0   0   0   0   0   0 100[37m ==> chosen Act: 12
[32mExp     0 Hor  20  Wi 32.662233% D 0.206796  Mass  71  Val  0.9  AF:   0   0   0   0   0   0   0   0   0   0   0   0 100[37m
[32mExp    75 Hor  20  Wi 9.395227% D 0.036724  Mass   1  Val  0.6  AF:   0   0   0   0   0   0   0   0   0   0   0   0 100[37m
[32mExp    74 Hor  20  Wi 7.781476% D 0.040319  Mass   1  Val  0.6  AF:   0   0   0   0   0   0   0   0   0   0   0   0 100[37m
[31m==== Random ====  Wi 1.647799%  Mass  78  Val  1.0[37m                     
ActionSelect returning chosen action 12
Zero count = 0
sendAction 12 started.
Sending Action 12
Got ACK took 6.942425 seconds
sendAction 12 complete. 
Got data hor 20 (again) exp 130: got_data=1, check_again=0
Distances from exp 130 h=20 :
exp: 129 dist: 0.030838 val: 0.599000 actfreq: 
exp: 101 dist: 0.042948 val: 0.598000 actfreq: 12:28 
exp: 0 dist: 0.205594 val: 0.895000 actfreq: 12:101 
Probability List:
Hor:20 Exp:129 Dist:0.030838 Value:0.599000 -> Vi=0.000000
Hor:20 Exp:101 Dist:0.042948 Value:0.598000 -> Vi=9077.824075
Hor:20 Exp:0 Dist:0.205594 Value:0.895000 -> Vi=2138.561891
Vi(Random)=128.742129
, sum(Vi)=11345.128095Roulette Num : 26.970000
Chosen experience: 101 hor 20
Action Probabilities for chosen experience:
0:0.000000 1:0.000000 2:0.000000 3:0.000000 4:0.000000 5:0.000000 6:0.000000 7:0.000000 8:0.000000 9:0.000000 10:0.000000 11:0.000000 12:1.000000 
Building distribution subset
Adding: Set item 0=Act 0  :  Freq 0.000000
Adding: Set item 1=Act 1  :  Freq 0.000000
Adding: Set item 2=Act 2  :  Freq 0.000000
Adding: Set item 3=Act 3  :  Freq 0.000000
Adding: Set item 4=Act 4  :  Freq 0.000000
Adding: Set item 5=Act 5  :  Freq 0.000000
Adding: Set item 6=Act 6  :  Freq 0.000000
Adding: Set item 7=Act 7  :  Freq 0.000000
Adding: Set item 8=Act 8  :  Freq 0.000000
Adding: Set item 9=Act 9  :  Freq 0.000000
Adding: Set item 10=Act 10  :  Freq 0.000000
Adding: Set item 11=Act 11  :  Freq 0.000000
Adding: Set item 12=Act 12  :  Freq 1.000000
Done, total freq = 1.000000
Subset of Action Probabilities:
Act 0: 0.000000 Act 1: 0.000000 Act 2: 0.000000 Act 3: 0.000000 Act 4: 0.000000 Act 5: 0.000000 Act 6: 0.000000 Act 7: 0.000000 Act 8: 0.000000 Act 9: 0.000000 Act 10: 0.000000 Act 11: 0.000000 Act 12: 1.000000 
chooseFromDistribution: r=8398
Dist: 0:0.000000=0 1:0.000000=0 2:0.000000=0 3:0.000000=0 4:0.000000=0 5:0.000000=0 6:0.000000=0 7:0.000000=0 8:0.000000=0 9:0.000000=0 10:0.000000=0 11:0.000000=0 12:1.000000=10000
Chose: 12
Choosing action 12 experience 101 horizon 20
Weighting: 
[32mExp   101 Hor  20  Wi 80.015175% D 0.042948  Mass  28  Val  0.6  AF:   0   0   0   0   0   0   0   0   0   0   0   0 100[37m ==> chosen Act: 12
[32mExp     0 Hor  20  Wi 18.850046% D 0.205594  Mass 101  Val  0.9  AF:   0   0   0   0   0   0   0   0   0   0   0   0 100[37m
[31m==== Random ====  Wi 1.134779%  Mass 129  Val  1.0[37m                     
[32mExp   129 Hor  20  Wi 0.000000% D 0.030838  Mass   0  Val  0.6  AF: nan nan nan nan nan nan nan nan nan nan nan nan nan[37m
ActionSelect returning chosen action 12
Zero count = 0
sendAction 12 started.
Sending Action 12
Got ACK took 6.941873 seconds
sendAction 12 complete. 
Got data hor 20 (again) exp 164: got_data=1, check_again=0
Distances from exp 164 h=20 :
exp: 133 dist: 0.035213 val: 0.598000 actfreq: 12:16 
exp: 140 dist: 0.045203 val: 0.598000 actfreq: 12:4 
exp: 144 dist: 0.048216 val: 0.599000 actfreq: 12:1 
exp: 0 dist: 0.211671 val: 0.861000 actfreq: 12:133 
Probability List:
Hor:20 Exp:133 Dist:0.035213 Value:0.598000 -> Vi=7716.476503
Hor:20 Exp:140 Dist:0.045203 Value:0.598000 -> Vi=1170.645209
Hor:20 Exp:144 Dist:0.048216 Value:0.599000 -> Vi=257.659170
Hor:20 Exp:0 Dist:0.211671 Value:0.861000 -> Vi=2555.834708
Vi(Random)=153.589607
, sum(Vi)=11854.205196Roulette Num : 75.210000
Chosen experience: 0 hor 20
Action Probabilities for chosen experience:
0:0.000000 1:0.000000 2:0.000000 3:0.000000 4:0.000000 5:0.000000 6:0.000000 7:0.000000 8:0.000000 9:0.000000 10:0.000000 11:0.000000 12:1.000000 
Building distribution subset
Adding: Set item 0=Act 0  :  Freq 0.000000
Adding: Set item 1=Act 1  :  Freq 0.000000
Adding: Set item 2=Act 2  :  Freq 0.000000
Adding: Set item 3=Act 3  :  Freq 0.000000
Adding: Set item 4=Act 4  :  Freq 0.000000
Adding: Set item 5=Act 5  :  Freq 0.000000
Adding: Set item 6=Act 6  :  Freq 0.000000
Adding: Set item 7=Act 7  :  Freq 0.000000
Adding: Set item 8=Act 8  :  Freq 0.000000
Adding: Set item 9=Act 9  :  Freq 0.000000
Adding: Set item 10=Act 10  :  Freq 0.000000
Adding: Set item 11=Act 11  :  Freq 0.000000
Adding: Set item 12=Act 12  :  Freq 1.000000
Done, total freq = 1.000000
Subset of Action Probabilities:
Act 0: 0.000000 Act 1: 0.000000 Act 2: 0.000000 Act 3: 0.000000 Act 4: 0.000000 Act 5: 0.000000 Act 6: 0.000000 Act 7: 0.000000 Act 8: 0.000000 Act 9: 0.000000 Act 10: 0.000000 Act 11: 0.000000 Act 12: 1.000000 
chooseFromDistribution: r=8463
Dist: 0:0.000000=0 1:0.000000=0 2:0.000000=0 3:0.000000=0 4:0.000000=0 5:0.000000=0 6:0.000000=0 7:0.000000=0 8:0.000000=0 9:0.000000=0 10:0.000000=0 11:0.000000=0 12:1.000000=10000
Chose: 12
Choosing action 12 experience 0 horizon 20
Weighting: 
[32mExp   133 Hor  20  Wi 65.094845% D 0.035213  Mass  16  Val  0.6  AF:   0   0   0   0   0   0   0   0   0   0   0   0 100[37m
[32mExp     0 Hor  20  Wi 21.560574% D 0.211671  Mass 133  Val  0.9  AF:   0   0   0   0   0   0   0   0   0   0   0   0 100[37m ==> chosen Act: 12
[32mExp   140 Hor  20  Wi 9.875358% D 0.045203  Mass   4  Val  0.6  AF:   0   0   0   0   0   0   0   0   0   0   0   0 100[37m
[32mExp   144 Hor  20  Wi 2.173568% D 0.048216  Mass   1  Val  0.6  AF:   0   0   0   0   0   0   0   0   0   0   0   0 100[37m
[31m==== Random ====  Wi 1.295655%  Mass 154  Val  1.0[37m                     
ActionSelect returning chosen action 12
Zero count = 0
sendAction 12 started.
Sending Action 12
Got ACK took 6.875566 seconds
sendAction 12 complete. 
Got data hor 20 (again) exp 199: got_data=1, check_again=0
Distances from exp 199 h=20 :
exp: 181 dist: 0.026497 val: 0.599000 actfreq: 12:12 
exp: 0 dist: 0.198828 val: 0.826000 actfreq: 12:181 
Probability List:
Hor:20 Exp:181 Dist:0.026497 Value:0.599000 -> Vi=10237.818475
Hor:20 Exp:0 Dist:0.198828 Value:0.826000 -> Vi=3781.849692
Vi(Random)=192.357203
, sum(Vi)=14212.025370Roulette Num : 65.970000
Chosen experience: 181 hor 20
Action Probabilities for chosen experience:
0:0.000000 1:0.000000 2:0.000000 3:0.000000 4:0.000000 5:0.000000 6:0.000000 7:0.000000 8:0.000000 9:0.000000 10:0.000000 11:0.000000 12:1.000000 
Building distribution subset
Adding: Set item 0=Act 0  :  Freq 0.000000
Adding: Set item 1=Act 1  :  Freq 0.000000
Adding: Set item 2=Act 2  :  Freq 0.000000
Adding: Set item 3=Act 3  :  Freq 0.000000
Adding: Set item 4=Act 4  :  Freq 0.000000
Adding: Set item 5=Act 5  :  Freq 0.000000
Adding: Set item 6=Act 6  :  Freq 0.000000
Adding: Set item 7=Act 7  :  Freq 0.000000
Adding: Set item 8=Act 8  :  Freq 0.000000
Adding: Set item 9=Act 9  :  Freq 0.000000
Adding: Set item 10=Act 10  :  Freq 0.000000
Adding: Set item 11=Act 11  :  Freq 0.000000
Adding: Set item 12=Act 12  :  Freq 1.000000
Done, total freq = 1.000000
Subset of Action Probabilities:
Act 0: 0.000000 Act 1: 0.000000 Act 2: 0.000000 Act 3: 0.000000 Act 4: 0.000000 Act 5: 0.000000 Act 6: 0.000000 Act 7: 0.000000 Act 8: 0.000000 Act 9: 0.000000 Act 10: 0.000000 Act 11: 0.000000 Act 12: 1.000000 
chooseFromDistribution: r=9532
Dist: 0:0.000000=0 1:0.000000=0 2:0.000000=0 3:0.000000=0 4:0.000000=0 5:0.000000=0 6:0.000000=0 7:0.000000=0 8:0.000000=0 9:0.000000=0 10:0.000000=0 11:0.000000=0 12:1.000000=10000
Chose: 12
Choosing action 12 experience 181 horizon 20
Weighting: 
[32mExp   181 Hor  20  Wi 72.036309% D 0.026497  Mass  12  Val  0.6  AF:   0   0   0   0   0   0   0   0   0   0   0   0 100[37m ==> chosen Act: 12
[32mExp     0 Hor  20  Wi 26.610209% D 0.198828  Mass 181  Val  0.8  AF:   0   0   0   0   0   0   0   0   0   0   0   0 100[37m
[31m==== Random ====  Wi 1.353482%  Mass 193  Val  1.0[37m                     
ActionSelect returning chosen action 12
Zero count = 0
sendAction 12 started.
Sending Action 12
Got ACK took 6.875785 seconds
sendAction 12 complete. 
Got data hor 20 (again) exp 233: got_data=1, check_again=0
Distances from exp 233 h=20 :
exp: 214 dist: 0.027814 val: 0.599000 actfreq: 12:1 
exp: 0 dist: 0.201116 val: 0.792000 actfreq: 12:214 
Probability List:
Hor:20 Exp:214 Dist:0.027814 Value:0.599000 -> Vi=774.296476
Hor:20 Exp:0 Dist:0.201116 Value:0.792000 -> Vi=4190.297205
Vi(Random)=214.140860
, sum(Vi)=5178.734541Roulette Num : 79.510000
Chosen experience: 0 hor 20
Action Probabilities for chosen experience:
0:0.000000 1:0.000000 2:0.000000 3:0.000000 4:0.000000 5:0.000000 6:0.000000 7:0.000000 8:0.000000 9:0.000000 10:0.000000 11:0.000000 12:1.000000 
Building distribution subset
Adding: Set item 0=Act 0  :  Freq 0.000000
Adding: Set item 1=Act 1  :  Freq 0.000000
Adding: Set item 2=Act 2  :  Freq 0.000000
Adding: Set item 3=Act 3  :  Freq 0.000000
Adding: Set item 4=Act 4  :  Freq 0.000000
Adding: Set item 5=Act 5  :  Freq 0.000000
Adding: Set item 6=Act 6  :  Freq 0.000000
Adding: Set item 7=Act 7  :  Freq 0.000000
Adding: Set item 8=Act 8  :  Freq 0.000000
Adding: Set item 9=Act 9  :  Freq 0.000000
Adding: Set item 10=Act 10  :  Freq 0.000000
Adding: Set item 11=Act 11  :  Freq 0.000000
Adding: Set item 12=Act 12  :  Freq 1.000000
Done, total freq = 1.000000
Subset of Action Probabilities:
Act 0: 0.000000 Act 1: 0.000000 Act 2: 0.000000 Act 3: 0.000000 Act 4: 0.000000 Act 5: 0.000000 Act 6: 0.000000 Act 7: 0.000000 Act 8: 0.000000 Act 9: 0.000000 Act 10: 0.000000 Act 11: 0.000000 Act 12: 1.000000 
chooseFromDistribution: r=406
Dist: 0:0.000000=0 1:0.000000=0 2:0.000000=0 3:0.000000=0 4:0.000000=0 5:0.000000=0 6:0.000000=0 7:0.000000=0 8:0.000000=0 9:0.000000=0 10:0.000000=0 11:0.000000=0 12:1.000000=10000
Chose: 12
Choosing action 12 experience 0 horizon 20
Weighting: 
[32mExp     0 Hor  20  Wi 80.913535% D 0.201116  Mass 214  Val  0.8  AF:   0   0   0   0   0   0   0   0   0   0   0   0 100[37m ==> chosen Act: 12
[32mExp   214 Hor  20  Wi 14.951461% D 0.027814  Mass   1  Val  0.6  AF:   0   0   0   0   0   0   0   0   0   0   0   0 100[37m
[31m==== Random ====  Wi 4.135004%  Mass 215  Val  1.0[37m                     
ActionSelect returning chosen action 12
Zero count = 0
sendAction 12 started.
Sending Action 12
Got ACK took 6.877173 seconds
sendAction 12 complete. 
Got data hor 20 (again) exp 268: got_data=1, check_again=0
Distances from exp 268 h=20 :
exp: 248 dist: 0.028269 val: 0.599000 actfreq: 12:1 
exp: 247 dist: 0.029580 val: 0.598000 actfreq: 12:1 
exp: 0 dist: 0.191131 val: 0.757000 actfreq: 12:247 
Probability List:
Hor:20 Exp:248 Dist:0.028269 Value:0.599000 -> Vi=749.570922
Hor:20 Exp:247 Dist:0.029580 Value:0.598000 -> Vi=683.446366
Hor:20 Exp:0 Dist:0.191131 Value:0.757000 -> Vi=5118.382701
Vi(Random)=247.839356
, sum(Vi)=6799.239345Roulette Num : 31.320000
Chosen experience: 0 hor 20
Action Probabilities for chosen experience:
0:0.000000 1:0.000000 2:0.000000 3:0.000000 4:0.000000 5:0.000000 6:0.000000 7:0.000000 8:0.000000 9:0.000000 10:0.000000 11:0.000000 12:1.000000 
Building distribution subset
Adding: Set item 0=Act 0  :  Freq 0.000000
Adding: Set item 1=Act 1  :  Freq 0.000000
Adding: Set item 2=Act 2  :  Freq 0.000000
Adding: Set item 3=Act 3  :  Freq 0.000000
Adding: Set item 4=Act 4  :  Freq 0.000000
Adding: Set item 5=Act 5  :  Freq 0.000000
Adding: Set item 6=Act 6  :  Freq 0.000000
Adding: Set item 7=Act 7  :  Freq 0.000000
Adding: Set item 8=Act 8  :  Freq 0.000000
Adding: Set item 9=Act 9  :  Freq 0.000000
Adding: Set item 10=Act 10  :  Freq 0.000000
Adding: Set item 11=Act 11  :  Freq 0.000000
Adding: Set item 12=Act 12  :  Freq 1.000000
Done, total freq = 1.000000
Subset of Action Probabilities:
Act 0: 0.000000 Act 1: 0.000000 Act 2: 0.000000 Act 3: 0.000000 Act 4: 0.000000 Act 5: 0.000000 Act 6: 0.000000 Act 7: 0.000000 Act 8: 0.000000 Act 9: 0.000000 Act 10: 0.000000 Act 11: 0.000000 Act 12: 1.000000 
chooseFromDistribution: r=2447
Dist: 0:0.000000=0 1:0.000000=0 2:0.000000=0 3:0.000000=0 4:0.000000=0 5:0.000000=0 6:0.000000=0 7:0.000000=0 8:0.000000=0 9:0.000000=0 10:0.000000=0 11:0.000000=0 12:1.000000=10000
Chose: 12
Choosing action 12 experience 0 horizon 20
Weighting: 
[32mExp     0 Hor  20  Wi 75.278755% D 0.191131  Mass 247  Val  0.8  AF:   0   0   0   0   0   0   0   0   0   0   0   0 100[37m ==> chosen Act: 12
[32mExp   248 Hor  20  Wi 11.024335% D 0.028269  Mass   1  Val  0.6  AF:   0   0   0   0   0   0   0   0   0   0   0   0 100[37m
[32mExp   247 Hor  20  Wi 10.051806% D 0.029580  Mass   1  Val  0.6  AF:   0   0   0   0   0   0   0   0   0   0   0   0 100[37m
[31m==== Random ====  Wi 3.645104%  Mass 249  Val  1.0[37m                     
ActionSelect returning chosen action 12
Zero count = 0
sendAction 12 started.
Sending Action 12
Got ACK took 6.940604 seconds
sendAction 12 complete. 
Got data hor 20 (again) exp 302: got_data=1, check_again=0
Distances from exp 302 h=20 :
exp: 290 dist: 0.353777 val: 0.599000 actfreq: 12:1 
exp: 0 dist: 0.488641 val: 0.723000 actfreq: 12:290 
Probability List:
Hor:20 Exp:290 Dist:0.353777 Value:0.599000 -> Vi=4.785953
Hor:20 Exp:0 Dist:0.488641 Value:0.723000 -> Vi=878.124887
Vi(Random)=289.450069
, sum(Vi)=1172.360909Roulette Num : 19.190000
Chosen experience: 0 hor 20
Action Probabilities for chosen experience:
0:0.000000 1:0.000000 2:0.000000 3:0.000000 4:0.000000 5:0.000000 6:0.000000 7:0.000000 8:0.000000 9:0.000000 10:0.000000 11:0.000000 12:1.000000 
Building distribution subset
Adding: Set item 0=Act 0  :  Freq 0.000000
Adding: Set item 1=Act 1  :  Freq 0.000000
Adding: Set item 2=Act 2  :  Freq 0.000000
Adding: Set item 3=Act 3  :  Freq 0.000000
Adding: Set item 4=Act 4  :  Freq 0.000000
Adding: Set item 5=Act 5  :  Freq 0.000000
Adding: Set item 6=Act 6  :  Freq 0.000000
Adding: Set item 7=Act 7  :  Freq 0.000000
Adding: Set item 8=Act 8  :  Freq 0.000000
Adding: Set item 9=Act 9  :  Freq 0.000000
Adding: Set item 10=Act 10  :  Freq 0.000000
Adding: Set item 11=Act 11  :  Freq 0.000000
Adding: Set item 12=Act 12  :  Freq 1.000000
Done, total freq = 1.000000
Subset of Action Probabilities:
Act 0: 0.000000 Act 1: 0.000000 Act 2: 0.000000 Act 3: 0.000000 Act 4: 0.000000 Act 5: 0.000000 Act 6: 0.000000 Act 7: 0.000000 Act 8: 0.000000 Act 9: 0.000000 Act 10: 0.000000 Act 11: 0.000000 Act 12: 1.000000 
chooseFromDistribution: r=28
Dist: 0:0.000000=0 1:0.000000=0 2:0.000000=0 3:0.000000=0 4:0.000000=0 5:0.000000=0 6:0.000000=0 7:0.000000=0 8:0.000000=0 9:0.000000=0 10:0.000000=0 11:0.000000=0 12:1.000000=10000
Chose: 12
Choosing action 12 experience 0 horizon 20
Weighting: 
[32mExp     0 Hor  20  Wi 74.902266% D 0.488641  Mass 290  Val  0.7  AF:   0   0   0   0   0   0   0   0   0   0   0   0 100[37m ==> chosen Act: 12
[31m==== Random ====  Wi 24.689502%  Mass 291  Val  1.0[37m                     
[32mExp   290 Hor  20  Wi 0.408232% D 0.353777  Mass   1  Val  0.6  AF:   0   0   0   0   0   0   0   0   0   0   0   0 100[37m
ActionSelect returning chosen action 12
Zero count = 0
sendAction 12 started.
Sending Action 12
Got ACK took 6.942267 seconds
sendAction 12 complete. 
Got data hor 20 (again) exp 337: got_data=1, check_again=0
Distances from exp 337 h=20 :
exp: 290 dist: 0.240810 val: 0.598000 actfreq: 12:9 
exp: 299 dist: 0.303910 val: 0.581000 actfreq: 12:1 
exp: 300 dist: 0.358631 val: 0.582000 actfreq: 12:1 
exp: 317 dist: 0.378329 val: 0.599000 actfreq: 12:1 
exp: 0 dist: 0.395431 val: 0.688000 actfreq: 12:290 
exp: 316 dist: 0.408742 val: 0.598000 actfreq: 12:1 
Probability List:
Hor:20 Exp:290 Dist:0.240810 Value:0.598000 -> Vi=92.810016
Hor:20 Exp:299 Dist:0.303910 Value:0.581000 -> Vi=6.290526
Hor:20 Exp:300 Dist:0.358631 Value:0.582000 -> Vi=4.525089
Hor:20 Exp:317 Dist:0.378329 Value:0.599000 -> Vi=4.184932
Hor:20 Exp:0 Dist:0.395431 Value:0.688000 -> Vi=1275.980204
Hor:20 Exp:316 Dist:0.408742 Value:0.598000 -> Vi=3.579333
Vi(Random)=301.184727
, sum(Vi)=1688.554825Roulette Num : 35.560000
Chosen experience: 0 hor 20
Action Probabilities for chosen experience:
0:0.000000 1:0.000000 2:0.000000 3:0.000000 4:0.000000 5:0.000000 6:0.000000 7:0.000000 8:0.000000 9:0.000000 10:0.000000 11:0.000000 12:1.000000 
Building distribution subset
Adding: Set item 0=Act 0  :  Freq 0.000000
Adding: Set item 1=Act 1  :  Freq 0.000000
Adding: Set item 2=Act 2  :  Freq 0.000000
Adding: Set item 3=Act 3  :  Freq 0.000000
Adding: Set item 4=Act 4  :  Freq 0.000000
Adding: Set item 5=Act 5  :  Freq 0.000000
Adding: Set item 6=Act 6  :  Freq 0.000000
Adding: Set item 7=Act 7  :  Freq 0.000000
Adding: Set item 8=Act 8  :  Freq 0.000000
Adding: Set item 9=Act 9  :  Freq 0.000000
Adding: Set item 10=Act 10  :  Freq 0.000000
Adding: Set item 11=Act 11  :  Freq 0.000000
Adding: Set item 12=Act 12  :  Freq 1.000000
Done, total freq = 1.000000
Subset of Action Probabilities:
Act 0: 0.000000 Act 1: 0.000000 Act 2: 0.000000 Act 3: 0.000000 Act 4: 0.000000 Act 5: 0.000000 Act 6: 0.000000 Act 7: 0.000000 Act 8: 0.000000 Act 9: 0.000000 Act 10: 0.000000 Act 11: 0.000000 Act 12: 1.000000 
chooseFromDistribution: r=9171
Dist: 0:0.000000=0 1:0.000000=0 2:0.000000=0 3:0.000000=0 4:0.000000=0 5:0.000000=0 6:0.000000=0 7:0.000000=0 8:0.000000=0 9:0.000000=0 10:0.000000=0 11:0.000000=0 12:1.000000=10000
Chose: 12
Choosing action 12 experience 0 horizon 20
Weighting: 
[32mExp     0 Hor  20  Wi 75.566407% D 0.395431  Mass 290  Val  0.7  AF:   0   0   0   0   0   0   0   0   0   0   0   0 100[37m ==> chosen Act: 12
[31m==== Random ====  Wi 17.836834%  Mass 303  Val  1.0[37m                     
[32mExp   290 Hor  20  Wi 5.496417% D 0.240810  Mass   9  Val  0.6  AF:   0   0   0   0   0   0   0   0   0   0   0   0 100[37m
[32mExp   299 Hor  20  Wi 0.372539% D 0.303910  Mass   1  Val  0.6  AF:   0   0   0   0   0   0   0   0   0   0   0   0 100[37m
[32mExp   300 Hor  20  Wi 0.267986% D 0.358631  Mass   1  Val  0.6  AF:   0   0   0   0   0   0   0   0   0   0   0   0 100[37m
[32mExp   317 Hor  20  Wi 0.247841% D 0.378329  Mass   1  Val  0.6  AF:   0   0   0   0   0   0   0   0   0   0   0   0 100[37m
[32mExp   316 Hor  20  Wi 0.211976% D 0.408742  Mass   1  Val  0.6  AF:   0   0   0   0   0   0   0   0   0   0   0   0 100[37m
ActionSelect returning chosen action 12
Zero count = 0
sendAction 12 started.
Sending Action 12
Got ACK took 6.875235 seconds
sendAction 12 complete. 
Got data hor 20 (again) exp 371: got_data=1, check_again=0
Distances from exp 371 h=20 :
exp: 290 dist: 0.047517 val: 0.598000 actfreq: 12:9 
exp: 0 dist: 0.208846 val: 0.654000 actfreq: 12:290 
exp: 337 dist: 0.236970 val: 0.585000 actfreq: 12:1 
exp: 299 dist: 0.246164 val: 0.547000 actfreq: 12:1 
exp: 333 dist: 0.268366 val: 0.581000 actfreq: 12:4 
exp: 316 dist: 0.272407 val: 0.564000 actfreq: 12:1 
Probability List:
Hor:20 Exp:290 Dist:0.047517 Value:0.598000 -> Vi=2383.701300
Hor:20 Exp:0 Dist:0.208846 Value:0.654000 -> Vi=4348.327375
Hor:20 Exp:337 Dist:0.236970 Value:0.585000 -> Vi=10.417670
Hor:20 Exp:299 Dist:0.246164 Value:0.547000 -> Vi=9.026922
Hor:20 Exp:333 Dist:0.268366 Value:0.581000 -> Vi=32.268659
Hor:20 Exp:316 Dist:0.272407 Value:0.564000 -> Vi=7.600526
Vi(Random)=303.963400
, sum(Vi)=7095.305851Roulette Num : 96.950000
Choosing random action 5 from set 
Behaviour Set : 0 1 2 3 4 5 6 7 8 9 10 11 12 
Weighting: 
[32mExp     0 Hor  20  Wi 61.284566% D 0.208846  Mass 290  Val  0.7  AF:   0   0   0   0   0   0   0   0   0   0   0   0 100[37m
[32mExp   290 Hor  20  Wi 33.595469% D 0.047517  Mass   9  Val  0.6  AF:   0   0   0   0   0   0   0   0   0   0   0   0 100[37m
[31m==== Random ====  Wi 4.284007%  Mass 306  Val  1.0[37m                      ==> random Act: 5
[32mExp   333 Hor  20  Wi 0.454789% D 0.268366  Mass   4  Val  0.6  AF:   0   0   0   0   0   0   0   0   0   0   0   0 100[37m
[32mExp   337 Hor  20  Wi 0.146825% D 0.236970  Mass   1  Val  0.6  AF:   0   0   0   0   0   0   0   0   0   0   0   0 100[37m
[32mExp   299 Hor  20  Wi 0.127224% D 0.246164  Mass   1  Val  0.5  AF:   0   0   0   0   0   0   0   0   0   0   0   0 100[37m
[32mExp   316 Hor  20  Wi 0.107120% D 0.272407  Mass   1  Val  0.6  AF:   0   0   0   0   0   0   0   0   0   0   0   0 100[37m
ActionSelect returning random action 5
Zero count = 0
sendAction 5 started.
Sending Action 5
Got ACK took 0.016252 seconds
sendAction 5 complete. 
Got data hor 20 (again) exp 372: got_data=1, check_again=0
Distances from exp 372 h=20 :
exp: 290 dist: 0.035296 val: 0.598000 actfreq: 12:9 
exp: 0 dist: 0.199568 val: 0.653000 actfreq: 12:290 
exp: 337 dist: 0.233453 val: 0.584000 actfreq: 12:1 
exp: 299 dist: 0.236264 val: 0.546000 actfreq: 12:1 
exp: 333 dist: 0.260417 val: 0.580000 actfreq: 12:4 
exp: 316 dist: 0.264000 val: 0.563000 actfreq: 12:1 
Probability List:
Hor:20 Exp:290 Dist:0.035296 Value:0.598000 -> Vi=4320.203950
Hor:20 Exp:0 Dist:0.199568 Value:0.653000 -> Vi=4754.768963
Hor:20 Exp:337 Dist:0.233453 Value:0.584000 -> Vi=10.715525
Hor:20 Exp:299 Dist:0.236264 Value:0.546000 -> Vi=9.781361
Hor:20 Exp:333 Dist:0.260417 Value:0.580000 -> Vi=34.209654
Hor:20 Exp:316 Dist:0.264000 Value:0.563000 -> Vi=8.077957
Vi(Random)=303.760114
, sum(Vi)=9441.517524Roulette Num : 30.730000
Chosen experience: 0 hor 20
Action Probabilities for chosen experience:
0:0.000000 1:0.000000 2:0.000000 3:0.000000 4:0.000000 5:0.000000 6:0.000000 7:0.000000 8:0.000000 9:0.000000 10:0.000000 11:0.000000 12:1.000000 
Building distribution subset
Adding: Set item 0=Act 0  :  Freq 0.000000
Adding: Set item 1=Act 1  :  Freq 0.000000
Adding: Set item 2=Act 2  :  Freq 0.000000
Adding: Set item 3=Act 3  :  Freq 0.000000
Adding: Set item 4=Act 4  :  Freq 0.000000
Adding: Set item 5=Act 5  :  Freq 0.000000
Adding: Set item 6=Act 6  :  Freq 0.000000
Adding: Set item 7=Act 7  :  Freq 0.000000
Adding: Set item 8=Act 8  :  Freq 0.000000
Adding: Set item 9=Act 9  :  Freq 0.000000
Adding: Set item 10=Act 10  :  Freq 0.000000
Adding: Set item 11=Act 11  :  Freq 0.000000
Adding: Set item 12=Act 12  :  Freq 1.000000
Done, total freq = 1.000000
Subset of Action Probabilities:
Act 0: 0.000000 Act 1: 0.000000 Act 2: 0.000000 Act 3: 0.000000 Act 4: 0.000000 Act 5: 0.000000 Act 6: 0.000000 Act 7: 0.000000 Act 8: 0.000000 Act 9: 0.000000 Act 10: 0.000000 Act 11: 0.000000 Act 12: 1.000000 
chooseFromDistribution: r=5871
Dist: 0:0.000000=0 1:0.000000=0 2:0.000000=0 3:0.000000=0 4:0.000000=0 5:0.000000=0 6:0.000000=0 7:0.000000=0 8:0.000000=0 9:0.000000=0 10:0.000000=0 11:0.000000=0 12:1.000000=10000
Chose: 12
Choosing action 12 experience 0 horizon 20
Weighting: 
[32mExp     0 Hor  20  Wi 50.360220% D 0.199568  Mass 290  Val  0.7  AF:   0   0   0   0   0   0   0   0   0   0   0   0 100[37m ==> chosen Act: 12
[32mExp   290 Hor  20  Wi 45.757517% D 0.035296  Mass   9  Val  0.6  AF:   0   0   0   0   0   0   0   0   0   0   0   0 100[37m
[31m==== Random ====  Wi 3.217281%  Mass 306  Val  1.0[37m                     
[32mExp   333 Hor  20  Wi 0.362332% D 0.260417  Mass   4  Val  0.6  AF:   0   0   0   0   0   0   0   0   0   0   0   0 100[37m
[32mExp   337 Hor  20  Wi 0.113494% D 0.233453  Mass   1  Val  0.6  AF:   0   0   0   0   0   0   0   0   0   0   0   0 100[37m
[32mExp   299 Hor  20  Wi 0.103599% D 0.236264  Mass   1  Val  0.5  AF:   0   0   0   0   0   0   0   0   0   0   0   0 100[37m
[32mExp   316 Hor  20  Wi 0.085558% D 0.264000  Mass   1  Val  0.6  AF:   0   0   0   0   0   0   0   0   0   0   0   0 100[37m
ActionSelect returning chosen action 12
Zero count = 0
sendAction 12 started.
Sending Action 12
Got ACK took 6.988734 seconds
sendAction 12 complete. 
Got data hor 20 (again) exp 406: got_data=1, check_again=0
Distances from exp 406 h=20 :
exp: 405 dist: 0.013871 val: 0.599000 actfreq: 
exp: 385 dist: 0.022973 val: 0.598000 actfreq: 12:20 
exp: 0 dist: 0.196372 val: 0.619000 actfreq: 12:309 
exp: 337 dist: 0.223842 val: 0.550000 actfreq: 12:1 
exp: 299 dist: 0.227946 val: 0.512000 actfreq: 12:1 
exp: 359 dist: 0.233006 val: 0.572000 actfreq: 5:1 12:15 
Probability List:
Hor:20 Exp:405 Dist:0.013871 Value:0.599000 -> Vi=0.000000
Hor:20 Exp:385 Dist:0.022973 Value:0.598000 -> Vi=22661.144648
Hor:20 Exp:0 Dist:0.196372 Value:0.619000 -> Vi=4960.119805
Hor:20 Exp:337 Dist:0.223842 Value:0.550000 -> Vi=10.976852
Hor:20 Exp:299 Dist:0.227946 Value:0.512000 -> Vi=9.853822
Hor:20 Exp:359 Dist:0.233006 Value:0.572000 -> Vi=168.570113
Vi(Random)=344.229552
, sum(Vi)=28154.894793Roulette Num : 56.340000
Chosen experience: 385 hor 20
Action Probabilities for chosen experience:
0:0.000000 1:0.000000 2:0.000000 3:0.000000 4:0.000000 5:0.000000 6:0.000000 7:0.000000 8:0.000000 9:0.000000 10:0.000000 11:0.000000 12:1.000000 
Building distribution subset
Adding: Set item 0=Act 0  :  Freq 0.000000
Adding: Set item 1=Act 1  :  Freq 0.000000
Adding: Set item 2=Act 2  :  Freq 0.000000
Adding: Set item 3=Act 3  :  Freq 0.000000
Adding: Set item 4=Act 4  :  Freq 0.000000
Adding: Set item 5=Act 5  :  Freq 0.000000
Adding: Set item 6=Act 6  :  Freq 0.000000
Adding: Set item 7=Act 7  :  Freq 0.000000
Adding: Set item 8=Act 8  :  Freq 0.000000
Adding: Set item 9=Act 9  :  Freq 0.000000
Adding: Set item 10=Act 10  :  Freq 0.000000
Adding: Set item 11=Act 11  :  Freq 0.000000
Adding: Set item 12=Act 12  :  Freq 1.000000
Done, total freq = 1.000000
Subset of Action Probabilities:
Act 0: 0.000000 Act 1: 0.000000 Act 2: 0.000000 Act 3: 0.000000 Act 4: 0.000000 Act 5: 0.000000 Act 6: 0.000000 Act 7: 0.000000 Act 8: 0.000000 Act 9: 0.000000 Act 10: 0.000000 Act 11: 0.000000 Act 12: 1.000000 
chooseFromDistribution: r=7399
Dist: 0:0.000000=0 1:0.000000=0 2:0.000000=0 3:0.000000=0 4:0.000000=0 5:0.000000=0 6:0.000000=0 7:0.000000=0 8:0.000000=0 9:0.000000=0 10:0.000000=0 11:0.000000=0 12:1.000000=10000
Chose: 12
Choosing action 12 experience 385 horizon 20
Weighting: 
[32mExp   385 Hor  20  Wi 80.487407% D 0.022973  Mass  20  Val  0.6  AF:   0   0   0   0   0   0   0   0   0   0   0   0 100[37m ==> chosen Act: 12
[32mExp     0 Hor  20  Wi 17.617256% D 0.196372  Mass 309  Val  0.6  AF:   0   0   0   0   0   0   0   0   0   0   0   0 100[37m
[31m==== Random ====  Wi 1.222628%  Mass 347  Val  1.0[37m                     
[32mExp   359 Hor  20  Wi 0.598724% D 0.233006  Mass  16  Val  0.6  AF:   0   0   0   0   0   6   0   0   0   0   0   0  94[37m
[32mExp   337 Hor  20  Wi 0.038987% D 0.223842  Mass   1  Val  0.5  AF:   0   0   0   0   0   0   0   0   0   0   0   0 100[37m
[32mExp   299 Hor  20  Wi 0.034999% D 0.227946  Mass   1  Val  0.5  AF:   0   0   0   0   0   0   0   0   0   0   0   0 100[37m
[32mExp   405 Hor  20  Wi 0.000000% D 0.013871  Mass   0  Val  0.6  AF: nan nan nan nan nan nan nan nan nan nan nan nan nan[37m
ActionSelect returning chosen action 12
Zero count = 0
sendAction 12 started.
Sending Action 12
Got ACK took 6.942053 seconds
sendAction 12 complete. 
Got data hor 20 (again) exp 441: got_data=1, check_again=0
Distances from exp 441 h=20 :
exp: 421 dist: 0.025229 val: 0.599000 actfreq: 12:1 
exp: 419 dist: 0.025437 val: 0.598000 actfreq: 12:2 
exp: 420 dist: 0.027206 val: 0.598000 actfreq: 12:1 
exp: 0 dist: 0.199157 val: 0.595000 actfreq: 12:329 
exp: 337 dist: 0.226206 val: 0.515000 actfreq: 12:1 
exp: 299 dist: 0.230310 val: 0.477000 actfreq: 12:1 
Probability List:
Hor:20 Exp:421 Dist:0.025229 Value:0.599000 -> Vi=941.069222
Hor:20 Exp:419 Dist:0.025437 Value:0.598000 -> Vi=1848.420430
Hor:20 Exp:420 Dist:0.027206 Value:0.598000 -> Vi=807.905711
Hor:20 Exp:0 Dist:0.199157 Value:0.595000 -> Vi=4935.393436
Hor:20 Exp:337 Dist:0.226206 Value:0.515000 -> Vi=10.064630
Hor:20 Exp:299 Dist:0.230310 Value:0.477000 -> Vi=8.992740
Vi(Random)=332.102957
, sum(Vi)=8883.949126Roulette Num : 77.490000
Chosen experience: 421 hor 20
Action Probabilities for chosen experience:
0:0.000000 1:0.000000 2:0.000000 3:0.000000 4:0.000000 5:0.000000 6:0.000000 7:0.000000 8:0.000000 9:0.000000 10:0.000000 11:0.000000 12:1.000000 
Building distribution subset
Adding: Set item 0=Act 0  :  Freq 0.000000
Adding: Set item 1=Act 1  :  Freq 0.000000
Adding: Set item 2=Act 2  :  Freq 0.000000
Adding: Set item 3=Act 3  :  Freq 0.000000
Adding: Set item 4=Act 4  :  Freq 0.000000
Adding: Set item 5=Act 5  :  Freq 0.000000
Adding: Set item 6=Act 6  :  Freq 0.000000
Adding: Set item 7=Act 7  :  Freq 0.000000
Adding: Set item 8=Act 8  :  Freq 0.000000
Adding: Set item 9=Act 9  :  Freq 0.000000
Adding: Set item 10=Act 10  :  Freq 0.000000
Adding: Set item 11=Act 11  :  Freq 0.000000
Adding: Set item 12=Act 12  :  Freq 1.000000
Done, total freq = 1.000000
Subset of Action Probabilities:
Act 0: 0.000000 Act 1: 0.000000 Act 2: 0.000000 Act 3: 0.000000 Act 4: 0.000000 Act 5: 0.000000 Act 6: 0.000000 Act 7: 0.000000 Act 8: 0.000000 Act 9: 0.000000 Act 10: 0.000000 Act 11: 0.000000 Act 12: 1.000000 
chooseFromDistribution: r=988
Dist: 0:0.000000=0 1:0.000000=0 2:0.000000=0 3:0.000000=0 4:0.000000=0 5:0.000000=0 6:0.000000=0 7:0.000000=0 8:0.000000=0 9:0.000000=0 10:0.000000=0 11:0.000000=0 12:1.000000=10000
Chose: 12
Choosing action 12 experience 421 horizon 20
Weighting: 
[32mExp     0 Hor  20  Wi 55.554049% D 0.199157  Mass 329  Val  0.6  AF:   0   0   0   0   0   0   0   0   0   0   0   0 100[37m
[32mExp   419 Hor  20  Wi 20.806292% D 0.025437  Mass   2  Val  0.6  AF:   0   0   0   0   0   0   0   0   0   0   0   0 100[37m
[32mExp   421 Hor  20  Wi 10.592915% D 0.025229  Mass   1  Val  0.6  AF:   0   0   0   0   0   0   0   0   0   0   0   0 100[37m ==> chosen Act: 12
[32mExp   420 Hor  20  Wi 9.093993% D 0.027206  Mass   1  Val  0.6  AF:   0   0   0   0   0   0   0   0   0   0   0   0 100[37m
[31m==== Random ====  Wi 3.738236%  Mass 335  Val  1.0[37m                     
[32mExp   337 Hor  20  Wi 0.113290% D 0.226206  Mass   1  Val  0.5  AF:   0   0   0   0   0   0   0   0   0   0   0   0 100[37m
[32mExp   299 Hor  20  Wi 0.101225% D 0.230310  Mass   1  Val  0.5  AF:   0   0   0   0   0   0   0   0   0   0   0   0 100[37m
ActionSelect returning chosen action 12
Zero count = 0
sendAction 12 started.
Sending Action 12
Got ACK took 6.941682 seconds
sendAction 12 complete. 
Got data hor 20 (again) exp 476: got_data=1, check_again=0
Distances from exp 476 h=20 :
exp: 472 dist: 0.025824 val: 0.599000 actfreq: 12:1 
exp: 0 dist: 0.199534 val: 0.595000 actfreq: 12:353 
exp: 337 dist: 0.222833 val: 0.480000 actfreq: 12:1 
exp: 299 dist: 0.231709 val: 0.442000 actfreq: 12:1 
exp: 359 dist: 0.235370 val: 0.502000 actfreq: 5:1 12:58 
exp: 333 dist: 0.256544 val: 0.476000 actfreq: 12:4 
Probability List:
Hor:20 Exp:472 Dist:0.025824 Value:0.599000 -> Vi=898.229686
Hor:20 Exp:0 Dist:0.199534 Value:0.595000 -> Vi=5275.419675
Hor:20 Exp:337 Dist:0.222833 Value:0.480000 -> Vi=9.666806
Hor:20 Exp:299 Dist:0.231709 Value:0.442000 -> Vi=8.232603
Hor:20 Exp:359 Dist:0.235370 Value:0.502000 -> Vi=534.629375
Hor:20 Exp:333 Dist:0.256544 Value:0.476000 -> Vi=28.929681
Vi(Random)=415.098458
, sum(Vi)=7170.206283Roulette Num : 35.590000
Chosen experience: 0 hor 20
Action Probabilities for chosen experience:
0:0.000000 1:0.000000 2:0.000000 3:0.000000 4:0.000000 5:0.000000 6:0.000000 7:0.000000 8:0.000000 9:0.000000 10:0.000000 11:0.000000 12:1.000000 
Building distribution subset
Adding: Set item 0=Act 0  :  Freq 0.000000
Adding: Set item 1=Act 1  :  Freq 0.000000
Adding: Set item 2=Act 2  :  Freq 0.000000
Adding: Set item 3=Act 3  :  Freq 0.000000
Adding: Set item 4=Act 4  :  Freq 0.000000
Adding: Set item 5=Act 5  :  Freq 0.000000
Adding: Set item 6=Act 6  :  Freq 0.000000
Adding: Set item 7=Act 7  :  Freq 0.000000
Adding: Set item 8=Act 8  :  Freq 0.000000
Adding: Set item 9=Act 9  :  Freq 0.000000
Adding: Set item 10=Act 10  :  Freq 0.000000
Adding: Set item 11=Act 11  :  Freq 0.000000
Adding: Set item 12=Act 12  :  Freq 1.000000
Done, total freq = 1.000000
Subset of Action Probabilities:
Act 0: 0.000000 Act 1: 0.000000 Act 2: 0.000000 Act 3: 0.000000 Act 4: 0.000000 Act 5: 0.000000 Act 6: 0.000000 Act 7: 0.000000 Act 8: 0.000000 Act 9: 0.000000 Act 10: 0.000000 Act 11: 0.000000 Act 12: 1.000000 
chooseFromDistribution: r=378
Dist: 0:0.000000=0 1:0.000000=0 2:0.000000=0 3:0.000000=0 4:0.000000=0 5:0.000000=0 6:0.000000=0 7:0.000000=0 8:0.000000=0 9:0.000000=0 10:0.000000=0 11:0.000000=0 12:1.000000=10000
Chose: 12
Choosing action 12 experience 0 horizon 20
Weighting: 
[32mExp     0 Hor  20  Wi 73.574169% D 0.199534  Mass 353  Val  0.6  AF:   0   0   0   0   0   0   0   0   0   0   0   0 100[37m ==> chosen Act: 12
[32mExp   472 Hor  20  Wi 12.527250% D 0.025824  Mass   1  Val  0.6  AF:   0   0   0   0   0   0   0   0   0   0   0   0 100[37m
[32mExp   359 Hor  20  Wi 7.456262% D 0.235370  Mass  59  Val  0.5  AF:   0   0   0   0   0   2   0   0   0   0   0   0  98[37m
[31m==== Random ====  Wi 5.789212%  Mass 419  Val  1.0[37m                     
[32mExp   333 Hor  20  Wi 0.403471% D 0.256544  Mass   4  Val  0.5  AF:   0   0   0   0   0   0   0   0   0   0   0   0 100[37m
[32mExp   337 Hor  20  Wi 0.134819% D 0.222833  Mass   1  Val  0.5  AF:   0   0   0   0   0   0   0   0   0   0   0   0 100[37m
[32mExp   299 Hor  20  Wi 0.114817% D 0.231709  Mass   1  Val  0.4  AF:   0   0   0   0   0   0   0   0   0   0   0   0 100[37m
ActionSelect returning chosen action 12
Zero count = 0
sendAction 12 started.
Sending Action 12
Got ACK took 6.875443 seconds
sendAction 12 complete. 
Got data hor 20 (again) exp 510: got_data=1, check_again=0
Distances from exp 510 h=20 :
exp: 491 dist: 0.025625 val: 0.599000 actfreq: 12:13 
exp: 487 dist: 0.028659 val: 0.598000 actfreq: 12:4 
exp: 0 dist: 0.197734 val: 0.595000 actfreq: 12:371 
exp: 337 dist: 0.227041 val: 0.446000 actfreq: 12:1 
exp: 299 dist: 0.231145 val: 0.408000 actfreq: 12:1 
exp: 359 dist: 0.236205 val: 0.468000 actfreq: 5:1 12:58 
Probability List:
Hor:20 Exp:491 Dist:0.025625 Value:0.599000 -> Vi=11858.978881
Hor:20 Exp:487 Dist:0.028659 Value:0.598000 -> Vi=2912.233228
Hor:20 Exp:0 Dist:0.197734 Value:0.595000 -> Vi=5645.840071
Hor:20 Exp:337 Dist:0.227041 Value:0.446000 -> Vi=8.652169
Hor:20 Exp:299 Dist:0.231145 Value:0.408000 -> Vi=7.636427
Hor:20 Exp:359 Dist:0.236205 Value:0.468000 -> Vi=494.901565
Vi(Random)=444.521225
, sum(Vi)=21372.763567Roulette Num : 38.420000
Chosen experience: 491 hor 20
Action Probabilities for chosen experience:
0:0.000000 1:0.000000 2:0.000000 3:0.000000 4:0.000000 5:0.000000 6:0.000000 7:0.000000 8:0.000000 9:0.000000 10:0.000000 11:0.000000 12:1.000000 
Building distribution subset
Adding: Set item 0=Act 0  :  Freq 0.000000
Adding: Set item 1=Act 1  :  Freq 0.000000
Adding: Set item 2=Act 2  :  Freq 0.000000
Adding: Set item 3=Act 3  :  Freq 0.000000
Adding: Set item 4=Act 4  :  Freq 0.000000
Adding: Set item 5=Act 5  :  Freq 0.000000
Adding: Set item 6=Act 6  :  Freq 0.000000
Adding: Set item 7=Act 7  :  Freq 0.000000
Adding: Set item 8=Act 8  :  Freq 0.000000
Adding: Set item 9=Act 9  :  Freq 0.000000
Adding: Set item 10=Act 10  :  Freq 0.000000
Adding: Set item 11=Act 11  :  Freq 0.000000
Adding: Set item 12=Act 12  :  Freq 1.000000
Done, total freq = 1.000000
Subset of Action Probabilities:
Act 0: 0.000000 Act 1: 0.000000 Act 2: 0.000000 Act 3: 0.000000 Act 4: 0.000000 Act 5: 0.000000 Act 6: 0.000000 Act 7: 0.000000 Act 8: 0.000000 Act 9: 0.000000 Act 10: 0.000000 Act 11: 0.000000 Act 12: 1.000000 
chooseFromDistribution: r=6564
Dist: 0:0.000000=0 1:0.000000=0 2:0.000000=0 3:0.000000=0 4:0.000000=0 5:0.000000=0 6:0.000000=0 7:0.000000=0 8:0.000000=0 9:0.000000=0 10:0.000000=0 11:0.000000=0 12:1.000000=10000
Chose: 12
Choosing action 12 experience 491 horizon 20
Weighting: 
[32mExp   491 Hor  20  Wi 55.486408% D 0.025625  Mass  13  Val  0.6  AF:   0   0   0   0   0   0   0   0   0   0   0   0 100[37m ==> chosen Act: 12
[32mExp     0 Hor  20  Wi 26.416051% D 0.197734  Mass 371  Val  0.6  AF:   0   0   0   0   0   0   0   0   0   0   0   0 100[37m
[32mExp   487 Hor  20  Wi 13.625909% D 0.028659  Mass   4  Val  0.6  AF:   0   0   0   0   0   0   0   0   0   0   0   0 100[37m
[32mExp   359 Hor  20  Wi 2.315571% D 0.236205  Mass  59  Val  0.5  AF:   0   0   0   0   0   2   0   0   0   0   0   0  98[37m
[31m==== Random ====  Wi 2.079849%  Mass 449  Val  1.0[37m                     
[32mExp   337 Hor  20  Wi 0.040482% D 0.227041  Mass   1  Val  0.4  AF:   0   0   0   0   0   0   0   0   0   0   0   0 100[37m
[32mExp   299 Hor  20  Wi 0.035730% D 0.231145  Mass   1  Val  0.4  AF:   0   0   0   0   0   0   0   0   0   0   0   0 100[37m
ActionSelect returning chosen action 12
Zero count = 0
sendAction 12 started.
Sending Action 12
Got ACK took 6.942233 seconds
sendAction 12 complete. 
Got data hor 20 (again) exp 545: got_data=1, check_again=0
Distances from exp 545 h=20 :
exp: 525 dist: 0.024172 val: 0.599000 actfreq: 12:1 
exp: 524 dist: 0.025125 val: 0.598000 actfreq: 12:1 
exp: 523 dist: 0.025281 val: 0.598000 actfreq: 12:3 
exp: 0 dist: 0.197865 val: 0.598000 actfreq: 12:393 
exp: 337 dist: 0.220950 val: 0.411000 actfreq: 12:1 
exp: 359 dist: 0.233488 val: 0.433000 actfreq: 5:1 12:69 
Probability List:
Hor:20 Exp:525 Dist:0.024172 Value:0.599000 -> Vi=1025.182763
Hor:20 Exp:524 Dist:0.025125 Value:0.598000 -> Vi=947.313912
Hor:20 Exp:523 Dist:0.025281 Value:0.598000 -> Vi=2806.847441
Hor:20 Exp:0 Dist:0.197865 Value:0.598000 -> Vi=6002.817583
Hor:20 Exp:337 Dist:0.220950 Value:0.411000 -> Vi=8.418853
Hor:20 Exp:359 Dist:0.233488 Value:0.433000 -> Vi=555.978922
Vi(Random)=464.010674
, sum(Vi)=11810.570147Roulette Num : 11.350000
Chosen experience: 0 hor 20
Action Probabilities for chosen experience:
0:0.000000 1:0.000000 2:0.000000 3:0.000000 4:0.000000 5:0.000000 6:0.000000 7:0.000000 8:0.000000 9:0.000000 10:0.000000 11:0.000000 12:1.000000 
Building distribution subset
Adding: Set item 0=Act 0  :  Freq 0.000000
Adding: Set item 1=Act 1  :  Freq 0.000000
Adding: Set item 2=Act 2  :  Freq 0.000000
Adding: Set item 3=Act 3  :  Freq 0.000000
Adding: Set item 4=Act 4  :  Freq 0.000000
Adding: Set item 5=Act 5  :  Freq 0.000000
Adding: Set item 6=Act 6  :  Freq 0.000000
Adding: Set item 7=Act 7  :  Freq 0.000000
Adding: Set item 8=Act 8  :  Freq 0.000000
Adding: Set item 9=Act 9  :  Freq 0.000000
Adding: Set item 10=Act 10  :  Freq 0.000000
Adding: Set item 11=Act 11  :  Freq 0.000000
Adding: Set item 12=Act 12  :  Freq 1.000000
Done, total freq = 1.000000
Subset of Action Probabilities:
Act 0: 0.000000 Act 1: 0.000000 Act 2: 0.000000 Act 3: 0.000000 Act 4: 0.000000 Act 5: 0.000000 Act 6: 0.000000 Act 7: 0.000000 Act 8: 0.000000 Act 9: 0.000000 Act 10: 0.000000 Act 11: 0.000000 Act 12: 1.000000 
chooseFromDistribution: r=7380
Dist: 0:0.000000=0 1:0.000000=0 2:0.000000=0 3:0.000000=0 4:0.000000=0 5:0.000000=0 6:0.000000=0 7:0.000000=0 8:0.000000=0 9:0.000000=0 10:0.000000=0 11:0.000000=0 12:1.000000=10000
Chose: 12
Choosing action 12 experience 0 horizon 20
Weighting: 
[32mExp     0 Hor  20  Wi 50.825807% D 0.197865  Mass 393  Val  0.6  AF:   0   0   0   0   0   0   0   0   0   0   0   0 100[37m ==> chosen Act: 12
[32mExp   523 Hor  20  Wi 23.765554% D 0.025281  Mass   3  Val  0.6  AF:   0   0   0   0   0   0   0   0   0   0   0   0 100[37m
[32mExp   525 Hor  20  Wi 8.680214% D 0.024172  Mass   1  Val  0.6  AF:   0   0   0   0   0   0   0   0   0   0   0   0 100[37m
[32mExp   524 Hor  20  Wi 8.020899% D 0.025125  Mass   1  Val  0.6  AF:   0   0   0   0   0   0   0   0   0   0   0   0 100[37m
[32mExp   359 Hor  20  Wi 4.707469% D 0.233488  Mass  70  Val  0.4  AF:   0   0   0   0   0   1   0   0   0   0   0   0  99[37m
[31m==== Random ====  Wi 3.928775%  Mass 469  Val  1.0[37m                     
[32mExp   337 Hor  20  Wi 0.071282% D 0.220950  Mass   1  Val  0.4  AF:   0   0   0   0   0   0   0   0   0   0   0   0 100[37m
ActionSelect returning chosen action 12
Zero count = 0
sendAction 12 started.
Sending Action 12
Got ACK took 6.873562 seconds
sendAction 12 complete. 
Got data hor 20 (again) exp 580: got_data=1, check_again=0
Distances from exp 580 h=20 :
exp: 560 dist: 0.032989 val: 0.599000 actfreq: 12:9 
exp: 559 dist: 0.035341 val: 0.598000 actfreq: 12:1 
exp: 0 dist: 0.207239 val: 0.588000 actfreq: 12:417 
Probability List:
Hor:20 Exp:560 Dist:0.032989 Value:0.599000 -> Vi=4953.699775
Hor:20 Exp:559 Dist:0.035341 Value:0.598000 -> Vi=478.783486
Hor:20 Exp:0 Dist:0.207239 Value:0.588000 -> Vi=5709.119686
Vi(Random)=422.174378
, sum(Vi)=11563.777325Roulette Num : 71.540000
Chosen experience: 560 hor 20
Action Probabilities for chosen experience:
0:0.000000 1:0.000000 2:0.000000 3:0.000000 4:0.000000 5:0.000000 6:0.000000 7:0.000000 8:0.000000 9:0.000000 10:0.000000 11:0.000000 12:1.000000 
Building distribution subset
Adding: Set item 0=Act 0  :  Freq 0.000000
Adding: Set item 1=Act 1  :  Freq 0.000000
Adding: Set item 2=Act 2  :  Freq 0.000000
Adding: Set item 3=Act 3  :  Freq 0.000000
Adding: Set item 4=Act 4  :  Freq 0.000000
Adding: Set item 5=Act 5  :  Freq 0.000000
Adding: Set item 6=Act 6  :  Freq 0.000000
Adding: Set item 7=Act 7  :  Freq 0.000000
Adding: Set item 8=Act 8  :  Freq 0.000000
Adding: Set item 9=Act 9  :  Freq 0.000000
Adding: Set item 10=Act 10  :  Freq 0.000000
Adding: Set item 11=Act 11  :  Freq 0.000000
Adding: Set item 12=Act 12  :  Freq 1.000000
Done, total freq = 1.000000
Subset of Action Probabilities:
Act 0: 0.000000 Act 1: 0.000000 Act 2: 0.000000 Act 3: 0.000000 Act 4: 0.000000 Act 5: 0.000000 Act 6: 0.000000 Act 7: 0.000000 Act 8: 0.000000 Act 9: 0.000000 Act 10: 0.000000 Act 11: 0.000000 Act 12: 1.000000 
chooseFromDistribution: r=5348
Dist: 0:0.000000=0 1:0.000000=0 2:0.000000=0 3:0.000000=0 4:0.000000=0 5:0.000000=0 6:0.000000=0 7:0.000000=0 8:0.000000=0 9:0.000000=0 10:0.000000=0 11:0.000000=0 12:1.000000=10000
Chose: 12
Choosing action 12 experience 560 horizon 20
Weighting: 
[32mExp     0 Hor  20  Wi 49.370716% D 0.207239  Mass 417  Val  0.6  AF:   0   0   0   0   0   0   0   0   0   0   0   0 100[37m
[32mExp   560 Hor  20  Wi 42.838076% D 0.032989  Mass   9  Val  0.6  AF:   0   0   0   0   0   0   0   0   0   0   0   0 100[37m ==> chosen Act: 12
[32mExp   559 Hor  20  Wi 4.140373% D 0.035341  Mass   1  Val  0.6  AF:   0   0   0   0   0   0   0   0   0   0   0   0 100[37m
[31m==== Random ====  Wi 3.650835%  Mass 427  Val  1.0[37m                     
ActionSelect returning chosen action 12
Zero count = 0
sendAction 12 started.
Sending Action 12
yarp: Removing output from /iha/as/action:out to /iha/controller/action:cmd
Write complete no ACK took 4.195581 seconds
reply = NULL
sendAction 12 complete. 
Got data hor 20 (again) exp 601: got_data=1, check_again=0
Distances from exp 601 h=20 :
exp: 569 dist: 0.035060 val: 0.598000 actfreq: 12:21 
exp: 578 dist: 0.042345 val: 0.598000 actfreq: 12:5 
exp: 594 dist: 0.043699 val: 0.599000 actfreq: 12:2 
exp: 0 dist: 0.201812 val: 0.588000 actfreq: 12:430 
Probability List:
Hor:20 Exp:569 Dist:0.035060 Value:0.598000 -> Vi=10216.440655
Hor:20 Exp:578 Dist:0.042345 Value:0.598000 -> Vi=1667.540315
Hor:20 Exp:594 Dist:0.043699 Value:0.599000 -> Vi=627.363681
Hor:20 Exp:0 Dist:0.201812 Value:0.588000 -> Vi=6207.984077
Vi(Random)=452.520488
, sum(Vi)=19171.849215Roulette Num : 35.870000
Chosen experience: 569 hor 20
Action Probabilities for chosen experience:
0:0.000000 1:0.000000 2:0.000000 3:0.000000 4:0.000000 5:0.000000 6:0.000000 7:0.000000 8:0.000000 9:0.000000 10:0.000000 11:0.000000 12:1.000000 
Building distribution subset
Adding: Set item 0=Act 0  :  Freq 0.000000
Adding: Set item 1=Act 1  :  Freq 0.000000
Adding: Set item 2=Act 2  :  Freq 0.000000
Adding: Set item 3=Act 3  :  Freq 0.000000
Adding: Set item 4=Act 4  :  Freq 0.000000
Adding: Set item 5=Act 5  :  Freq 0.000000
Adding: Set item 6=Act 6  :  Freq 0.000000
Adding: Set item 7=Act 7  :  Freq 0.000000
Adding: Set item 8=Act 8  :  Freq 0.000000
Adding: Set item 9=Act 9  :  Freq 0.000000
Adding: Set item 10=Act 10  :  Freq 0.000000
Adding: Set item 11=Act 11  :  Freq 0.000000
Adding: Set item 12=Act 12  :  Freq 1.000000
Done, total freq = 1.000000
Subset of Action Probabilities:
Act 0: 0.000000 Act 1: 0.000000 Act 2: 0.000000 Act 3: 0.000000 Act 4: 0.000000 Act 5: 0.000000 Act 6: 0.000000 Act 7: 0.000000 Act 8: 0.000000 Act 9: 0.000000 Act 10: 0.000000 Act 11: 0.000000 Act 12: 1.000000 
chooseFromDistribution: r=6203
Dist: 0:0.000000=0 1:0.000000=0 2:0.000000=0 3:0.000000=0 4:0.000000=0 5:0.000000=0 6:0.000000=0 7:0.000000=0 8:0.000000=0 9:0.000000=0 10:0.000000=0 11:0.000000=0 12:1.000000=10000
Chose: 12
Choosing action 12 experience 569 horizon 20
Weighting: 
[32mExp   569 Hor  20  Wi 53.288760% D 0.035060  Mass  21  Val  0.6  AF:   0   0   0   0   0   0   0   0   0   0   0   0 100[37m ==> chosen Act: 12
[32mExp     0 Hor  20  Wi 32.380727% D 0.201812  Mass 430  Val  0.6  AF:   0   0   0   0   0   0   0   0   0   0   0   0 100[37m
[32mExp   578 Hor  20  Wi 8.697858% D 0.042345  Mass   5  Val  0.6  AF:   0   0   0   0   0   0   0   0   0   0   0   0 100[37m
[32mExp   594 Hor  20  Wi 3.272317% D 0.043699  Mass   2  Val  0.6  AF:   0   0   0   0   0   0   0   0   0   0   0   0 100[37m
[31m==== Random ====  Wi 2.360338%  Mass 458  Val  1.0[37m                     
ActionSelect returning chosen action 12
Zero count = 0
sendAction 12 started.
Sending Action 12
Write complete no ACK took 0.000043 seconds
reply = NULL
sendAction 12 complete. 
yarp: Removing input from /iha/ds/currdist:out:20 to /iha/as/currdist:in:20
Module closing
Module finished
