Sensor Motor Interface Module
Debug level : 20
echo_output FALSE
gaze_input FALSE
num_image_sensors x/y : 8/8
Writing sensor output to port /iha/sm/sensor:out
yarp: Port /iha/sm/sensor:out active at tcp://10.0.0.104:10372
yarp: Sending output from /iha/sm/sensor:out to /iha/dynamics/data:in using tcp
yarp: Sending output from /iha/sm/sensor:out to /iha/filewriter/data:in using tcp
yarp: Port /iha/sm/image:in active at tcp://10.0.0.104:10212
yarp: Port /iha/sm/facecoords:in active at tcp://10.0.0.104:10252
yarp: Port /iha/sm/soundsensor:in active at tcp://10.0.0.104:10152
yarp: Port /iha/sm/encoders:in active at tcp://10.0.0.104:10322
Waiting for port /icub/cam/left  ready. Now connecting /icub/cam/left to /iha/sm/image:in Added output connection from "/icub/cam/left" to "/iha/sm/image:in"
 connected.
Connected to Image
Waiting for port /iha/fd/facedetect:coords yarp: Receiving input from /icub/cam/left to /iha/sm/image:in using tcp
 ready. Now connecting /iha/fd/facedetect:coords to /iha/sm/facecoords:in yarp: Receiving input from /iha/fd/facedetect:coords to /iha/sm/facecoords:in using tcp
Added output connection from "/iha/fd/facedetect:coords" to "/iha/sm/facecoords:in"
 connected.
Connected to Face Coords
Waiting for port /iha/sound/sndsensor:out  ready. Now connecting /iha/sound/sndsensor:out to /iha/sm/soundsensor:in yarp: Receiving input from /iha/sound/sndsensor:out to /iha/sm/soundsensor:in using tcp
Added output connection from "/iha/sound/sndsensor:out" to "/iha/sm/soundsensor:in"
 connected.
Connected to sound sensor
Waiting for port /iha/controller/encoders:out  ready. Now connecting /iha/controller/encoders:out to /iha/sm/encoders:in yarp: Receiving input from /iha/controller/encoders:out to /iha/sm/encoders:in using tcp
Added output connection from "/iha/controller/encoders:out" to "/iha/sm/encoders:in"
 connected.
Connected to encoders
yarp: Port /iha/sm/status:out active at tcp://10.0.0.104:10392
yarp: Port /iha/sm/quit active at tcp://10.0.0.104:10242
Checking "file": = /usr/local/src/robot/iCub/app/ ... (configuration file to use, if any)
Working with config file /usr/local/src/robot/iCub/app/iha_new/conf/
Checking "name": = /iha/sm (name of module)
Checking "help": if present, display usage message
Listening to terminal (type "quit" to stop module)
TS: 0 
TS: 100 
TS: 200 
TS: 300 
TS: 400 
TS: 500 
TS: 600 
TS: 700 
TS: 800 
TS: 900 
TS: 1000 
TS: 1100 
TS: 1200 
TS: 1300 
TS: 1400 
TS: 1500 
TS: 1600 
TS: 1700 
TS: 1800 
TS: 1900 
TS: 2000 
TS: 2100 
TS: 2200 
TS: 2300 
TS: 2400 
TS: 2500 
TS: 2600 
TS: 2700 
TS: 2801 
TS: 2901 
TS: 3001 
TS: 3101 
TS: 3201 
TS: 3301 
TS: 3401 
TS: 3501 
TS: 3601 
TS: 3701 
TS: 3802 
TS: 3902 
TS: 4003 
TS: 4103 
TS: 4203 
TS: 4303 
TS: 4403 
TS: 4503 
TS: 4603 
TS: 4703 
TS: 4804 
TS: 4904 
TS: 5004 
TS: 5104 
TS: 5204 
TS: 5304 
TS: 5404 
TS: 5504 
TS: 5605 
TS: 5705 
TS: 5805 
TS: 5905 
TS: 6005 
TS: 6105 
TS: 6206 
TS: 6306 
TS: 6406 
TS: 6506 
TS: 6606 
TS: 6706 
TS: 6806 
TS: 6906 
TS: 7006 
TS: 7106 
TS: 7206 
TS: 7306 
TS: 7406 
TS: 7506 
TS: 7606 
TS: 7706 
TS: 7806 
TS: 7906 
TS: 8006 
TS: 8106 
TS: 8206 
TS: 8306 
TS: 8407 
TS: 8507 
TS: 8607 
TS: 8707 
TS: 8807 
TS: 8907 
TS: 9007 
TS: 9107 
TS: 9207 
TS: 9307 
TS: 9407 
TS: 9507 
TS: 9607 
TS: 9707 
TS: 9807 
TS: 9907 
TS: 10007 
TS: 10107 
TS: 10207 
TS: 10308 
TS: 10408 
TS: 10508 
TS: 10608 
TS: 10708 
TS: 10808 
TS: 10908 
TS: 11009 
TS: 11109 
TS: 11209 
TS: 11309 
TS: 11410 
TS: 11510 
TS: 11610 
TS: 11710 
TS: 11810 
TS: 11910 
TS: 12010 
TS: 12110 
TS: 12210 
TS: 12311 
TS: 12411 
TS: 12511 
TS: 12611 
TS: 12711 
TS: 12811 
TS: 12912 
TS: 13012 
TS: 13112 
TS: 13212 
TS: 13312 
TS: 13412 
TS: 13512 
TS: 13612 
TS: 13712 
TS: 13812 
TS: 13912 
TS: 14012 
TS: 14112 
TS: 14212 
TS: 14312 
TS: 14412 
TS: 14512 
TS: 14612 
TS: 14712 
TS: 14812 
TS: 14912 
TS: 15012 
TS: 15112 
TS: 15212 
TS: 15312 
TS: 15412 
TS: 15512 
TS: 15612 
TS: 15712 
TS: 15812 
TS: 15912 
TS: 16012 
TS: 16112 
TS: 16212 
TS: 16313 
TS: 16413 
TS: 16513 
TS: 16613 
TS: 16713 
TS: 16813 
TS: 16913 
TS: 17013 
TS: 17113 
TS: 17213 
TS: 17313 
TS: 17413 
TS: 17513 
TS: 17613 
TS: 17713 
TS: 17813 
TS: 17913 
TS: 18013 
TS: 18113 
TS: 18213 
TS: 18313 
TS: 18413 
TS: 18514 
TS: 18614 
TS: 18714 
TS: 18814 
TS: 18914 
TS: 19014 
TS: 19114 
TS: 19214 
TS: 19314 
TS: 19414 
TS: 19514 
TS: 19614 
TS: 19714 
TS: 19814 
TS: 19914 
TS: 20014 
TS: 20114 
TS: 20214 
TS: 20314 
TS: 20414 
TS: 20514 
TS: 20614 
TS: 20714 
TS: 20814 
TS: 20914 
TS: 21014 
TS: 21114 
TS: 21214 
TS: 21314 
TS: 21414 
TS: 21514 
TS: 21614 
TS: 21714 
TS: 21814 
TS: 21914 
TS: 22015 
TS: 22115 
TS: 22215 
TS: 22315 
TS: 22415 
TS: 22515 
TS: 22615 
TS: 22715 
TS: 22815 
TS: 22915 
TS: 23015 
TS: 23115 
TS: 23216 
TS: 23316 
TS: 23416 
TS: 23516 
TS: 23617 
TS: 23717 
TS: 23817 
TS: 23917 
TS: 24017 
TS: 24117 
TS: 24217 
TS: 24317 
TS: 24417 
TS: 24517 
TS: 24617 
TS: 24717 
TS: 24817 
TS: 24917 
TS: 25018 
TS: 25118 
TS: 25218 
TS: 25318 
TS: 25418 
TS: 25518 
TS: 25618 
TS: 25718 
TS: 25818 
TS: 25918 
TS: 26018 
TS: 26118 
TS: 26218 
TS: 26319 
TS: 26419 
TS: 26519 
TS: 26619 
TS: 26719 
TS: 26819 
TS: 26919 
TS: 27019 
TS: 27119 
TS: 27220 
TS: 27320 
TS: 27420 
TS: 27520 
TS: 27620 
TS: 27720 
TS: 27820 
TS: 27920 
TS: 28020 
TS: 28120 
TS: 28220 
TS: 28320 
TS: 28420 
TS: 28520 
TS: 28620 
TS: 28720 
TS: 28820 
TS: 28920 
TS: 29020 
TS: 29120 
TS: 29221 
TS: 29321 
TS: 29421 
TS: 29521 
TS: 29621 
TS: 29721 
TS: 29821 
TS: 29921 
TS: 30021 
TS: 30121 
TS: 30221 
TS: 30321 
TS: 30421 
TS: 30521 
TS: 30621 
TS: 30721 
TS: 30821 
TS: 30921 
TS: 31021 
TS: 31121 
TS: 31221 
TS: 31321 
TS: 31421 
TS: 31521 
TS: 31621 
TS: 31721 
TS: 31821 
TS: 31921 
TS: 32021 
TS: 32121 
TS: 32221 
TS: 32321 
TS: 32421 
TS: 32521 
TS: 32621 
TS: 32721 
TS: 32821 
TS: 32921 
TS: 33021 
TS: 33121 
TS: 33221 
TS: 33321 
TS: 33421 
TS: 33521 
TS: 33621 
TS: 33721 
TS: 33821 
TS: 33921 
TS: 34021 
TS: 34122 
TS: 34222 
TS: 34322 
TS: 34422 
TS: 34523 
TS: 34623 
TS: 34723 
TS: 34823 
TS: 34923 
TS: 35023 
TS: 35124 
TS: 35224 
TS: 35324 
TS: 35424 
TS: 35524 
TS: 35624 
TS: 35724 
TS: 35824 
TS: 35924 
TS: 36024 
TS: 36124 
TS: 36224 
TS: 36324 
TS: 36425 
TS: 36525 
TS: 36625 
TS: 36725 
TS: 36826 
TS: 36926 
TS: 37026 
TS: 37126 
TS: 37226 
TS: 37326 
TS: 37426 
TS: 37526 
TS: 37626 
TS: 37726 
TS: 37826 
TS: 37926 
TS: 38026 
TS: 38126 
TS: 38226 
TS: 38326 
TS: 38426 
TS: 38526 
TS: 38626 
TS: 38726 
TS: 38826 
TS: 38926 
TS: 39026 
TS: 39126 
TS: 39226 
TS: 39326 
TS: 39426 
TS: 39526 
TS: 39626 
TS: 39726 
TS: 39826 
TS: 39926 
TS: 40026 
TS: 40126 
TS: 40226 
TS: 40326 
TS: 40426 
TS: 40526 
TS: 40626 
TS: 40726 
TS: 40826 
TS: 40926 
TS: 41026 
TS: 41126 
TS: 41226 
TS: 41326 
TS: 41426 
TS: 41526 
TS: 41626 
TS: 41726 
TS: 41826 
TS: 41926 
TS: 42026 
TS: 42126 
TS: 42227 
TS: 42327 
TS: 42427 
TS: 42527 
TS: 42627 
TS: 42727 
TS: 42827 
TS: 42927 
TS: 43027 
TS: 43128 
TS: 43228 
TS: 43328 
TS: 43428 
TS: 43528 
TS: 43628 
TS: 43728 
TS: 43828 
TS: 43928 
TS: 44028 
TS: 44128 
TS: 44228 
TS: 44328 
TS: 44428 
TS: 44528 
TS: 44628 
TS: 44728 
TS: 44828 
TS: 44928 
TS: 45028 
TS: 45128 
TS: 45228 
TS: 45328 
TS: 45428 
TS: 45528 
TS: 45628 
TS: 45728 
TS: 45828 
TS: 45928 
TS: 46028 
TS: 46128 
TS: 46228 
TS: 46328 
TS: 46428 
TS: 46528 
TS: 46629 
TS: 46729 
TS: 46829 
TS: 46929 
TS: 47029 
TS: 47129 
TS: 47229 
TS: 47329 
TS: 47429 
TS: 47529 
TS: 47630 
TS: 47730 
TS: 47830 
TS: 47930 
TS: 48030 
TS: 48130 
TS: 48231 
TS: 48331 
TS: 48431 
TS: 48531 
TS: 48631 
TS: 48731 
TS: 48831 
TS: 48931 
TS: 49031 
TS: 49131 
TS: 49232 
TS: 49332 
TS: 49432 
TS: 49532 
TS: 49633 
TS: 49733 
TS: 49833 
TS: 49933 
TS: 50033 
TS: 50133 
TS: 50233 
TS: 50333 
TS: 50433 
TS: 50533 
TS: 50634 
TS: 50734 
TS: 50834 
TS: 50934 
TS: 51034 
TS: 51134 
TS: 51234 
TS: 51334 
TS: 51434 
TS: 51534 
TS: 51635 
TS: 51735 
TS: 51835 
TS: 51936 
TS: 52036 
TS: 52136 
TS: 52237 
TS: 52337 
TS: 52437 
TS: 52537 
TS: 52637 
TS: 52737 
TS: 52837 
TS: 52937 
TS: 53037 
TS: 53137 
TS: 53237 
TS: 53338 
TS: 53438 
TS: 53538 
TS: 53638 
TS: 53738 
TS: 53838 
TS: 53938 
TS: 54039 
TS: 54139 
TS: 54239 
TS: 54339 
TS: 54439 
TS: 54539 
TS: 54639 
TS: 54739 
TS: 54839 
TS: 54939 
TS: 55039 
TS: 55139 
TS: 55239 
TS: 55339 
TS: 55439 
TS: 55539 
TS: 55639 
TS: 55739 
TS: 55839 
TS: 55939 
TS: 56039 
TS: 56139 
TS: 56239 
TS: 56339 
TS: 56439 
TS: 56539 
TS: 56639 
TS: 56739 
TS: 56839 
TS: 56939 
TS: 57039 
TS: 57139 
TS: 57239 
TS: 57339 
TS: 57439 
TS: 57539 
TS: 57639 
TS: 57739 
TS: 57840 
TS: 57940 
TS: 58040 
TS: 58140 
TS: 58240 
TS: 58340 
TS: 58440 
TS: 58540 
TS: 58641 
TS: 58741 
TS: 58841 
TS: 58941 
TS: 59041 
TS: 59141 
TS: 59241 
TS: 59341 
TS: 59441 
TS: 59541 
TS: 59641 
TS: 59741 
TS: 59841 
TS: 59941 
TS: 60041 
TS: 60141 
TS: 60241 
TS: 60341 
TS: 60441 
TS: 60541 
TS: 60641 
TS: 60741 
TS: 60841 
TS: 60941 
TS: 61041 
TS: 61141 
TS: 61241 
TS: 61341 
TS: 61442 
TS: 61542 
TS: 61642 
TS: 61742 
TS: 61842 
TS: 61942 
TS: 62042 
TS: 62142 
TS: 62243 
TS: 62343 
TS: 62443 
TS: 62543 
TS: 62643 
TS: 62743 
TS: 62843 
TS: 62944 
TS: 63044 
TS: 63144 
TS: 63244 
TS: 63344 
TS: 63444 
TS: 63544 
TS: 63644 
TS: 63744 
TS: 63845 
TS: 63945 
TS: 64045 
TS: 64145 
TS: 64245 
TS: 64345 
TS: 64445 
TS: 64545 
TS: 64645 
TS: 64745 
TS: 64845 
TS: 64945 
TS: 65045 
TS: 65145 
TS: 65245 
TS: 65345 
TS: 65445 
TS: 65545 
TS: 65645 
TS: 65745 
TS: 65845 
TS: 65945 
TS: 66045 
TS: 66145 
TS: 66245 
TS: 66345 
TS: 66445 
TS: 66545 
TS: 66645 
TS: 66745 
TS: 66845 
TS: 66945 
TS: 67045 
TS: 67145 
TS: 67245 
TS: 67346 
TS: 67446 
TS: 67547 
TS: 67647 
TS: 67748 
TS: 67848 
TS: 67948 
TS: 68048 
TS: 68149 
TS: 68249 
TS: 68349 
TS: 68449 
TS: 68549 
TS: 68649 
TS: 68750 
TS: 68850 
TS: 68950 
TS: 69050 
TS: 69150 
TS: 69250 
TS: 69350 
TS: 69450 
TS: 69550 
TS: 69650 
TS: 69750 
TS: 69851 
TS: 69951 
TS: 70051 
TS: 70151 
TS: 70251 
TS: 70351 
TS: 70451 
TS: 70551 
TS: 70651 
TS: 70751 
TS: 70851 
TS: 70951 
TS: 71051 
TS: 71151 
TS: 71251 
TS: 71351 
TS: 71451 
TS: 71551 
TS: 71651 
TS: 71751 
TS: 71851 
TS: 71951 
TS: 72051 
TS: 72151 
TS: 72251 
TS: 72351 
TS: 72452 
TS: 72552 
TS: 72652 
TS: 72752 
TS: 72852 
TS: 72952 
TS: 73052 
TS: 73152 
TS: 73252 
TS: 73352 
TS: 73452 
TS: 73552 
TS: 73652 
TS: 73752 
TS: 73852 
TS: 73952 
TS: 74052 
TS: 74152 
TS: 74252 
TS: 74352 
TS: 74452 
TS: 74552 
TS: 74653 
TS: 74753 
TS: 74853 
TS: 74953 
TS: 75053 
TS: 75153 
TS: 75253 
TS: 75353 
TS: 75453 
TS: 75553 
TS: 75653 
TS: 75753 
TS: 75853 
TS: 75953 
TS: 76053 
TS: 76153 
TS: 76253 
TS: 76354 
TS: 76454 
TS: 76554 
TS: 76654 
TS: 76754 
TS: 76854 
TS: 76955 
TS: 77055 
TS: 77155 
TS: 77255 
TS: 77355 
TS: 77455 
TS: 77555 
TS: 77655 
TS: 77755 
TS: 77855 
TS: 77955 
TS: 78055 
TS: 78155 
TS: 78255 
TS: 78355 
TS: 78456 
TS: 78556 
TS: 78656 
TS: 78756 
TS: 78856 
TS: 78956 
TS: 79056 
TS: 79156 
TS: 79256 
TS: 79356 
TS: 79456 
TS: 79556 
TS: 79656 
TS: 79756 
TS: 79856 
TS: 79956 
TS: 80056 
TS: 80156 
TS: 80256 
TS: 80356 
TS: 80456 
TS: 80556 
TS: 80656 
TS: 80756 
TS: 80856 
TS: 80956 
TS: 81056 
TS: 81156 
TS: 81256 
TS: 81356 
TS: 81456 
TS: 81556 
TS: 81656 
TS: 81756 
TS: 81856 
TS: 81956 
TS: 82056 
TS: 82156 
TS: 82256 
TS: 82356 
TS: 82456 
TS: 82556 
TS: 82656 
TS: 82756 
TS: 82856 
TS: 82956 
TS: 83056 
TS: 83157 
TS: 83257 
TS: 83357 
TS: 83457 
TS: 83557 
TS: 83657 
TS: 83757 
TS: 83857 
TS: 83957 
TS: 84057 
TS: 84157 
TS: 84257 
TS: 84357 
TS: 84457 
TS: 84557 
TS: 84657 
TS: 84757 
TS: 84857 
TS: 84957 
TS: 85057 
TS: 85157 
TS: 85257 
TS: 85357 
TS: 85457 
TS: 85557 
TS: 85657 
TS: 85757 
TS: 85857 
TS: 85957 
TS: 86057 
TS: 86157 
TS: 86257 
TS: 86357 
TS: 86457 
TS: 86557 
TS: 86657 
TS: 86757 
TS: 86857 
TS: 86957 
TS: 87057 
TS: 87157 
TS: 87257 
TS: 87357 
TS: 87457 
TS: 87557 
TS: 87657 
TS: 87757 
TS: 87857 
TS: 87957 
TS: 88057 
TS: 88158 
TS: 88258 
TS: 88358 
TS: 88458 
TS: 88558 
TS: 88658 
TS: 88758 
TS: 88858 
TS: 88958 
TS: 89058 
TS: 89158 
TS: 89258 
TS: 89358 
TS: 89458 
TS: 89558 
TS: 89658 
TS: 89758 
TS: 89858 
TS: 89958 
TS: 90058 
TS: 90158 
TS: 90258 
TS: 90358 
TS: 90458 
TS: 90558 
TS: 90658 
TS: 90758 
TS: 90858 
TS: 90958 
TS: 91058 
TS: 91158 
TS: 91258 
TS: 91358 
TS: 91458 
TS: 91558 
TS: 91658 
TS: 91758 
TS: 91858 
TS: 91958 
TS: 92058 
TS: 92158 
TS: 92258 
TS: 92358 
TS: 92458 
TS: 92558 
TS: 92658 
TS: 92758 
TS: 92858 
TS: 92958 
TS: 93058 
TS: 93158 
TS: 93258 
TS: 93358 
TS: 93458 
TS: 93558 
TS: 93658 
TS: 93758 
TS: 93858 
TS: 93958 
TS: 94058 
TS: 94158 
TS: 94258 
TS: 94358 
TS: 94458 
TS: 94558 
TS: 94658 
TS: 94758 
TS: 94858 
TS: 94958 
TS: 95058 
TS: 95158 
TS: 95258 
TS: 95358 
TS: 95458 
TS: 95558 
TS: 95658 
TS: 95758 
TS: 95858 
TS: 95958 
TS: 96058 
TS: 96158 
TS: 96258 
TS: 96358 
TS: 96458 
TS: 96558 
TS: 96658 
TS: 96758 
TS: 96858 
TS: 96958 
TS: 97058 
TS: 97158 
TS: 97258 
TS: 97358 
TS: 97458 
TS: 97558 
TS: 97658 
TS: 97758 
TS: 97858 
TS: 97958 
TS: 98058 
TS: 98159 
TS: 98259 
TS: 98359 
TS: 98459 
TS: 98559 
TS: 98659 
TS: 98759 
TS: 98859 
TS: 98959 
TS: 99059 
TS: 99159 
TS: 99259 
TS: 99359 
TS: 99459 
TS: 99559 
TS: 99659 
TS: 99759 
TS: 99859 
TS: 99959 
TS: 100059 
TS: 100159 
TS: 100259 
TS: 100359 
TS: 100459 
TS: 100559 
TS: 100659 
TS: 100759 
TS: 100859 
TS: 100959 
TS: 101059 
TS: 101159 
TS: 101259 
TS: 101359 
TS: 101459 
TS: 101559 
TS: 101659 
TS: 101759 
TS: 101859 
TS: 101959 
TS: 102059 
TS: 102159 
TS: 102259 
TS: 102359 
TS: 102459 
TS: 102559 
TS: 102659 
TS: 102759 
TS: 102859 
TS: 102959 
TS: 103059 
TS: 103159 
TS: 103259 
TS: 103359 
TS: 103459 
TS: 103559 
TS: 103659 
TS: 103759 
TS: 103859 
TS: 103959 
TS: 104059 
TS: 104159 
TS: 104259 
TS: 104359 
TS: 104459 
TS: 104559 
TS: 104659 
TS: 104759 
TS: 104859 
TS: 104959 
TS: 105059 
TS: 105159 
TS: 105259 
TS: 105359 
TS: 105459 
TS: 105559 
TS: 105659 
TS: 105759 
TS: 105859 
TS: 105959 
TS: 106059 
TS: 106159 
TS: 106259 
TS: 106359 
TS: 106459 
TS: 106559 
TS: 106659 
TS: 106759 
TS: 106859 
TS: 106959 
TS: 107059 
TS: 107159 
TS: 107259 
TS: 107359 
TS: 107459 
TS: 107559 
TS: 107659 
TS: 107759 
TS: 107860 
TS: 107960 
TS: 108060 
TS: 108160 
TS: 108260 
TS: 108360 
TS: 108460 
TS: 108560 
TS: 108660 
TS: 108760 
TS: 108860 
TS: 108960 
TS: 109060 
TS: 109160 
TS: 109260 
TS: 109360 
TS: 109460 
TS: 109560 
TS: 109660 
TS: 109760 
TS: 109860 
TS: 109960 
TS: 110060 
TS: 110160 
TS: 110260 
TS: 110360 
TS: 110460 
TS: 110560 
TS: 110660 
TS: 110760 
TS: 110860 
TS: 110960 
TS: 111060 
TS: 111160 
TS: 111260 
TS: 111360 
TS: 111460 
TS: 111560 
TS: 111660 
TS: 111760 
TS: 111860 
TS: 111960 
TS: 112060 
TS: 112160 
TS: 112260 
TS: 112360 
TS: 112460 
TS: 112560 
TS: 112660 
TS: 112760 
TS: 112860 
TS: 112960 
TS: 113060 
TS: 113160 
TS: 113260 
TS: 113360 
TS: 113460 
TS: 113560 
TS: 113660 
TS: 113760 
TS: 113860 
TS: 113960 
TS: 114060 
TS: 114160 
TS: 114260 
TS: 114360 
TS: 114460 
TS: 114560 
TS: 114660 
TS: 114760 
TS: 114860 
TS: 114960 
TS: 115060 
TS: 115160 
TS: 115260 
TS: 115360 
TS: 115460 
TS: 115560 
TS: 115660 
TS: 115760 
TS: 115860 
TS: 115960 
TS: 116060 
TS: 116160 
TS: 116260 
TS: 116360 
TS: 116460 
TS: 116560 
TS: 116661 
TS: 116761 
TS: 116861 
TS: 116961 
TS: 117061 
TS: 117161 
TS: 117261 
TS: 117361 
TS: 117461 
TS: 117561 
TS: 117661 
TS: 117761 
TS: 117861 
TS: 117961 
TS: 118061 
TS: 118161 
TS: 118261 
TS: 118361 
TS: 118461 
TS: 118561 
TS: 118661 
TS: 118761 
TS: 118861 
TS: 118961 
TS: 119061 
TS: 119161 
TS: 119261 
TS: 119361 
TS: 119461 
TS: 119561 
TS: 119661 
TS: 119761 
TS: 119861 
TS: 119961 
TS: 120061 
TS: 120161 
TS: 120261 
TS: 120361 
TS: 120461 
TS: 120561 
TS: 120661 
TS: 120761 
TS: 120861 
TS: 120961 
TS: 121061 
TS: 121161 
TS: 121261 
TS: 121361 
TS: 121461 
TS: 121561 
TS: 121661 
TS: 121761 
TS: 121861 
TS: 121961 
TS: 122061 
TS: 122161 
TS: 122261 
TS: 122361 
TS: 122461 
TS: 122561 
TS: 122661 
TS: 122761 
TS: 122861 
TS: 122961 
TS: 123061 
TS: 123161 
TS: 123261 
TS: 123361 
TS: 123461 
TS: 123561 
TS: 123662 
TS: 123762 
TS: 123862 
TS: 123962 
TS: 124062 
TS: 124162 
TS: 124262 
TS: 124362 
TS: 124462 
TS: 124562 
TS: 124662 
TS: 124762 
TS: 124862 
TS: 124962 
TS: 125062 
TS: 125162 
TS: 125262 
TS: 125362 
TS: 125462 
TS: 125562 
TS: 125662 
TS: 125762 
TS: 125862 
TS: 125962 
TS: 126062 
TS: 126162 
TS: 126262 
TS: 126362 
TS: 126462 
TS: 126562 
TS: 126662 
TS: 126762 
TS: 126862 
TS: 126962 
TS: 127062 
TS: 127162 
TS: 127262 
TS: 127362 
TS: 127462 
TS: 127562 
TS: 127662 
TS: 127762 
TS: 127862 
TS: 127962 
TS: 128062 
TS: 128162 
TS: 128262 
TS: 128362 
TS: 128462 
TS: 128562 
TS: 128662 
TS: 128762 
TS: 128862 
TS: 128962 
TS: 129062 
TS: 129162 
TS: 129262 
TS: 129362 
TS: 129462 
TS: 129562 
TS: 129662 
TS: 129762 
TS: 129862 
TS: 129962 
TS: 130062 
TS: 130162 
TS: 130262 
TS: 130362 
TS: 130462 
TS: 130562 
TS: 130662 
TS: 130762 
TS: 130863 
TS: 130963 
TS: 131063 
TS: 131163 
TS: 131263 
TS: 131363 
TS: 131463 
TS: 131563 
TS: 131663 
TS: 131763 
TS: 131863 
TS: 131963 
TS: 132063 
TS: 132163 
TS: 132263 
TS: 132363 
TS: 132463 
TS: 132563 
TS: 132663 
TS: 132763 
TS: 132863 
TS: 132963 
TS: 133063 
TS: 133163 
TS: 133263 
TS: 133363 
TS: 133463 
TS: 133563 
TS: 133663 
TS: 133763 
TS: 133863 
TS: 133963 
TS: 134063 
TS: 134163 
TS: 134263 
TS: 134363 
TS: 134463 
TS: 134563 
TS: 134663 
TS: 134763 
TS: 134863 
TS: 134963 
TS: 135063 
TS: 135163 
TS: 135263 
TS: 135363 
TS: 135463 
TS: 135563 
TS: 135663 
TS: 135763 
TS: 135863 
TS: 135963 
TS: 136063 
TS: 136163 
TS: 136263 
TS: 136363 
TS: 136463 
TS: 136563 
TS: 136663 
TS: 136763 
TS: 136863 
TS: 136963 
TS: 137063 
TS: 137163 
TS: 137263 
TS: 137363 
TS: 137463 
TS: 137563 
TS: 137663 
TS: 137763 
TS: 137863 
TS: 137963 
TS: 138063 
TS: 138163 
TS: 138263 
TS: 138363 
TS: 138463 
TS: 138563 
TS: 138663 
TS: 138763 
TS: 138863 
TS: 138963 
TS: 139063 
TS: 139163 
TS: 139263 
TS: 139363 
TS: 139463 
TS: 139563 
TS: 139663 
TS: 139763 
TS: 139863 
TS: 139963 
TS: 140063 
TS: 140163 
TS: 140263 
TS: 140363 
TS: 140463 
TS: 140563 
TS: 140663 
TS: 140763 
TS: 140863 
TS: 140963 
TS: 141063 
TS: 141164 
TS: 141264 
TS: 141364 
TS: 141464 
TS: 141564 
TS: 141664 
TS: 141764 
TS: 141864 
TS: 141964 
TS: 142064 
TS: 142164 
TS: 142264 
TS: 142364 
TS: 142464 
TS: 142564 
TS: 142664 
TS: 142764 
TS: 142864 
TS: 142964 
TS: 143064 
TS: 143164 
TS: 143264 
TS: 143364 
TS: 143464 
TS: 143564 
TS: 143664 
TS: 143764 
TS: 143864 
TS: 143964 
TS: 144064 
TS: 144164 
TS: 144264 
TS: 144364 
TS: 144464 
TS: 144564 
TS: 144664 
TS: 144764 
TS: 144864 
TS: 144964 
TS: 145064 
TS: 145164 
TS: 145264 
TS: 145364 
TS: 145464 
TS: 145564 
TS: 145664 
TS: 145764 
TS: 145864 
TS: 145964 
TS: 146064 
TS: 146164 
TS: 146264 
TS: 146364 
TS: 146464 
TS: 146564 
TS: 146664 
TS: 146764 
TS: 146864 
TS: 146964 
TS: 147064 
TS: 147164 
TS: 147264 
TS: 147364 
TS: 147464 
TS: 147564 
TS: 147664 
TS: 147764 
TS: 147864 
TS: 147964 
TS: 148064 
TS: 148164 
TS: 148264 
TS: 148364 
TS: 148464 
TS: 148564 
TS: 148664 
TS: 148764 
TS: 148864 
TS: 148964 
TS: 149064 
TS: 149164 
TS: 149264 
TS: 149364 
TS: 149464 
TS: 149564 
TS: 149664 
TS: 149764 
TS: 149864 
TS: 149964 
TS: 150064 
TS: 150164 
TS: 150264 
TS: 150364 
TS: 150464 
TS: 150564 
TS: 150664 
TS: 150764 
TS: 150864 
TS: 150964 
TS: 151064 
TS: 151164 
TS: 151264 
TS: 151364 
TS: 151464 
TS: 151564 
TS: 151664 
TS: 151764 
TS: 151865 
TS: 151965 
TS: 152065 
TS: 152165 
TS: 152265 
TS: 152365 
TS: 152465 
TS: 152565 
TS: 152665 
TS: 152765 
TS: 152865 
TS: 152965 
TS: 153065 
TS: 153165 
TS: 153265 
TS: 153365 
TS: 153465 
TS: 153565 
TS: 153665 
TS: 153765 
TS: 153865 
TS: 153965 
TS: 154065 
TS: 154165 
TS: 154265 
TS: 154365 
TS: 154465 
TS: 154565 
TS: 154665 
TS: 154765 
TS: 154865 
TS: 154965 
TS: 155065 
TS: 155165 
TS: 155265 
TS: 155365 
TS: 155465 
TS: 155565 
TS: 155665 
TS: 155765 
TS: 155865 
TS: 155965 
TS: 156065 
TS: 156165 
TS: 156265 
TS: 156365 
TS: 156465 
TS: 156565 
TS: 156665 
TS: 156765 
TS: 156865 
TS: 156965 
TS: 157065 
TS: 157165 
TS: 157265 
TS: 157365 
TS: 157465 
TS: 157565 
TS: 157665 
TS: 157765 
TS: 157865 
TS: 157965 
TS: 158065 
TS: 158165 
TS: 158265 
TS: 158365 
TS: 158465 
TS: 158565 
TS: 158665 
TS: 158765 
TS: 158865 
TS: 158965 
TS: 159065 
TS: 159165 
TS: 159265 
TS: 159365 
TS: 159465 
TS: 159565 
TS: 159665 
TS: 159765 
TS: 159865 
TS: 159965 
TS: 160065 
TS: 160165 
TS: 160265 
TS: 160365 
TS: 160466 
TS: 160566 
TS: 160666 
TS: 160766 
TS: 160866 
TS: 160966 
TS: 161066 
TS: 161166 
TS: 161266 
TS: 161366 
TS: 161466 
TS: 161566 
TS: 161666 
TS: 161766 
TS: 161866 
TS: 161966 
TS: 162066 
TS: 162166 
TS: 162266 
TS: 162366 
TS: 162466 
TS: 162566 
TS: 162666 
TS: 162766 
TS: 162866 
TS: 162966 
TS: 163066 
TS: 163166 
TS: 163266 
TS: 163366 
TS: 163466 
TS: 163566 
TS: 163666 
TS: 163766 
TS: 163866 
TS: 163966 
TS: 164066 
TS: 164166 
TS: 164266 
TS: 164366 
TS: 164466 
TS: 164566 
TS: 164666 
TS: 164766 
TS: 164866 
TS: 164966 
TS: 165066 
TS: 165166 
TS: 165266 
TS: 165366 
TS: 165466 
TS: 165566 
TS: 165666 
TS: 165766 
TS: 165866 
TS: 165966 
TS: 166066 
TS: 166166 
TS: 166266 
TS: 166366 
TS: 166466 
TS: 166566 
TS: 166666 
TS: 166766 
TS: 166866 
TS: 166966 
TS: 167066 
TS: 167166 
TS: 167266 
TS: 167366 
TS: 167466 
TS: 167566 
TS: 167666 
TS: 167766 
TS: 167866 
TS: 167967 
TS: 168067 
TS: 168167 
TS: 168267 
TS: 168367 
TS: 168467 
TS: 168567 
TS: 168667 
TS: 168767 
TS: 168867 
TS: 168967 
TS: 169067 
TS: 169167 
TS: 169267 
TS: 169367 
TS: 169467 
TS: 169567 
TS: 169667 
TS: 169767 
TS: 169867 
TS: 169967 
TS: 170067 
TS: 170167 
TS: 170267 
TS: 170367 
TS: 170467 
TS: 170567 
TS: 170667 
TS: 170767 
TS: 170867 
TS: 170967 
TS: 171067 
TS: 171167 
TS: 171267 
TS: 171367 
TS: 171467 
TS: 171567 
TS: 171667 
TS: 171767 
TS: 171867 
TS: 171967 
TS: 172067 
TS: 172167 
TS: 172267 
TS: 172367 
TS: 172467 
TS: 172567 
TS: 172667 
TS: 172767 
TS: 172867 
TS: 172967 
TS: 173067 
TS: 173167 
TS: 173267 
TS: 173367 
TS: 173467 
TS: 173567 
TS: 173667 
TS: 173767 
TS: 173867 
TS: 173967 
TS: 174067 
TS: 174167 
TS: 174267 
TS: 174367 
TS: 174467 
TS: 174567 
TS: 174667 
TS: 174767 
TS: 174867 
TS: 174967 
TS: 175067 
TS: 175167 
TS: 175267 
TS: 175367 
TS: 175467 
TS: 175567 
TS: 175667 
TS: 175767 
TS: 175867 
TS: 175967 
TS: 176067 
TS: 176167 
TS: 176267 
TS: 176367 
TS: 176467 
TS: 176567 
TS: 176667 
TS: 176767 
TS: 176867 
TS: 176967 
TS: 177067 
TS: 177167 
TS: 177267 
TS: 177367 
TS: 177467 
TS: 177567 
TS: 177667 
TS: 177767 
TS: 177867 
TS: 177967 
TS: 178067 
TS: 178167 
TS: 178267 
TS: 178367 
TS: 178467 
TS: 178567 
TS: 178667 
TS: 178767 
TS: 178867 
TS: 178967 
TS: 179068 
TS: 179168 
TS: 179268 
TS: 179368 
TS: 179468 
TS: 179568 
TS: 179668 
TS: 179768 
TS: 179868 
TS: 179968 
TS: 180068 
TS: 180168 
TS: 180268 
TS: 180368 
TS: 180468 
TS: 180568 
TS: 180668 
TS: 180768 
TS: 180868 
TS: 180968 
TS: 181068 
TS: 181168 
TS: 181268 
TS: 181368 
TS: 181468 
TS: 181568 
TS: 181668 
TS: 181768 
TS: 181868 
TS: 181968 
TS: 182068 
TS: 182168 
TS: 182268 
TS: 182368 
TS: 182468 
TS: 182568 
TS: 182668 
TS: 182768 
TS: 182868 
TS: 182968 
TS: 183068 
TS: 183168 
TS: 183268 
TS: 183368 
TS: 183468 
TS: 183568 
TS: 183668 
TS: 183768 
TS: 183868 
TS: 183968 
TS: 184068 
TS: 184168 
TS: 184268 
TS: 184368 
TS: 184468 
TS: 184568 
TS: 184668 
TS: 184768 
TS: 184868 
TS: 184968 
TS: 185068 
TS: 185168 
TS: 185268 
TS: 185368 
TS: 185468 
TS: 185568 
TS: 185668 
TS: 185768 
TS: 185868 
TS: 185968 
TS: 186068 
TS: 186168 
TS: 186268 
TS: 186368 
TS: 186468 
TS: 186568 
TS: 186668 
TS: 186768 
TS: 186868 
TS: 186968 
TS: 187068 
TS: 187168 
TS: 187268 
TS: 187368 
TS: 187468 
TS: 187568 
TS: 187668 
TS: 187768 
TS: 187868 
TS: 187968 
TS: 188068 
TS: 188168 
TS: 188268 
TS: 188368 
TS: 188468 
TS: 188568 
TS: 188668 
TS: 188768 
TS: 188868 
TS: 188968 
TS: 189068 
TS: 189168 
TS: 189268 
TS: 189369 
TS: 189469 
TS: 189569 
TS: 189669 
TS: 189769 
TS: 189869 
TS: 189969 
TS: 190069 
TS: 190169 
TS: 190269 
TS: 190369 
TS: 190469 
TS: 190569 
TS: 190669 
TS: 190769 
TS: 190869 
TS: 190969 
TS: 191069 
TS: 191169 
TS: 191269 
TS: 191369 
TS: 191469 
TS: 191569 
TS: 191669 
TS: 191769 
TS: 191869 
TS: 191969 
TS: 192069 
TS: 192169 
TS: 192269 
TS: 192369 
TS: 192469 
TS: 192569 
TS: 192669 
TS: 192769 
TS: 192869 
TS: 192969 
TS: 193069 
TS: 193169 
TS: 193269 
TS: 193369 
TS: 193469 
TS: 193569 
TS: 193669 
TS: 193769 
TS: 193869 
TS: 193969 
TS: 194069 
TS: 194169 
TS: 194269 
TS: 194369 
TS: 194469 
TS: 194569 
TS: 194669 
TS: 194769 
TS: 194869 
TS: 194969 
TS: 195069 
TS: 195169 
TS: 195269 
TS: 195369 
TS: 195469 
TS: 195569 
TS: 195669 
TS: 195769 
TS: 195869 
TS: 195969 
TS: 196069 
TS: 196169 
TS: 196269 
TS: 196369 
TS: 196469 
TS: 196569 
TS: 196669 
TS: 196769 
TS: 196869 
yarp: Removing input from /iha/controller/encoders:out to /iha/sm/encoders:in
yarp: Removing output from /iha/sm/sensor:out to /iha/dynamics/data:in
yarp: Removing input from /iha/fd/facedetect:coords to /iha/sm/facecoords:in
yarp: Removing input from /iha/sound/sndsensor:out to /iha/sm/soundsensor:in
SensorMotorInterfaceModule::respond quit
sensorOutputPort.interrupt();
faceCoordsPort.interrupt();
imagePort.interrupt();
soundSensorPort.interrupt();
sensorMotorPort.interrupt();
SoundSensorReadLoop ended
statusPort.interrupt();
