Sensor Motor Interface Module
Debug level : 20
echo_output FALSE
gaze_input FALSE
num_image_sensors x/y : 8/8
Writing sensor output to port /iha/sm/sensor:out
yarp: Port /iha/sm/sensor:out active at tcp://10.0.0.104:10142
yarp: Port /iha/sm/image:in active at tcp://10.0.0.104:10222
yarp: Port /iha/sm/facecoords:in active at tcp://10.0.0.104:10272
yarp: Port /iha/sm/soundsensor:in active at tcp://10.0.0.104:10112
yarp: Port /iha/sm/encoders:in active at tcp://10.0.0.104:10132
Waiting for port /icub/cam/left yarp: Sending output from /iha/sm/sensor:out to /iha/dynamics/data:in using tcp
 ready. Now connecting /icub/cam/left to /iha/sm/image:in yarp: Receiving input from /icub/cam/left to /iha/sm/image:in using tcp
Added output connection from "/icub/cam/left" to "/iha/sm/image:in"
 connected.
Connected to Image
Waiting for port /iha/fd/facedetect:coords  ready. Now connecting /iha/fd/facedetect:coords to /iha/sm/facecoords:in yarp: Receiving input from /iha/fd/facedetect:coords to /iha/sm/facecoords:in using tcp
Added output connection from "/iha/fd/facedetect:coords" to "/iha/sm/facecoords:in"
 connected.
Connected to Face Coords
Waiting for port /iha/sound/sndsensor:out  ready. Now connecting /iha/sound/sndsensor:out to /iha/sm/soundsensor:in Added output connection from "/iha/sound/sndsensor:out" to "/iha/sm/soundsensor:in"
yarp: Receiving input from /iha/sound/sndsensor:out to /iha/sm/soundsensor:in using tcp
 connected.
Connected to sound sensor
Waiting for port /iha/controller/encoders:out  ready. Now connecting /iha/controller/encoders:out to /iha/sm/encoders:in yarp: Receiving input from /iha/controller/encoders:out to /iha/sm/encoders:in using tcp
Added output connection from "/iha/controller/encoders:out" to "/iha/sm/encoders:in"
 connected.
Connected to encoders
yarp: Port /iha/sm/status:out active at tcp://10.0.0.104:10262
yarp: Port /iha/sm/quit active at tcp://10.0.0.104:10292
Checking "file": = /usr/local/src/robot/iCub/app/ ... (configuration file to use, if any)
Working with config file /usr/local/src/robot/iCub/app/iha_new/conf/
Checking "name": = /iha/sm (name of module)
Checking "help": if present, display usage message
Listening to terminal (type "quit" to stop module)
TS: 0 
TS: 100 
TS: 200 
TS: 300 
TS: 400 
TS: 500 
TS: 600 
TS: 700 
TS: 800 
TS: 900 
TS: 1000 
TS: 1100 
TS: 1200 
TS: 1300 
TS: 1400 
TS: 1500 
TS: 1600 
TS: 1700 
TS: 1800 
TS: 1900 
TS: 2000 
TS: 2100 
TS: 2200 
TS: 2300 
TS: 2400 
TS: 2500 
TS: 2600 
TS: 2700 
TS: 2800 
TS: 2900 
TS: 3000 
TS: 3100 
TS: 3200 
TS: 3300 
TS: 3400 
TS: 3500 
TS: 3600 
TS: 3700 
TS: 3800 
TS: 3900 
TS: 4000 
TS: 4100 
TS: 4200 
TS: 4300 
TS: 4400 
TS: 4500 
TS: 4600 
TS: 4700 
TS: 4800 
TS: 4900 
TS: 5000 
TS: 5100 
TS: 5200 
TS: 5300 
TS: 5400 
TS: 5500 
TS: 5600 
TS: 5700 
TS: 5800 
TS: 5900 
TS: 6000 
TS: 6100 
TS: 6200 
TS: 6300 
TS: 6400 
TS: 6500 
TS: 6600 
TS: 6700 
TS: 6800 
TS: 6900 
TS: 7000 
TS: 7100 
TS: 7200 
TS: 7300 
TS: 7400 
TS: 7500 
TS: 7600 
TS: 7700 
TS: 7800 
TS: 7900 
TS: 8000 
TS: 8100 
TS: 8200 
TS: 8300 
TS: 8400 
TS: 8500 
TS: 8600 
TS: 8700 
TS: 8801 
TS: 8901 
TS: 9001 
TS: 9101 
TS: 9201 
TS: 9301 
TS: 9401 
TS: 9501 
TS: 9601 
TS: 9701 
TS: 9801 
TS: 9901 
TS: 10001 
TS: 10101 
TS: 10201 
TS: 10301 
TS: 10401 
TS: 10501 
TS: 10601 
TS: 10701 
TS: 10801 
TS: 10901 
TS: 11001 
TS: 11101 
TS: 11201 
TS: 11301 
TS: 11401 
TS: 11501 
TS: 11601 
TS: 11701 
TS: 11801 
TS: 11901 
TS: 12001 
TS: 12101 
TS: 12201 
TS: 12301 
TS: 12401 
TS: 12501 
TS: 12601 
TS: 12701 
TS: 12801 
TS: 12901 
TS: 13001 
TS: 13101 
TS: 13201 
TS: 13301 
TS: 13401 
TS: 13501 
TS: 13601 
TS: 13701 
TS: 13801 
TS: 13901 
TS: 14001 
TS: 14101 
TS: 14201 
TS: 14301 
TS: 14401 
TS: 14501 
TS: 14601 
TS: 14701 
TS: 14801 
TS: 14901 
TS: 15001 
TS: 15101 
TS: 15201 
TS: 15301 
TS: 15401 
TS: 15501 
TS: 15601 
TS: 15701 
TS: 15801 
TS: 15901 
TS: 16001 
TS: 16101 
TS: 16201 
TS: 16301 
TS: 16401 
TS: 16501 
TS: 16601 
TS: 16701 
TS: 16801 
TS: 16901 
TS: 17001 
TS: 17101 
TS: 17201 
TS: 17301 
TS: 17401 
TS: 17501 
TS: 17601 
TS: 17701 
TS: 17801 
TS: 17901 
TS: 18001 
TS: 18101 
TS: 18202 
TS: 18302 
TS: 18402 
TS: 18502 
TS: 18602 
TS: 18702 
TS: 18802 
TS: 18902 
TS: 19002 
TS: 19102 
TS: 19202 
TS: 19302 
TS: 19402 
TS: 19502 
TS: 19602 
TS: 19702 
TS: 19802 
TS: 19902 
TS: 20002 
TS: 20102 
TS: 20202 
TS: 20302 
TS: 20402 
TS: 20502 
TS: 20602 
TS: 20702 
TS: 20802 
TS: 20902 
TS: 21002 
TS: 21102 
TS: 21202 
TS: 21302 
TS: 21402 
TS: 21502 
TS: 21602 
TS: 21702 
TS: 21802 
TS: 21902 
TS: 22002 
TS: 22102 
TS: 22202 
TS: 22302 
TS: 22402 
TS: 22502 
TS: 22602 
TS: 22702 
TS: 22802 
TS: 22902 
TS: 23002 
TS: 23102 
TS: 23202 
TS: 23302 
TS: 23402 
TS: 23502 
TS: 23602 
TS: 23702 
TS: 23802 
TS: 23902 
TS: 24002 
TS: 24102 
TS: 24202 
TS: 24302 
TS: 24402 
TS: 24502 
TS: 24602 
TS: 24702 
TS: 24802 
TS: 24902 
TS: 25002 
TS: 25102 
TS: 25202 
TS: 25302 
TS: 25402 
TS: 25502 
TS: 25602 
TS: 25702 
TS: 25802 
TS: 25902 
TS: 26002 
TS: 26102 
TS: 26202 
TS: 26302 
TS: 26402 
TS: 26502 
TS: 26602 
TS: 26702 
TS: 26802 
TS: 26902 
TS: 27002 
TS: 27102 
TS: 27202 
TS: 27302 
TS: 27402 
TS: 27502 
TS: 27602 
TS: 27702 
TS: 27802 
TS: 27902 
TS: 28002 
TS: 28102 
TS: 28202 
TS: 28302 
TS: 28402 
TS: 28503 
TS: 28603 
TS: 28703 
TS: 28803 
TS: 28903 
TS: 29003 
TS: 29103 
TS: 29203 
TS: 29303 
TS: 29403 
TS: 29503 
TS: 29603 
TS: 29703 
TS: 29803 
TS: 29903 
TS: 30003 
TS: 30103 
TS: 30203 
TS: 30303 
TS: 30403 
TS: 30503 
TS: 30603 
TS: 30703 
TS: 30803 
TS: 30903 
TS: 31003 
TS: 31103 
TS: 31203 
TS: 31303 
TS: 31403 
TS: 31503 
TS: 31603 
TS: 31703 
TS: 31803 
TS: 31903 
TS: 32003 
TS: 32103 
TS: 32203 
TS: 32303 
TS: 32403 
TS: 32503 
TS: 32603 
TS: 32703 
TS: 32803 
TS: 32903 
TS: 33003 
TS: 33103 
TS: 33203 
TS: 33303 
TS: 33403 
TS: 33503 
TS: 33603 
TS: 33703 
TS: 33803 
TS: 33903 
TS: 34003 
TS: 34103 
TS: 34203 
TS: 34303 
TS: 34403 
TS: 34503 
TS: 34603 
TS: 34703 
TS: 34803 
TS: 34903 
TS: 35003 
TS: 35103 
TS: 35203 
TS: 35303 
TS: 35403 
TS: 35503 
TS: 35603 
TS: 35703 
TS: 35803 
TS: 35903 
TS: 36003 
TS: 36103 
TS: 36203 
TS: 36303 
TS: 36403 
TS: 36503 
TS: 36603 
TS: 36703 
TS: 36803 
TS: 36903 
TS: 37003 
TS: 37103 
TS: 37203 
TS: 37303 
TS: 37403 
TS: 37503 
TS: 37603 
TS: 37703 
TS: 37803 
TS: 37903 
TS: 38003 
TS: 38103 
TS: 38203 
TS: 38304 
TS: 38404 
TS: 38504 
TS: 38604 
TS: 38704 
TS: 38804 
TS: 38904 
TS: 39004 
TS: 39104 
TS: 39204 
TS: 39304 
TS: 39404 
TS: 39504 
TS: 39604 
TS: 39704 
TS: 39804 
TS: 39904 
TS: 40004 
TS: 40104 
TS: 40204 
TS: 40304 
TS: 40404 
TS: 40504 
TS: 40604 
TS: 40704 
TS: 40804 
TS: 40904 
TS: 41004 
TS: 41104 
TS: 41204 
TS: 41304 
TS: 41404 
TS: 41504 
TS: 41604 
TS: 41704 
TS: 41804 
TS: 41904 
TS: 42004 
TS: 42104 
TS: 42204 
TS: 42304 
TS: 42404 
TS: 42504 
TS: 42604 
TS: 42704 
TS: 42804 
TS: 42904 
TS: 43004 
TS: 43104 
TS: 43204 
TS: 43304 
TS: 43404 
TS: 43504 
TS: 43604 
TS: 43704 
TS: 43804 
TS: 43904 
TS: 44004 
TS: 44104 
TS: 44204 
TS: 44304 
TS: 44404 
TS: 44504 
TS: 44604 
TS: 44704 
TS: 44804 
TS: 44904 
TS: 45004 
TS: 45104 
TS: 45204 
TS: 45304 
TS: 45404 
TS: 45504 
TS: 45604 
TS: 45705 
TS: 45804 
TS: 45904 
TS: 46004 
TS: 46104 
TS: 46204 
TS: 46304 
TS: 46404 
TS: 46504 
TS: 46604 
TS: 46704 
TS: 46804 
TS: 46904 
TS: 47004 
TS: 47104 
TS: 47204 
TS: 47304 
TS: 47404 
TS: 47505 
TS: 47605 
TS: 47705 
TS: 47805 
TS: 47905 
TS: 48005 
TS: 48105 
TS: 48205 
TS: 48305 
TS: 48405 
TS: 48505 
TS: 48605 
TS: 48705 
TS: 48805 
TS: 48905 
TS: 49005 
TS: 49105 
TS: 49205 
TS: 49305 
TS: 49405 
TS: 49505 
TS: 49605 
TS: 49705 
TS: 49805 
TS: 49905 
TS: 50005 
TS: 50105 
TS: 50205 
TS: 50305 
TS: 50405 
TS: 50505 
TS: 50605 
TS: 50705 
TS: 50805 
TS: 50905 
TS: 51005 
TS: 51105 
TS: 51205 
TS: 51305 
TS: 51405 
TS: 51505 
TS: 51605 
TS: 51705 
TS: 51805 
TS: 51905 
TS: 52005 
TS: 52105 
TS: 52205 
TS: 52305 
TS: 52405 
TS: 52505 
TS: 52605 
TS: 52705 
TS: 52805 
TS: 52905 
TS: 53005 
TS: 53105 
TS: 53205 
TS: 53305 
TS: 53405 
TS: 53505 
TS: 53605 
TS: 53705 
TS: 53805 
TS: 53905 
TS: 54005 
TS: 54105 
TS: 54205 
TS: 54305 
TS: 54405 
TS: 54505 
TS: 54605 
TS: 54705 
TS: 54805 
TS: 54905 
TS: 55005 
TS: 55105 
TS: 55205 
TS: 55305 
TS: 55405 
TS: 55505 
TS: 55605 
TS: 55705 
TS: 55805 
TS: 55905 
TS: 56005 
TS: 56105 
TS: 56205 
TS: 56305 
TS: 56405 
TS: 56505 
TS: 56605 
TS: 56705 
TS: 56805 
TS: 56905 
TS: 57005 
TS: 57105 
TS: 57205 
TS: 57305 
TS: 57406 
TS: 57506 
TS: 57606 
TS: 57706 
TS: 57806 
TS: 57906 
TS: 58006 
TS: 58106 
TS: 58206 
TS: 58306 
TS: 58406 
TS: 58506 
TS: 58606 
TS: 58706 
TS: 58806 
TS: 58906 
TS: 59006 
TS: 59106 
TS: 59206 
TS: 59306 
TS: 59406 
TS: 59506 
TS: 59606 
TS: 59706 
TS: 59806 
TS: 59906 
TS: 60006 
TS: 60106 
TS: 60206 
TS: 60306 
TS: 60406 
TS: 60506 
TS: 60606 
TS: 60706 
TS: 60806 
TS: 60906 
TS: 61006 
TS: 61106 
TS: 61206 
TS: 61306 
TS: 61406 
TS: 61506 
TS: 61606 
TS: 61706 
TS: 61806 
TS: 61906 
TS: 62006 
TS: 62106 
TS: 62206 
TS: 62306 
TS: 62406 
TS: 62506 
TS: 62606 
TS: 62706 
TS: 62806 
TS: 62906 
TS: 63006 
TS: 63106 
TS: 63206 
TS: 63306 
TS: 63406 
TS: 63506 
TS: 63606 
TS: 63706 
TS: 63806 
TS: 63906 
TS: 64006 
TS: 64106 
TS: 64206 
TS: 64306 
TS: 64406 
TS: 64506 
TS: 64606 
TS: 64706 
TS: 64806 
TS: 64906 
TS: 65006 
TS: 65106 
TS: 65206 
TS: 65306 
TS: 65406 
TS: 65506 
TS: 65606 
TS: 65706 
TS: 65806 
TS: 65906 
TS: 66006 
TS: 66106 
TS: 66206 
TS: 66306 
TS: 66406 
TS: 66506 
TS: 66606 
TS: 66706 
TS: 66806 
TS: 66906 
TS: 67006 
TS: 67107 
TS: 67207 
TS: 67307 
TS: 67407 
TS: 67507 
TS: 67607 
TS: 67707 
TS: 67807 
TS: 67907 
TS: 68007 
TS: 68107 
TS: 68207 
TS: 68307 
TS: 68407 
TS: 68507 
TS: 68607 
TS: 68707 
TS: 68807 
TS: 68907 
TS: 69007 
TS: 69107 
TS: 69207 
TS: 69307 
TS: 69407 
TS: 69507 
TS: 69607 
TS: 69707 
TS: 69807 
TS: 69907 
TS: 70007 
TS: 70107 
TS: 70207 
TS: 70307 
TS: 70407 
TS: 70507 
TS: 70607 
TS: 70707 
TS: 70807 
TS: 70907 
TS: 71007 
TS: 71107 
TS: 71207 
TS: 71307 
TS: 71407 
TS: 71507 
TS: 71607 
TS: 71707 
TS: 71807 
TS: 71907 
TS: 72007 
TS: 72107 
TS: 72207 
TS: 72307 
TS: 72407 
TS: 72507 
TS: 72607 
TS: 72707 
TS: 72807 
TS: 72907 
TS: 73007 
TS: 73107 
TS: 73207 
TS: 73307 
TS: 73407 
TS: 73507 
TS: 73607 
TS: 73707 
TS: 73807 
TS: 73907 
TS: 74007 
TS: 74107 
TS: 74207 
TS: 74307 
TS: 74407 
TS: 74507 
TS: 74607 
TS: 74707 
TS: 74807 
TS: 74907 
TS: 75007 
TS: 75107 
TS: 75207 
TS: 75307 
TS: 75407 
TS: 75507 
TS: 75607 
TS: 75707 
TS: 75807 
TS: 75907 
TS: 76007 
TS: 76107 
TS: 76207 
TS: 76308 
TS: 76408 
TS: 76508 
TS: 76608 
TS: 76708 
TS: 76808 
TS: 76908 
TS: 77008 
TS: 77108 
TS: 77208 
TS: 77308 
TS: 77408 
TS: 77508 
TS: 77608 
TS: 77708 
TS: 77808 
TS: 77908 
TS: 78008 
TS: 78108 
TS: 78208 
TS: 78308 
TS: 78408 
TS: 78508 
TS: 78608 
TS: 78708 
TS: 78808 
TS: 78908 
TS: 79008 
TS: 79108 
TS: 79208 
TS: 79308 
TS: 79408 
TS: 79508 
TS: 79608 
TS: 79708 
TS: 79808 
TS: 79908 
TS: 80008 
TS: 80108 
TS: 80208 
TS: 80308 
TS: 80408 
TS: 80508 
TS: 80608 
TS: 80708 
TS: 80808 
TS: 80908 
TS: 81008 
TS: 81108 
TS: 81208 
TS: 81308 
TS: 81408 
TS: 81508 
TS: 81608 
TS: 81708 
TS: 81808 
TS: 81908 
TS: 82008 
TS: 82108 
TS: 82208 
TS: 82308 
TS: 82408 
TS: 82508 
TS: 82608 
TS: 82708 
TS: 82808 
TS: 82908 
TS: 83008 
TS: 83108 
TS: 83208 
TS: 83308 
TS: 83408 
TS: 83508 
TS: 83608 
TS: 83708 
TS: 83808 
TS: 83908 
TS: 84008 
TS: 84108 
TS: 84208 
TS: 84308 
TS: 84408 
TS: 84508 
TS: 84608 
TS: 84708 
TS: 84808 
TS: 84908 
TS: 85008 
TS: 85108 
TS: 85208 
TS: 85309 
TS: 85409 
TS: 85509 
TS: 85609 
TS: 85709 
TS: 85809 
TS: 85909 
TS: 86009 
TS: 86109 
TS: 86209 
TS: 86309 
TS: 86409 
TS: 86509 
TS: 86609 
TS: 86709 
TS: 86809 
TS: 86909 
TS: 87009 
TS: 87109 
TS: 87209 
TS: 87309 
TS: 87409 
TS: 87509 
TS: 87609 
TS: 87709 
TS: 87809 
TS: 87909 
TS: 88009 
TS: 88109 
TS: 88209 
TS: 88309 
TS: 88409 
TS: 88509 
TS: 88609 
TS: 88709 
TS: 88809 
TS: 88909 
TS: 89009 
TS: 89109 
TS: 89209 
TS: 89309 
TS: 89409 
TS: 89509 
TS: 89609 
TS: 89709 
TS: 89809 
TS: 89909 
TS: 90009 
TS: 90109 
TS: 90209 
TS: 90309 
TS: 90409 
TS: 90509 
TS: 90609 
TS: 90709 
TS: 90809 
TS: 90909 
TS: 91009 
TS: 91109 
TS: 91209 
TS: 91309 
TS: 91409 
TS: 91509 
TS: 91609 
TS: 91709 
TS: 91809 
TS: 91909 
TS: 92009 
TS: 92109 
TS: 92209 
TS: 92309 
TS: 92409 
TS: 92509 
TS: 92609 
TS: 92709 
TS: 92809 
TS: 92909 
TS: 93009 
TS: 93109 
TS: 93209 
TS: 93309 
TS: 93409 
TS: 93509 
TS: 93609 
TS: 93709 
TS: 93809 
TS: 93909 
TS: 94009 
TS: 94109 
TS: 94209 
TS: 94309 
TS: 94409 
TS: 94509 
TS: 94609 
TS: 94709 
TS: 94809 
TS: 94909 
TS: 95009 
TS: 95110 
TS: 95210 
TS: 95310 
TS: 95410 
TS: 95510 
TS: 95610 
TS: 95710 
TS: 95810 
TS: 95910 
TS: 96010 
TS: 96110 
TS: 96210 
TS: 96310 
TS: 96410 
TS: 96510 
TS: 96610 
TS: 96710 
TS: 96810 
TS: 96910 
TS: 97010 
TS: 97110 
TS: 97210 
TS: 97310 
TS: 97410 
TS: 97510 
TS: 97610 
TS: 97710 
TS: 97810 
TS: 97910 
TS: 98010 
TS: 98110 
TS: 98210 
TS: 98310 
TS: 98410 
TS: 98510 
TS: 98610 
TS: 98710 
TS: 98810 
TS: 98910 
TS: 99010 
TS: 99110 
TS: 99210 
TS: 99310 
TS: 99410 
TS: 99510 
TS: 99610 
TS: 99710 
TS: 99810 
TS: 99910 
TS: 100010 
TS: 100110 
TS: 100210 
TS: 100310 
TS: 100410 
TS: 100510 
TS: 100610 
TS: 100710 
TS: 100810 
TS: 100910 
TS: 101010 
TS: 101110 
TS: 101210 
TS: 101310 
TS: 101410 
TS: 101510 
TS: 101610 
TS: 101710 
TS: 101810 
TS: 101910 
TS: 102010 
TS: 102110 
TS: 102210 
TS: 102310 
TS: 102410 
TS: 102510 
TS: 102610 
TS: 102710 
TS: 102810 
TS: 102910 
TS: 103010 
TS: 103110 
TS: 103210 
TS: 103310 
TS: 103410 
TS: 103510 
TS: 103610 
TS: 103710 
TS: 103810 
TS: 103910 
TS: 104010 
TS: 104110 
TS: 104210 
TS: 104310 
TS: 104410 
TS: 104510 
TS: 104610 
TS: 104710 
TS: 104810 
TS: 104910 
TS: 105010 
TS: 105111 
TS: 105211 
TS: 105311 
TS: 105411 
TS: 105511 
TS: 105611 
TS: 105711 
TS: 105811 
TS: 105911 
TS: 106011 
TS: 106111 
TS: 106211 
TS: 106311 
TS: 106411 
TS: 106511 
TS: 106611 
TS: 106711 
TS: 106811 
TS: 106911 
TS: 107011 
TS: 107111 
TS: 107211 
TS: 107311 
TS: 107411 
TS: 107511 
TS: 107611 
TS: 107711 
TS: 107811 
TS: 107911 
TS: 108011 
TS: 108111 
TS: 108211 
TS: 108311 
TS: 108411 
TS: 108511 
TS: 108611 
TS: 108711 
TS: 108811 
TS: 108911 
TS: 109011 
TS: 109111 
TS: 109211 
TS: 109311 
TS: 109411 
TS: 109511 
TS: 109611 
TS: 109711 
TS: 109811 
TS: 109911 
TS: 110011 
TS: 110111 
TS: 110211 
TS: 110311 
TS: 110411 
TS: 110511 
TS: 110611 
TS: 110711 
TS: 110811 
TS: 110911 
TS: 111011 
TS: 111111 
TS: 111211 
TS: 111311 
TS: 111411 
TS: 111511 
TS: 111611 
TS: 111711 
TS: 111811 
TS: 111911 
TS: 112011 
TS: 112111 
TS: 112211 
TS: 112311 
TS: 112411 
TS: 112511 
TS: 112611 
TS: 112711 
TS: 112811 
TS: 112911 
TS: 113011 
TS: 113111 
TS: 113211 
TS: 113311 
TS: 113411 
TS: 113511 
TS: 113611 
TS: 113711 
TS: 113811 
TS: 113911 
TS: 114011 
TS: 114111 
TS: 114212 
TS: 114312 
TS: 114412 
TS: 114512 
TS: 114612 
TS: 114712 
TS: 114812 
TS: 114912 
TS: 115012 
TS: 115112 
TS: 115212 
TS: 115312 
TS: 115412 
TS: 115512 
TS: 115612 
TS: 115712 
TS: 115812 
TS: 115912 
TS: 116012 
TS: 116112 
TS: 116212 
TS: 116312 
TS: 116412 
TS: 116512 
TS: 116612 
TS: 116712 
TS: 116812 
TS: 116912 
TS: 117012 
TS: 117112 
TS: 117212 
TS: 117312 
TS: 117412 
TS: 117512 
TS: 117612 
TS: 117712 
TS: 117812 
TS: 117912 
TS: 118012 
TS: 118112 
TS: 118212 
TS: 118312 
TS: 118412 
TS: 118512 
TS: 118612 
TS: 118712 
TS: 118812 
TS: 118912 
TS: 119012 
TS: 119112 
TS: 119212 
TS: 119312 
TS: 119412 
TS: 119512 
TS: 119612 
TS: 119712 
TS: 119812 
TS: 119912 
TS: 120012 
TS: 120112 
TS: 120212 
TS: 120312 
TS: 120412 
TS: 120512 
TS: 120612 
TS: 120712 
TS: 120812 
TS: 120912 
TS: 121012 
TS: 121112 
TS: 121212 
TS: 121312 
TS: 121412 
TS: 121512 
TS: 121612 
TS: 121712 
TS: 121812 
TS: 121912 
TS: 122012 
TS: 122112 
TS: 122212 
TS: 122312 
TS: 122412 
TS: 122512 
TS: 122612 
TS: 122712 
TS: 122812 
TS: 122913 
TS: 123013 
TS: 123113 
TS: 123213 
TS: 123313 
TS: 123413 
TS: 123513 
TS: 123613 
TS: 123713 
TS: 123813 
TS: 123913 
TS: 124013 
TS: 124113 
TS: 124213 
TS: 124313 
TS: 124413 
TS: 124513 
TS: 124613 
TS: 124713 
TS: 124813 
TS: 124913 
TS: 125013 
TS: 125113 
TS: 125213 
TS: 125313 
TS: 125413 
TS: 125513 
TS: 125613 
TS: 125713 
TS: 125813 
TS: 125913 
TS: 126013 
TS: 126113 
TS: 126213 
TS: 126313 
TS: 126413 
TS: 126513 
TS: 126613 
TS: 126713 
TS: 126813 
TS: 126913 
TS: 127013 
TS: 127113 
TS: 127213 
TS: 127313 
TS: 127413 
TS: 127513 
TS: 127613 
TS: 127713 
TS: 127813 
TS: 127913 
TS: 128013 
TS: 128113 
TS: 128213 
TS: 128313 
TS: 128413 
TS: 128513 
TS: 128613 
TS: 128713 
TS: 128813 
TS: 128913 
TS: 129013 
TS: 129113 
TS: 129213 
TS: 129313 
TS: 129413 
TS: 129513 
TS: 129613 
TS: 129713 
TS: 129813 
TS: 129913 
TS: 130013 
TS: 130113 
TS: 130213 
TS: 130313 
TS: 130413 
TS: 130513 
TS: 130613 
TS: 130713 
TS: 130813 
TS: 130913 
TS: 131013 
TS: 131113 
TS: 131213 
TS: 131313 
TS: 131413 
TS: 131513 
TS: 131613 
TS: 131713 
TS: 131813 
TS: 131913 
TS: 132013 
TS: 132113 
TS: 132213 
TS: 132313 
TS: 132413 
TS: 132513 
TS: 132614 
TS: 132714 
TS: 132814 
TS: 132914 
TS: 133014 
TS: 133114 
TS: 133214 
TS: 133314 
TS: 133414 
TS: 133514 
TS: 133614 
TS: 133714 
TS: 133814 
TS: 133914 
TS: 134014 
TS: 134114 
TS: 134214 
TS: 134314 
TS: 134414 
TS: 134514 
TS: 134614 
TS: 134714 
TS: 134814 
TS: 134914 
TS: 135014 
TS: 135114 
TS: 135214 
TS: 135314 
TS: 135414 
TS: 135514 
TS: 135614 
TS: 135714 
TS: 135814 
TS: 135914 
TS: 136014 
TS: 136114 
TS: 136214 
TS: 136314 
TS: 136414 
TS: 136514 
TS: 136614 
TS: 136714 
TS: 136814 
TS: 136914 
TS: 137014 
TS: 137114 
TS: 137214 
TS: 137314 
TS: 137414 
TS: 137514 
TS: 137614 
TS: 137714 
TS: 137814 
TS: 137914 
TS: 138014 
TS: 138114 
TS: 138214 
TS: 138314 
TS: 138414 
TS: 138514 
TS: 138614 
TS: 138714 
TS: 138814 
TS: 138914 
TS: 139014 
TS: 139114 
TS: 139214 
TS: 139314 
TS: 139414 
TS: 139514 
TS: 139614 
TS: 139714 
TS: 139814 
TS: 139914 
TS: 140014 
TS: 140114 
TS: 140214 
TS: 140314 
TS: 140414 
TS: 140514 
TS: 140614 
TS: 140714 
TS: 140814 
TS: 140914 
TS: 141014 
TS: 141114 
TS: 141214 
TS: 141314 
TS: 141414 
TS: 141514 
TS: 141614 
TS: 141714 
TS: 141814 
TS: 141914 
TS: 142014 
TS: 142114 
TS: 142214 
TS: 142314 
TS: 142414 
TS: 142514 
TS: 142614 
TS: 142714 
TS: 142814 
TS: 142914 
TS: 143014 
TS: 143114 
TS: 143214 
TS: 143314 
TS: 143414 
TS: 143514 
TS: 143614 
TS: 143714 
TS: 143814 
TS: 143914 
TS: 144014 
TS: 144114 
TS: 144214 
TS: 144314 
TS: 144414 
TS: 144514 
TS: 144614 
TS: 144714 
TS: 144814 
TS: 144914 
TS: 145014 
TS: 145115 
TS: 145215 
TS: 145315 
TS: 145415 
TS: 145515 
TS: 145615 
TS: 145715 
TS: 145815 
TS: 145915 
TS: 146015 
TS: 146115 
TS: 146215 
TS: 146315 
TS: 146415 
TS: 146515 
TS: 146615 
TS: 146715 
TS: 146815 
TS: 146915 
TS: 147015 
TS: 147115 
TS: 147215 
TS: 147315 
TS: 147415 
TS: 147515 
TS: 147615 
TS: 147715 
TS: 147815 
TS: 147915 
TS: 148015 
TS: 148115 
TS: 148215 
TS: 148315 
TS: 148415 
TS: 148515 
TS: 148615 
TS: 148715 
TS: 148815 
TS: 148915 
TS: 149015 
TS: 149115 
TS: 149215 
TS: 149315 
TS: 149415 
TS: 149515 
TS: 149615 
TS: 149715 
TS: 149815 
TS: 149915 
TS: 150015 
TS: 150115 
TS: 150215 
TS: 150315 
TS: 150415 
TS: 150515 
TS: 150615 
TS: 150715 
TS: 150815 
TS: 150915 
TS: 151015 
TS: 151115 
TS: 151215 
TS: 151315 
TS: 151415 
TS: 151515 
TS: 151615 
TS: 151715 
TS: 151815 
TS: 151915 
TS: 152015 
TS: 152115 
TS: 152215 
TS: 152315 
TS: 152415 
TS: 152515 
TS: 152615 
TS: 152715 
TS: 152815 
TS: 152915 
TS: 153015 
TS: 153115 
TS: 153215 
TS: 153315 
TS: 153415 
TS: 153515 
TS: 153615 
TS: 153715 
TS: 153815 
TS: 153915 
TS: 154015 
TS: 154115 
TS: 154215 
TS: 154315 
TS: 154415 
TS: 154515 
TS: 154615 
TS: 154715 
TS: 154815 
TS: 154915 
TS: 155015 
TS: 155115 
TS: 155215 
TS: 155315 
TS: 155415 
TS: 155515 
yarp: Removing input from /iha/controller/encoders:out to /iha/sm/encoders:in
yarp: Removing output from /iha/sm/sensor:out to /iha/dynamics/data:in
yarp: Removing input from /iha/fd/facedetect:coords to /iha/sm/facecoords:in
yarp: Removing input from /iha/sound/sndsensor:out to /iha/sm/soundsensor:in
SensorMotorInterfaceModule::respond quit
sensorOutputPort.interrupt();
faceCoordsPort.interrupt();
imagePort.interrupt();
soundSensorPort.interrupt();
sensorMotorPort.interrupt();
SoundSensorReadLoop ended
statusPort.interrupt();
