Sensor Motor Interface Module
Debug level : 20
echo_output FALSE
gaze_input FALSE
num_image_sensors x/y : 8/8
Writing sensor output to port /iha/sm/sensor:out
yarp: Port /iha/sm/sensor:out active at tcp://10.0.0.104:10272
yarp: Port /iha/sm/image:in active at tcp://10.0.0.104:10302
yarp: Port /iha/sm/facecoords:in active at tcp://10.0.0.104:10292
yarp: Port /iha/sm/soundsensor:in active at tcp://10.0.0.104:10152
yarp: Port /iha/sm/encoders:in active at tcp://10.0.0.104:10322
Waiting for port /icub/cam/left  ready. Now connecting /icub/cam/left to /iha/sm/image:in yarp: Receiving input from /icub/cam/left to /iha/sm/image:in using tcp
Added output connection from "/icub/cam/left" to "/iha/sm/image:in"
 connected.
Connected to Image
Waiting for port /iha/fd/facedetect:coords  ready. Now connecting /iha/fd/facedetect:coords to /iha/sm/facecoords:in yarp: Receiving input from /iha/fd/facedetect:coords to /iha/sm/facecoords:in using tcp
Added output connection from "/iha/fd/facedetect:coords" to "/iha/sm/facecoords:in"
 connected.
Connected to Face Coords
Waiting for port /iha/sound/sndsensor:out  ready. Now connecting /iha/sound/sndsensor:out to /iha/sm/soundsensor:in yarp: Receiving input from /iha/sound/sndsensor:out to /iha/sm/soundsensor:in using tcp
Added output connection from "/iha/sound/sndsensor:out" to "/iha/sm/soundsensor:in"
 connected.
Connected to sound sensor
Waiting for port /iha/controller/encoders:out yarp: Sending output from /iha/sm/sensor:out to /iha/dynamics/data:in using tcp
 ready. Now connecting /iha/controller/encoders:out to /iha/sm/encoders:in Added output connection from "/iha/controller/encoders:out" to "/iha/sm/encoders:in"
 connected.
Connected to encoders
yarp: Receiving input from /iha/controller/encoders:out to /iha/sm/encoders:in using tcp
yarp: Port /iha/sm/status:out active at tcp://10.0.0.104:10392
yarp: Port /iha/sm/quit active at tcp://10.0.0.104:10372
Checking "file": = /usr/local/src/robot/iCub/app/ ... (configuration file to use, if any)
Working with config file /usr/local/src/robot/iCub/app/iha_new/conf/
Checking "name": = /iha/sm (name of module)
Checking "help": if present, display usage message
Listening to terminal (type "quit" to stop module)
TS: 0 
TS: 100 
TS: 200 
TS: 300 
TS: 400 
TS: 500 
TS: 600 
TS: 700 
TS: 800 
TS: 900 
TS: 1000 
TS: 1100 
TS: 1200 
TS: 1300 
TS: 1400 
TS: 1500 
TS: 1600 
TS: 1700 
TS: 1800 
TS: 1900 
TS: 2000 
TS: 2100 
TS: 2200 
TS: 2300 
TS: 2400 
TS: 2500 
TS: 2600 
TS: 2700 
TS: 2800 
TS: 2900 
TS: 3000 
TS: 3100 
TS: 3200 
TS: 3300 
TS: 3400 
TS: 3500 
TS: 3600 
TS: 3700 
TS: 3801 
TS: 3901 
TS: 4001 
TS: 4101 
TS: 4201 
TS: 4301 
TS: 4401 
TS: 4501 
TS: 4601 
TS: 4701 
TS: 4801 
TS: 4901 
TS: 5001 
TS: 5101 
TS: 5201 
TS: 5301 
TS: 5401 
TS: 5501 
TS: 5601 
TS: 5701 
TS: 5801 
TS: 5901 
TS: 6001 
TS: 6101 
TS: 6201 
TS: 6301 
TS: 6401 
TS: 6501 
TS: 6601 
TS: 6701 
TS: 6801 
TS: 6901 
TS: 7001 
TS: 7101 
TS: 7201 
TS: 7301 
TS: 7401 
TS: 7501 
TS: 7601 
TS: 7701 
TS: 7801 
TS: 7901 
TS: 8001 
TS: 8101 
TS: 8201 
TS: 8302 
TS: 8402 
TS: 8502 
TS: 8602 
TS: 8702 
TS: 8802 
TS: 8902 
TS: 9002 
TS: 9102 
TS: 9202 
TS: 9302 
TS: 9402 
TS: 9502 
TS: 9602 
TS: 9702 
TS: 9802 
TS: 9902 
TS: 10002 
TS: 10102 
TS: 10202 
TS: 10302 
TS: 10402 
TS: 10502 
TS: 10602 
TS: 10702 
TS: 10802 
TS: 10902 
TS: 11002 
TS: 11102 
TS: 11202 
TS: 11302 
TS: 11402 
TS: 11502 
TS: 11602 
TS: 11702 
TS: 11802 
TS: 11902 
TS: 12002 
TS: 12102 
TS: 12202 
TS: 12302 
TS: 12402 
TS: 12502 
TS: 12602 
TS: 12702 
TS: 12802 
TS: 12902 
TS: 13002 
TS: 13102 
TS: 13202 
TS: 13302 
TS: 13402 
TS: 13502 
TS: 13602 
TS: 13702 
TS: 13802 
TS: 13902 
TS: 14002 
TS: 14102 
TS: 14202 
TS: 14302 
TS: 14402 
TS: 14502 
TS: 14602 
TS: 14702 
TS: 14802 
TS: 14902 
TS: 15002 
TS: 15102 
TS: 15202 
TS: 15302 
TS: 15402 
TS: 15502 
TS: 15603 
TS: 15703 
TS: 15803 
TS: 15903 
TS: 16003 
TS: 16103 
TS: 16203 
TS: 16303 
TS: 16403 
TS: 16503 
TS: 16603 
TS: 16703 
TS: 16803 
TS: 16903 
TS: 17003 
TS: 17103 
TS: 17203 
TS: 17303 
TS: 17403 
TS: 17503 
TS: 17603 
TS: 17703 
TS: 17803 
TS: 17903 
TS: 18003 
TS: 18103 
TS: 18203 
TS: 18303 
TS: 18403 
TS: 18503 
TS: 18603 
TS: 18703 
TS: 18803 
TS: 18903 
TS: 19003 
TS: 19103 
TS: 19203 
TS: 19303 
TS: 19403 
TS: 19503 
TS: 19603 
TS: 19703 
TS: 19803 
TS: 19903 
TS: 20003 
TS: 20103 
TS: 20203 
TS: 20303 
TS: 20403 
TS: 20503 
TS: 20603 
TS: 20703 
TS: 20803 
TS: 20903 
TS: 21003 
TS: 21103 
TS: 21203 
TS: 21303 
TS: 21403 
TS: 21503 
TS: 21603 
TS: 21703 
TS: 21803 
TS: 21903 
TS: 22003 
TS: 22103 
TS: 22203 
TS: 22303 
TS: 22403 
TS: 22503 
TS: 22603 
TS: 22703 
TS: 22803 
TS: 22903 
TS: 23003 
TS: 23103 
TS: 23203 
TS: 23303 
TS: 23403 
TS: 23503 
TS: 23603 
TS: 23703 
TS: 23803 
TS: 23903 
TS: 24003 
TS: 24103 
TS: 24203 
TS: 24303 
TS: 24403 
TS: 24503 
TS: 24603 
TS: 24703 
TS: 24803 
TS: 24903 
TS: 25003 
TS: 25103 
TS: 25203 
TS: 25303 
TS: 25403 
TS: 25503 
TS: 25603 
TS: 25703 
TS: 25803 
TS: 25903 
TS: 26003 
TS: 26103 
TS: 26203 
TS: 26303 
TS: 26403 
TS: 26503 
TS: 26603 
TS: 26703 
TS: 26803 
TS: 26903 
TS: 27003 
TS: 27103 
TS: 27203 
TS: 27303 
TS: 27403 
TS: 27503 
TS: 27603 
TS: 27704 
TS: 27804 
TS: 27904 
TS: 28004 
TS: 28104 
TS: 28204 
TS: 28304 
TS: 28404 
TS: 28504 
TS: 28604 
TS: 28704 
TS: 28804 
TS: 28904 
TS: 29004 
TS: 29104 
TS: 29204 
TS: 29304 
TS: 29404 
TS: 29504 
TS: 29604 
TS: 29704 
TS: 29804 
TS: 29904 
TS: 30004 
TS: 30104 
TS: 30204 
TS: 30304 
TS: 30404 
TS: 30504 
TS: 30604 
TS: 30704 
TS: 30804 
TS: 30904 
TS: 31004 
TS: 31104 
TS: 31204 
TS: 31304 
TS: 31404 
TS: 31504 
TS: 31604 
TS: 31704 
TS: 31804 
TS: 31904 
TS: 32004 
TS: 32104 
TS: 32204 
TS: 32304 
TS: 32404 
TS: 32504 
TS: 32604 
TS: 32704 
TS: 32804 
TS: 32904 
TS: 33004 
TS: 33104 
TS: 33204 
TS: 33304 
TS: 33404 
TS: 33504 
TS: 33604 
TS: 33704 
TS: 33804 
TS: 33904 
TS: 34004 
TS: 34104 
TS: 34204 
TS: 34304 
TS: 34404 
TS: 34504 
TS: 34604 
TS: 34704 
TS: 34804 
TS: 34904 
TS: 35004 
TS: 35104 
TS: 35204 
TS: 35304 
TS: 35404 
TS: 35504 
TS: 35604 
TS: 35704 
TS: 35804 
TS: 35904 
TS: 36004 
TS: 36104 
TS: 36204 
TS: 36304 
TS: 36404 
TS: 36504 
TS: 36604 
TS: 36704 
TS: 36804 
TS: 36904 
TS: 37004 
TS: 37104 
TS: 37204 
TS: 37304 
TS: 37404 
TS: 37504 
TS: 37605 
TS: 37705 
TS: 37805 
TS: 37905 
TS: 38005 
TS: 38105 
TS: 38205 
TS: 38305 
TS: 38405 
TS: 38505 
TS: 38605 
TS: 38705 
TS: 38805 
TS: 38905 
TS: 39005 
TS: 39105 
TS: 39205 
TS: 39305 
TS: 39405 
TS: 39505 
TS: 39605 
TS: 39705 
TS: 39805 
TS: 39905 
TS: 40005 
TS: 40105 
TS: 40205 
TS: 40305 
TS: 40405 
TS: 40505 
TS: 40605 
TS: 40705 
TS: 40805 
TS: 40905 
TS: 41005 
TS: 41105 
TS: 41205 
TS: 41305 
TS: 41405 
TS: 41505 
TS: 41605 
TS: 41705 
TS: 41805 
TS: 41905 
TS: 42005 
TS: 42105 
TS: 42205 
TS: 42305 
TS: 42405 
TS: 42505 
TS: 42605 
TS: 42705 
TS: 42805 
TS: 42905 
TS: 43005 
TS: 43105 
TS: 43205 
TS: 43305 
TS: 43405 
TS: 43505 
TS: 43605 
TS: 43705 
TS: 43805 
TS: 43905 
TS: 44005 
TS: 44105 
TS: 44205 
TS: 44305 
TS: 44405 
TS: 44505 
TS: 44605 
TS: 44705 
TS: 44805 
TS: 44905 
TS: 45005 
TS: 45105 
TS: 45205 
TS: 45305 
TS: 45405 
TS: 45505 
TS: 45605 
TS: 45705 
TS: 45805 
TS: 45905 
TS: 46005 
TS: 46105 
TS: 46205 
TS: 46305 
TS: 46405 
TS: 46505 
TS: 46605 
TS: 46705 
TS: 46805 
TS: 46905 
TS: 47005 
TS: 47105 
TS: 47205 
TS: 47305 
TS: 47405 
TS: 47505 
TS: 47605 
TS: 47705 
TS: 47805 
TS: 47905 
TS: 48005 
TS: 48105 
TS: 48205 
TS: 48305 
TS: 48405 
TS: 48505 
TS: 48605 
TS: 48705 
TS: 48806 
TS: 48905 
TS: 49006 
TS: 49106 
TS: 49206 
TS: 49306 
TS: 49406 
TS: 49506 
TS: 49606 
TS: 49706 
TS: 49806 
TS: 49906 
TS: 50006 
TS: 50106 
TS: 50206 
TS: 50306 
TS: 50406 
TS: 50506 
TS: 50606 
TS: 50706 
TS: 50806 
TS: 50906 
TS: 51006 
TS: 51106 
TS: 51206 
TS: 51306 
TS: 51406 
TS: 51506 
TS: 51606 
TS: 51706 
TS: 51806 
TS: 51906 
TS: 52006 
TS: 52106 
TS: 52206 
TS: 52306 
TS: 52406 
TS: 52506 
TS: 52606 
TS: 52706 
TS: 52806 
TS: 52906 
TS: 53006 
TS: 53106 
TS: 53206 
TS: 53306 
TS: 53406 
TS: 53506 
TS: 53606 
TS: 53706 
TS: 53806 
TS: 53906 
TS: 54006 
TS: 54106 
TS: 54206 
TS: 54306 
TS: 54406 
TS: 54506 
TS: 54606 
TS: 54706 
TS: 54806 
TS: 54906 
TS: 55006 
TS: 55106 
TS: 55206 
TS: 55306 
TS: 55406 
TS: 55506 
TS: 55606 
TS: 55706 
TS: 55806 
TS: 55906 
TS: 56006 
TS: 56106 
TS: 56206 
TS: 56306 
TS: 56406 
TS: 56506 
TS: 56606 
TS: 56706 
TS: 56806 
TS: 56906 
TS: 57006 
TS: 57106 
TS: 57206 
TS: 57306 
TS: 57406 
TS: 57506 
TS: 57606 
TS: 57706 
TS: 57806 
TS: 57906 
TS: 58006 
TS: 58106 
TS: 58206 
TS: 58306 
TS: 58406 
TS: 58506 
TS: 58606 
TS: 58706 
TS: 58806 
TS: 58906 
TS: 59006 
TS: 59106 
TS: 59206 
TS: 59306 
TS: 59406 
TS: 59506 
TS: 59606 
TS: 59706 
TS: 59806 
TS: 59906 
TS: 60006 
TS: 60106 
TS: 60206 
TS: 60306 
TS: 60406 
TS: 60506 
TS: 60606 
TS: 60706 
TS: 60806 
TS: 60906 
TS: 61006 
TS: 61106 
TS: 61207 
TS: 61307 
TS: 61407 
TS: 61507 
TS: 61607 
TS: 61707 
TS: 61807 
TS: 61907 
TS: 62007 
TS: 62107 
TS: 62207 
TS: 62307 
TS: 62407 
TS: 62507 
TS: 62607 
TS: 62707 
TS: 62807 
TS: 62907 
TS: 63007 
TS: 63107 
TS: 63207 
TS: 63307 
TS: 63407 
TS: 63507 
TS: 63607 
TS: 63707 
TS: 63807 
TS: 63907 
TS: 64007 
TS: 64107 
TS: 64207 
TS: 64307 
TS: 64407 
TS: 64507 
TS: 64607 
TS: 64707 
TS: 64807 
TS: 64907 
TS: 65007 
TS: 65107 
TS: 65207 
TS: 65307 
TS: 65407 
TS: 65507 
TS: 65607 
TS: 65707 
TS: 65807 
TS: 65907 
TS: 66007 
TS: 66107 
TS: 66207 
TS: 66307 
TS: 66407 
TS: 66507 
TS: 66607 
TS: 66707 
TS: 66807 
TS: 66907 
TS: 67007 
TS: 67107 
TS: 67207 
TS: 67307 
TS: 67407 
TS: 67507 
TS: 67607 
TS: 67707 
TS: 67807 
TS: 67907 
TS: 68007 
TS: 68107 
TS: 68207 
TS: 68307 
TS: 68407 
TS: 68507 
TS: 68607 
TS: 68707 
TS: 68807 
TS: 68907 
TS: 69007 
TS: 69107 
TS: 69207 
TS: 69307 
TS: 69407 
TS: 69507 
TS: 69607 
TS: 69707 
TS: 69807 
TS: 69907 
TS: 70007 
TS: 70107 
TS: 70207 
TS: 70307 
TS: 70407 
TS: 70507 
TS: 70607 
TS: 70707 
TS: 70807 
TS: 70907 
TS: 71007 
TS: 71107 
TS: 71207 
TS: 71307 
TS: 71407 
TS: 71507 
TS: 71607 
TS: 71707 
TS: 71807 
TS: 71907 
TS: 72007 
TS: 72107 
TS: 72207 
TS: 72307 
TS: 72407 
TS: 72507 
TS: 72607 
TS: 72707 
TS: 72807 
TS: 72907 
TS: 73007 
TS: 73107 
TS: 73207 
TS: 73307 
TS: 73407 
TS: 73507 
TS: 73607 
TS: 73707 
TS: 73808 
TS: 73908 
TS: 74008 
TS: 74108 
TS: 74208 
TS: 74308 
TS: 74408 
TS: 74508 
TS: 74608 
TS: 74708 
TS: 74808 
TS: 74908 
TS: 75008 
TS: 75108 
TS: 75208 
TS: 75308 
TS: 75408 
TS: 75508 
TS: 75608 
TS: 75708 
TS: 75808 
TS: 75908 
TS: 76008 
TS: 76108 
TS: 76208 
TS: 76308 
TS: 76408 
TS: 76508 
TS: 76608 
TS: 76708 
TS: 76808 
TS: 76908 
TS: 77008 
TS: 77108 
TS: 77208 
TS: 77308 
TS: 77408 
TS: 77508 
TS: 77608 
TS: 77708 
TS: 77808 
TS: 77908 
TS: 78008 
TS: 78108 
TS: 78208 
TS: 78308 
TS: 78408 
TS: 78508 
TS: 78608 
TS: 78708 
TS: 78808 
TS: 78908 
TS: 79008 
TS: 79108 
TS: 79208 
TS: 79308 
TS: 79408 
TS: 79508 
TS: 79608 
TS: 79708 
TS: 79808 
TS: 79908 
TS: 80008 
TS: 80108 
TS: 80208 
TS: 80308 
TS: 80408 
TS: 80508 
TS: 80608 
TS: 80708 
TS: 80808 
TS: 80908 
TS: 81008 
TS: 81108 
TS: 81208 
TS: 81308 
TS: 81408 
TS: 81508 
TS: 81608 
TS: 81708 
TS: 81808 
TS: 81908 
TS: 82008 
TS: 82108 
TS: 82208 
TS: 82308 
TS: 82408 
TS: 82508 
TS: 82608 
TS: 82708 
TS: 82808 
TS: 82908 
TS: 83008 
TS: 83108 
TS: 83208 
TS: 83309 
TS: 83409 
TS: 83509 
TS: 83609 
TS: 83709 
TS: 83809 
TS: 83909 
TS: 84009 
TS: 84109 
TS: 84209 
TS: 84309 
TS: 84409 
TS: 84509 
TS: 84609 
TS: 84709 
TS: 84809 
TS: 84909 
TS: 85009 
TS: 85109 
TS: 85209 
TS: 85309 
TS: 85409 
TS: 85509 
TS: 85609 
TS: 85709 
TS: 85809 
TS: 85909 
TS: 86009 
TS: 86109 
TS: 86209 
TS: 86309 
TS: 86409 
TS: 86509 
TS: 86609 
TS: 86709 
TS: 86809 
TS: 86909 
TS: 87009 
TS: 87109 
TS: 87209 
TS: 87309 
TS: 87409 
TS: 87509 
TS: 87609 
TS: 87709 
TS: 87809 
TS: 87909 
TS: 88009 
TS: 88109 
TS: 88209 
TS: 88309 
TS: 88409 
TS: 88509 
TS: 88609 
TS: 88709 
TS: 88809 
TS: 88909 
TS: 89009 
TS: 89109 
TS: 89209 
TS: 89309 
TS: 89409 
TS: 89509 
TS: 89609 
TS: 89709 
TS: 89809 
TS: 89909 
TS: 90010 
TS: 90110 
TS: 90210 
TS: 90310 
TS: 90410 
TS: 90510 
TS: 90610 
TS: 90710 
TS: 90810 
TS: 90910 
TS: 91010 
TS: 91110 
TS: 91210 
TS: 91310 
TS: 91410 
TS: 91510 
TS: 91610 
TS: 91710 
TS: 91810 
TS: 91910 
TS: 92010 
TS: 92110 
TS: 92210 
TS: 92310 
TS: 92410 
TS: 92510 
TS: 92610 
TS: 92710 
TS: 92810 
TS: 92910 
TS: 93010 
TS: 93110 
TS: 93210 
TS: 93310 
TS: 93410 
TS: 93510 
TS: 93610 
TS: 93710 
TS: 93810 
TS: 93910 
TS: 94010 
TS: 94110 
TS: 94210 
TS: 94310 
TS: 94410 
TS: 94510 
TS: 94610 
TS: 94710 
TS: 94810 
TS: 94910 
TS: 95010 
TS: 95110 
TS: 95210 
TS: 95310 
TS: 95410 
TS: 95510 
TS: 95610 
TS: 95710 
TS: 95810 
TS: 95910 
TS: 96010 
TS: 96110 
TS: 96210 
TS: 96310 
TS: 96410 
TS: 96510 
TS: 96610 
TS: 96710 
TS: 96810 
TS: 96910 
TS: 97010 
TS: 97110 
TS: 97210 
TS: 97310 
TS: 97410 
TS: 97510 
TS: 97610 
TS: 97710 
TS: 97810 
TS: 97911 
TS: 98011 
TS: 98111 
TS: 98211 
TS: 98311 
TS: 98411 
TS: 98511 
TS: 98611 
TS: 98711 
TS: 98811 
TS: 98911 
TS: 99011 
TS: 99111 
TS: 99211 
TS: 99311 
TS: 99411 
TS: 99511 
TS: 99611 
TS: 99711 
TS: 99811 
TS: 99911 
TS: 100011 
TS: 100111 
TS: 100211 
TS: 100311 
TS: 100411 
TS: 100511 
TS: 100611 
TS: 100711 
TS: 100811 
TS: 100911 
TS: 101011 
TS: 101111 
TS: 101211 
TS: 101311 
TS: 101411 
TS: 101511 
TS: 101611 
TS: 101711 
TS: 101811 
TS: 101911 
TS: 102011 
TS: 102111 
TS: 102211 
TS: 102311 
TS: 102411 
TS: 102511 
TS: 102611 
TS: 102711 
TS: 102811 
TS: 102911 
TS: 103011 
TS: 103111 
TS: 103211 
TS: 103311 
TS: 103411 
TS: 103511 
TS: 103611 
TS: 103711 
TS: 103811 
TS: 103911 
TS: 104011 
TS: 104111 
TS: 104211 
TS: 104311 
TS: 104411 
TS: 104511 
TS: 104611 
TS: 104711 
TS: 104811 
TS: 104911 
TS: 105011 
TS: 105111 
TS: 105211 
TS: 105311 
TS: 105411 
TS: 105511 
TS: 105611 
TS: 105711 
TS: 105811 
TS: 105911 
TS: 106011 
TS: 106111 
TS: 106211 
TS: 106311 
TS: 106411 
TS: 106511 
TS: 106611 
TS: 106711 
TS: 106811 
TS: 106911 
TS: 107011 
TS: 107111 
TS: 107211 
TS: 107311 
TS: 107411 
TS: 107511 
TS: 107611 
TS: 107711 
TS: 107811 
TS: 107911 
TS: 108011 
TS: 108111 
TS: 108211 
TS: 108311 
TS: 108411 
TS: 108511 
TS: 108611 
TS: 108711 
TS: 108811 
TS: 108911 
TS: 109011 
TS: 109111 
TS: 109212 
TS: 109312 
TS: 109412 
TS: 109512 
TS: 109612 
TS: 109712 
TS: 109812 
TS: 109912 
TS: 110012 
TS: 110112 
TS: 110212 
TS: 110312 
TS: 110412 
TS: 110512 
TS: 110612 
TS: 110712 
TS: 110812 
TS: 110912 
TS: 111012 
TS: 111112 
TS: 111212 
TS: 111312 
TS: 111412 
TS: 111512 
TS: 111612 
TS: 111712 
TS: 111812 
TS: 111912 
TS: 112012 
TS: 112112 
TS: 112212 
TS: 112312 
TS: 112412 
TS: 112512 
TS: 112612 
TS: 112712 
TS: 112812 
TS: 112912 
TS: 113012 
TS: 113112 
TS: 113212 
TS: 113312 
TS: 113412 
TS: 113512 
TS: 113612 
TS: 113712 
TS: 113812 
TS: 113912 
TS: 114012 
TS: 114112 
TS: 114212 
TS: 114312 
TS: 114412 
TS: 114512 
TS: 114612 
TS: 114712 
TS: 114812 
TS: 114912 
TS: 115012 
TS: 115112 
TS: 115212 
TS: 115312 
TS: 115412 
TS: 115512 
TS: 115612 
TS: 115712 
TS: 115812 
TS: 115912 
TS: 116012 
TS: 116112 
TS: 116212 
TS: 116312 
TS: 116412 
TS: 116512 
TS: 116612 
TS: 116712 
TS: 116812 
TS: 116912 
TS: 117012 
TS: 117112 
TS: 117212 
TS: 117312 
TS: 117412 
TS: 117512 
TS: 117612 
TS: 117712 
TS: 117812 
TS: 117912 
TS: 118012 
TS: 118112 
TS: 118212 
TS: 118312 
TS: 118412 
TS: 118512 
TS: 118612 
TS: 118712 
TS: 118812 
TS: 118912 
TS: 119012 
TS: 119112 
TS: 119212 
TS: 119312 
TS: 119412 
TS: 119512 
TS: 119612 
TS: 119712 
TS: 119812 
TS: 119912 
TS: 120012 
TS: 120112 
TS: 120212 
TS: 120312 
TS: 120413 
TS: 120513 
TS: 120613 
TS: 120713 
TS: 120813 
TS: 120913 
TS: 121013 
TS: 121113 
TS: 121213 
TS: 121313 
TS: 121413 
TS: 121513 
TS: 121613 
TS: 121713 
TS: 121813 
TS: 121913 
TS: 122013 
TS: 122113 
yarp: Removing input from /iha/controller/encoders:out to /iha/sm/encoders:in
yarp: Removing output from /iha/sm/sensor:out to /iha/dynamics/data:in
yarp: Removing input from /iha/fd/facedetect:coords to /iha/sm/facecoords:in
yarp: Removing input from /iha/sound/sndsensor:out to /iha/sm/soundsensor:in
SensorMotorInterfaceModule::respond quit
sensorOutputPort.interrupt();
faceCoordsPort.interrupt();
imagePort.interrupt();
soundSensorPort.interrupt();
sensorMotorPort.interrupt();
SoundSensorReadLoop ended
statusPort.interrupt();
