Action Selection Module
Debug level : 50
max_repeat_zero 3
Writing actions to port /iha/as/action:out
yarp: Port /iha/as/action:out active at tcp://10.0.0.104:10282
Waiting for port /iha/controller/action:cmd  ready. Now connecting /iha/as/action:out to /iha/controller/action:cmd yarp: Sending output from /iha/as/action:out to /iha/controller/action:cmd using tcp
Added output connection from "/iha/as/action:out" to "/iha/controller/action:cmd"
 connected.
Connected to Action
neighbour_radius 3.000000
temperature 3.000000
temp_dec 0.001000
53 joints configured
Joint : HEAD_PITCH -> 0
Joint : HEAD_YAW -> 1
Joint : HEAD_PAN -> 2
Joint : EYES_UD -> 3
Joint : EYES_RL -> 4
Joint : EYES_CD -> 5
Joint : LSH_ROT -> 6
Joint : LSH_ELV -> 7
Joint : LSH_TWST -> 8
Joint : LELB_FLX -> 9
Joint : LELB_TWST -> 10
Joint : LWR_ABD -> 11
Joint : LWR_FLX -> 12
Joint : LDIG_1 -> 13
Joint : LDIG_2 -> 14
Joint : LDIG_3 -> 15
Joint : LDIG_4 -> 16
Joint : LDIG_5 -> 17
Joint : LDIG_6 -> 18
Joint : LDIG_7 -> 19
Joint : LDIG_8 -> 20
Joint : LDIG_9 -> 21
Joint : RSH_ROT -> 22
Joint : RSH_ELV -> 23
Joint : RSH_TWST -> 24
Joint : RELB_FLX -> 25
Joint : RELB_TWST -> 26
Joint : RWR_ABD -> 27
Joint : RWR_FLX -> 28
Joint : RDIG_1 -> 29
Joint : RDIG_2 -> 30
Joint : RDIG_3 -> 31
Joint : RDIG_4 -> 32
Joint : RDIG_5 -> 33
Joint : RDIG_6 -> 34
Joint : RDIG_7 -> 35
Joint : RDIG_8 -> 36
Joint : RDIG_9 -> 37
Joint : TOR_TW -> 38
Joint : TOR_LR -> 39
Joint : TOR_FB -> 40
Joint : LL_TW -> 41
Joint : L_KNEE -> 42
Joint : LL_ABD -> 43
Joint : LL_FB -> 44
Joint : LFT_LIFT -> 45
Joint : LFT_TURN -> 46
Joint : RL_TW -> 47
Joint : R_KNEE -> 48
Joint : RL_ABD -> 49
Joint : RL_FB -> 50
Joint : RFT_LIFT -> 51
Joint : RFT_TURN -> 52
13 actions configured
arrays allocated
action #0:
action: Rest
read: HEAD_PITCH 0 2
read: HEAD_YAW 0 2
read: HEAD_PAN 0 2
read: EYES_UD 0 2
read: EYES_RL 0 2
read: EYES_CD 0 2
read: RSH_ROT -20 1
read: RSH_ELV 25 1
read: RSH_TWST 0 1
read: RELB_FLX 10 1
read: RELB_TWST 0 1
read: RWR_ABD 0 1
read: RWR_FLX -1 1
read: RDIG_1 0 1
read: RDIG_2 0 1
read: RDIG_3 0 1
read: RDIG_4 0 1
read: RDIG_5 0 1
read: RDIG_6 0 1
read: RDIG_7 0 1
read: RDIG_8 0 1
read: RDIG_9 20 1
read: LSH_ROT -20 1
read: LSH_ELV 25 1
read: LSH_TWST 0 1
read: LELB_FLX 10 1
read: LELB_TWST 0 1
read: LWR_ABD 0 1
read: LWR_FLX -1 1
read: LDIG_1 0 1
read: LDIG_2 0 1
read: LDIG_3 0 1
read: LDIG_4 0 1
read: LDIG_5 0 1
read: LDIG_6 0 1
read: LDIG_7 0 1
read: LDIG_8 0 1
read: LDIG_9 20 1
sequence item: BLOCK
Read Sequence: conf/sequences/Rest_SIM.seq
HEAD_PITCH 0 2
HEAD_YAW 0 2
HEAD_PAN 0 2
EYES_UD 0 2
EYES_RL 0 2
EYES_CD 0 2
RSH_ROT -20 1
RSH_ELV 25 1
RSH_TWST 0 1
RELB_FLX 10 1
RELB_TWST 0 1
RWR_ABD 0 1
RWR_FLX -1 1
RDIG_1 0 1
RDIG_2 0 1
RDIG_3 0 1
RDIG_4 0 1
RDIG_5 0 1
RDIG_6 0 1
RDIG_7 0 1
RDIG_8 0 1
RDIG_9 20 1
LSH_ROT -20 1
LSH_ELV 25 1
LSH_TWST 0 1
LELB_FLX 10 1
LELB_TWST 0 1
LWR_ABD 0 1
LWR_FLX -1 1
LDIG_1 0 1
LDIG_2 0 1
LDIG_3 0 1
LDIG_4 0 1
LDIG_5 0 1
LDIG_6 0 1
LDIG_7 0 1
LDIG_8 0 1
LDIG_9 20 1
BLOCK
action #1:
action: head-left
read: HEAD_PAN -70 2
sequence item: BLOCK
Read Sequence: conf/sequences/headleft_SIM.seq
HEAD_PAN -70 2
BLOCK
action #2:
action: head-right
read: HEAD_PAN 70 2
sequence item: BLOCK
Read Sequence: conf/sequences/headright_SIM.seq
HEAD_PAN 70 2
BLOCK
action #3:
action: head-forward
read: HEAD_PITCH 0 2
read: HEAD_YAW 0 2
read: HEAD_PAN 0 2
read: EYES_UD 0 2
read: EYES_RL 0 2
read: EYES_CD 0 2
sequence item: BLOCK
Read Sequence: conf/sequences/headfwd_SIM.seq
HEAD_PITCH 0 2
HEAD_YAW 0 2
HEAD_PAN 0 2
EYES_UD 0 2
EYES_RL 0 2
EYES_CD 0 2
BLOCK
action #4:
action: Hide-face
read: HEAD_PITCH -40 1
read: LSH_ROT -51 1
read: LSH_ELV 22 1
read: LSH_TWST 19 1
read: LELB_FLX 106 1
read: LELB_TWST -56 1
read: LWR_ABD 10 1
read: LWR_FLX 0 1
read: RSH_ROT -42 1
read: RSH_ELV 20 1
read: RSH_TWST 9 1
read: RELB_FLX 106 1
read: RELB_TWST -46 1
read: RWR_ABD 10 1
read: RWR_FLX 0 1
sequence item: BLOCK
Read Sequence: conf/sequences/Hide_SIM.seq
HEAD_PITCH -40 1
LSH_ROT -51 1
LSH_ELV 22 1
LSH_TWST 19 1
LELB_FLX 106 1
LELB_TWST -56 1
LWR_ABD 10 1
LWR_FLX 0 1
RSH_ROT -42 1
RSH_ELV 20 1
RSH_TWST 9 1
RELB_FLX 106 1
RELB_TWST -46 1
RWR_ABD 10 1
RWR_FLX 0 1
BLOCK
action #5:
action: NA
read: EYES_UD 0 1
sequence item: BLOCK
Read Sequence: conf/sequences/donothing_SIM.seq
EYES_UD 0 1
BLOCK
action #6:
action: RArm-Up
read: RSH_ROT -20 1
read: RSH_ELV 80 1
read: RSH_TWST -37 2
read: RELB_FLX 90 2
read: RELB_TWST 0 1
read: RWR_ABD 0 1
read: RWR_FLX 0 1
sequence item: BLOCK
Read Sequence: conf/sequences/S_RArmUp_SIM.seq
RSH_ROT -20 1
RSH_ELV 80 1
RSH_TWST -37 2
RELB_FLX 90 2
RELB_TWST 0 1
RWR_ABD 0 1
RWR_FLX 0 1
BLOCK
action #7:
action: LArm-Up
read: LSH_ROT -20 1
read: LSH_ELV 80 1
read: LSH_TWST -40 2
read: LELB_FLX 90 2
read: LELB_TWST 0 1
read: LWR_ABD 0 1
read: LWR_FLX 0 1
sequence item: BLOCK
Read Sequence: conf/sequences/S_LArmUp_SIM.seq
LSH_ROT -20 1
LSH_ELV 80 1
LSH_TWST -40 2
LELB_FLX 90 2
LELB_TWST 0 1
LWR_ABD 0 1
LWR_FLX 0 1
BLOCK
action #8:
action: RArm-Down
read: RSH_ROT -20 1
read: RSH_ELV 25 1
read: RSH_TWST 0 1
read: RELB_FLX 10 1
read: RELB_TWST 0 1
read: RWR_ABD 0 1
read: RWR_FLX -10 1
sequence item: BLOCK
Read Sequence: conf/sequences/S_RArmDown_SIM.seq
RSH_ROT -20 1
RSH_ELV 25 1
RSH_TWST 0 1
RELB_FLX 10 1
RELB_TWST 0 1
RWR_ABD 0 1
RWR_FLX -10 1
BLOCK
action #9:
action: LArm-Down
read: LSH_ROT -20 1
read: LSH_ELV 25 1
read: LSH_TWST 0 1
read: LELB_FLX 10 1
read: LELB_TWST 0 1
read: LWR_ABD 0 1
read: LWR_FLX -10 1
sequence item: BLOCK
Read Sequence: conf/sequences/S_LArmDown_SIM.seq
LSH_ROT -20 1
LSH_ELV 25 1
LSH_TWST 0 1
LELB_FLX 10 1
LELB_TWST 0 1
LWR_ABD 0 1
LWR_FLX -10 1
BLOCK
action #10:
action: RArm-Wave
read: RSH_ROT -20 1
read: RSH_ELV 80 1
read: RSH_TWST -40 1
read: RELB_FLX 80 1
read: RELB_TWST 0 1
read: RWR_ABD 0 1
read: RWR_FLX 5 1
sequence item: BLOCK
read: RELB_FLX 110 1
read: RWR_FLX -5 1
sequence item: BLOCK
read: RELB_FLX 80 1
read: RWR_FLX 5 1
sequence item: BLOCK
read: RELB_FLX 110 1
read: RWR_FLX -5 1
sequence item: BLOCK
read: RELB_FLX 80 1
read: RWR_FLX 5 1
sequence item: BLOCK
read: RELB_FLX 90 1
read: RWR_FLX 0 1
sequence item: BLOCK
Read Sequence: conf/sequences/S_RArmWave_SIM.seq
RSH_ROT -20 1
RSH_ELV 80 1
RSH_TWST -40 1
RELB_FLX 80 1
RELB_TWST 0 1
RWR_ABD 0 1
RWR_FLX 5 1
BLOCK
RELB_FLX 110 1
RWR_FLX -5 1
BLOCK
RELB_FLX 80 1
RWR_FLX 5 1
BLOCK
RELB_FLX 110 1
RWR_FLX -5 1
BLOCK
RELB_FLX 80 1
RWR_FLX 5 1
BLOCK
RELB_FLX 90 1
RWR_FLX 0 1
BLOCK
action #11:
action: LArm-Wave
read: LSH_ROT -20 1
read: LSH_ELV 80 1
read: LSH_TWST -40 1
read: LELB_FLX 80 1
read: LELB_TWST 0 1
read: LWR_ABD 0 1
read: LWR_FLX 5 1
sequence item: BLOCK
read: LELB_FLX 110 1
read: LWR_FLX -5 1
sequence item: BLOCK
read: LELB_FLX 80 1
read: LWR_FLX 5 1
sequence item: BLOCK
read: LELB_FLX 110 1
read: LWR_FLX -5 1
sequence item: BLOCK
read: LELB_FLX 80 1
read: LWR_FLX 5 1
sequence item: BLOCK
read: LELB_FLX 90 1
read: LWR_FLX 0 1
sequence item: BLOCK
Read Sequence: conf/sequences/S_LArmWave_SIM.seq
LSH_ROT -20 1
LSH_ELV 80 1
LSH_TWST -40 1
LELB_FLX 80 1
LELB_TWST 0 1
LWR_ABD 0 1
LWR_FLX 5 1
BLOCK
LELB_FLX 110 1
LWR_FLX -5 1
BLOCK
LELB_FLX 80 1
LWR_FLX 5 1
BLOCK
LELB_FLX 110 1
LWR_FLX -5 1
BLOCK
LELB_FLX 80 1
LWR_FLX 5 1
BLOCK
LELB_FLX 90 1
LWR_FLX 0 1
BLOCK
action #12:
action: RArm-Drum
read: RSH_ROT -20 1
read: RSH_ELV 80 1
read: RSH_TWST -37 2
read: RELB_FLX 90 2
read: RELB_TWST 0 1
read: RWR_ABD 0 1
read: RWR_FLX 0 1
sequence item: BLOCK
read: RSH_ROT -20 1
read: RSH_ELV 25 1
read: RSH_TWST 0 1
read: RELB_FLX 10 1
read: RELB_TWST 0 1
read: RWR_ABD 0 1
read: RWR_FLX -10 1
sequence item: BLOCK
read: RSH_ROT -20 1
read: RSH_ELV 80 1
read: RSH_TWST -37 2
read: RELB_FLX 90 2
read: RELB_TWST 0 1
read: RWR_ABD 0 1
read: RWR_FLX 0 1
sequence item: BLOCK
Read Sequence: conf/sequences/S_RArmDrum_SIM.seq
RSH_ROT -20 1
RSH_ELV 80 1
RSH_TWST -37 2
RELB_FLX 90 2
RELB_TWST 0 1
RWR_ABD 0 1
RWR_FLX 0 1
BLOCK
RSH_ROT -20 1
RSH_ELV 25 1
RSH_TWST 0 1
RELB_FLX 10 1
RELB_TWST 0 1
RWR_ABD 0 1
RWR_FLX -10 1
BLOCK
RSH_ROT -20 1
RSH_ELV 80 1
RSH_TWST -37 2
RELB_FLX 90 2
RELB_TWST 0 1
RWR_ABD 0 1
RWR_FLX 0 1
BLOCK
Reading behaviours
BSet Group -402002432 : 0 1 2 3 4 5 6 7 8 9 10 11 12
BSet Group -402002432 : 0 5
NUM_ACTIONS defined : 13
Reading current distances (h=20) using port /iha/as/currdist:in:20
yarp: Port /iha/as/currdist:in:20 active at tcp://10.0.0.104:10272
Waiting for port /iha/ds/currdist:out:20  ready. Now connecting /iha/ds/currdist:out:20 to /iha/as/currdist:in:20 yarp: Receiving input from /iha/ds/currdist:out:20 to /iha/as/currdist:in:20 using tcp
Added output connection from "/iha/ds/currdist:out:20" to "/tcp://iha/as/currdist:in:20"
 connected.
Connected to Distances h=20
1 Horizons configured:
Horizon #0 = 20
action_control: Sending default action
sendAction 0 started.
Checking "file": = /usr/local/src/robot/iCub/app/ ... (configuration file to use, if any)
Working with config file /usr/local/src/robot/iCub/app/iha_new/conf/ihaActionSelection.ini
Checking "name": = /iha/as (name of module)
Checking "help": if present, display usage message
Sending Action 0
Got ACK took 9.293936 seconds
sendAction 0 complete. 
yarp: Port /iha/as/status:out active at tcp://10.0.0.104:10432
action_control: Starting mainLoop
yarp: Port /iha/as/quit active at tcp://10.0.0.104:10442
Got data hor 20 (again) exp 19: got_data=1, check_again=0
Listening to terminal (type "quit" to stop module)
Distances from exp 19 h=20 :
exp: 0 dist: 0.034122 val: 0.599000 actfreq: 0:1 
Probability List:
Hor:20 Exp:0 Dist:0.034122 Value:0.599000 -> Vi=514.459613
Vi(Random)=1.000000
, sum(Vi)=515.459613Roulette Num : 23.360000
Chosen experience: 0 hor 20
Action Probabilities for chosen experience:
0:1.000000 1:0.000000 2:0.000000 3:0.000000 4:0.000000 5:0.000000 6:0.000000 7:0.000000 8:0.000000 9:0.000000 10:0.000000 11:0.000000 12:0.000000 
Building distribution subset
Adding: Set item 0=Act 0  :  Freq 1.000000
Adding: Set item 1=Act 1  :  Freq 0.000000
Adding: Set item 2=Act 2  :  Freq 0.000000
Adding: Set item 3=Act 3  :  Freq 0.000000
Adding: Set item 4=Act 4  :  Freq 0.000000
Adding: Set item 5=Act 5  :  Freq 0.000000
Adding: Set item 6=Act 6  :  Freq 0.000000
Adding: Set item 7=Act 7  :  Freq 0.000000
Adding: Set item 8=Act 8  :  Freq 0.000000
Adding: Set item 9=Act 9  :  Freq 0.000000
Adding: Set item 10=Act 10  :  Freq 0.000000
Adding: Set item 11=Act 11  :  Freq 0.000000
Adding: Set item 12=Act 12  :  Freq 0.000000
Done, total freq = 1.000000
Subset of Action Probabilities:
Act 0: 1.000000 Act 1: 0.000000 Act 2: 0.000000 Act 3: 0.000000 Act 4: 0.000000 Act 5: 0.000000 Act 6: 0.000000 Act 7: 0.000000 Act 8: 0.000000 Act 9: 0.000000 Act 10: 0.000000 Act 11: 0.000000 Act 12: 0.000000 
chooseFromDistribution: r=5903
Dist: 0:1.000000=10000 1:0.000000=0 2:0.000000=0 3:0.000000=0 4:0.000000=0 5:0.000000=0 6:0.000000=0 7:0.000000=0 8:0.000000=0 9:0.000000=0 10:0.000000=0 11:0.000000=0 12:0.000000=0
Chose: 0
Choosing action 0 experience 0 horizon 20
Weighting: 
[32mExp     0 Hor  20  Wi 99.805998% D 0.034122  Mass   1  Val  0.6  AF: 100   0   0   0   0   0   0   0   0   0   0   0   0[37m ==> chosen Act: 0
[31m==== Random ====  Wi 0.194002%  Mass   1  Val  1.0[37m                     
ActionSelect returning chosen action 0
Zero count = 32527
action(0) repeated 3 times already - get random instead
Choosing random action 10 from set 
Behaviour Set : 0 1 2 3 4 5 6 7 8 9 10 11 12 
sendAction 10 started.
Sending Action 10
Got ACK took 17.421272 seconds
sendAction 10 complete. 
Got data hor 20 (again) exp 106: got_data=1, check_again=0
Distances from exp 106 h=20 :
exp: 105 dist: 0.034777 val: 0.599000 actfreq: 
exp: 0 dist: 0.039990 val: 0.598000 actfreq: 0:18 10:87 
Probability List:
Hor:20 Exp:105 Dist:0.034777 Value:0.599000 -> Vi=0.000000
Hor:20 Exp:0 Dist:0.039990 Value:0.598000 -> Vi=39262.420124
Vi(Random)=104.930012
, sum(Vi)=39367.350135Roulette Num : 40.420000
Chosen experience: 0 hor 20
Action Probabilities for chosen experience:
0:0.171429 1:0.000000 2:0.000000 3:0.000000 4:0.000000 5:0.000000 6:0.000000 7:0.000000 8:0.000000 9:0.000000 10:0.828571 11:0.000000 12:0.000000 
Building distribution subset
Adding: Set item 0=Act 0  :  Freq 0.171429
Adding: Set item 1=Act 1  :  Freq 0.000000
Adding: Set item 2=Act 2  :  Freq 0.000000
Adding: Set item 3=Act 3  :  Freq 0.000000
Adding: Set item 4=Act 4  :  Freq 0.000000
Adding: Set item 5=Act 5  :  Freq 0.000000
Adding: Set item 6=Act 6  :  Freq 0.000000
Adding: Set item 7=Act 7  :  Freq 0.000000
Adding: Set item 8=Act 8  :  Freq 0.000000
Adding: Set item 9=Act 9  :  Freq 0.000000
Adding: Set item 10=Act 10  :  Freq 0.828571
Adding: Set item 11=Act 11  :  Freq 0.000000
Adding: Set item 12=Act 12  :  Freq 0.000000
Done, total freq = 1.000000
Subset of Action Probabilities:
Act 0: 0.171429 Act 1: 0.000000 Act 2: 0.000000 Act 3: 0.000000 Act 4: 0.000000 Act 5: 0.000000 Act 6: 0.000000 Act 7: 0.000000 Act 8: 0.000000 Act 9: 0.000000 Act 10: 0.828571 Act 11: 0.000000 Act 12: 0.000000 
chooseFromDistribution: r=9624
Dist: 0:0.171429=1714 1:0.000000=0 2:0.000000=0 3:0.000000=0 4:0.000000=0 5:0.000000=0 6:0.000000=0 7:0.000000=0 8:0.000000=0 9:0.000000=0 10:0.828571=8285 11:0.000000=0 12:0.000000=0
Chose: 10
Choosing action 10 experience 0 horizon 20
Weighting: 
[32mExp     0 Hor  20  Wi 99.733459% D 0.039990  Mass 105  Val  0.6  AF:  17   0   0   0   0   0   0   0   0   0  83   0   0[37m ==> chosen Act: 10
[31m==== Random ====  Wi 0.266541%  Mass 105  Val  1.0[37m                     
[32mExp   105 Hor  20  Wi 0.000000% D 0.034777  Mass   0  Val  0.6  AF: nan nan nan nan nan nan nan nan nan nan nan nan nan[37m
ActionSelect returning chosen action 10
Zero count = 0
sendAction 10 started.
Sending Action 10
Got ACK took 17.086836 seconds
sendAction 10 complete. 
Got data hor 20 (again) exp 191: got_data=1, check_again=0
Distances from exp 191 h=20 :
exp: 190 dist: 0.037070 val: 0.599000 actfreq: 
exp: 0 dist: 0.043909 val: 0.598000 actfreq: 0:18 10:172 
Probability List:
Hor:20 Exp:190 Dist:0.037070 Value:0.599000 -> Vi=0.000000
Hor:20 Exp:0 Dist:0.043909 Value:0.598000 -> Vi=58931.761048
Vi(Random)=189.746751
, sum(Vi)=59121.507799Roulette Num : 1.770000
Chosen experience: 0 hor 20
Action Probabilities for chosen experience:
0:0.094737 1:0.000000 2:0.000000 3:0.000000 4:0.000000 5:0.000000 6:0.000000 7:0.000000 8:0.000000 9:0.000000 10:0.905263 11:0.000000 12:0.000000 
Building distribution subset
Adding: Set item 0=Act 0  :  Freq 0.094737
Adding: Set item 1=Act 1  :  Freq 0.000000
Adding: Set item 2=Act 2  :  Freq 0.000000
Adding: Set item 3=Act 3  :  Freq 0.000000
Adding: Set item 4=Act 4  :  Freq 0.000000
Adding: Set item 5=Act 5  :  Freq 0.000000
Adding: Set item 6=Act 6  :  Freq 0.000000
Adding: Set item 7=Act 7  :  Freq 0.000000
Adding: Set item 8=Act 8  :  Freq 0.000000
Adding: Set item 9=Act 9  :  Freq 0.000000
Adding: Set item 10=Act 10  :  Freq 0.905263
Adding: Set item 11=Act 11  :  Freq 0.000000
Adding: Set item 12=Act 12  :  Freq 0.000000
Done, total freq = 1.000000
Subset of Action Probabilities:
Act 0: 0.094737 Act 1: 0.000000 Act 2: 0.000000 Act 3: 0.000000 Act 4: 0.000000 Act 5: 0.000000 Act 6: 0.000000 Act 7: 0.000000 Act 8: 0.000000 Act 9: 0.000000 Act 10: 0.905263 Act 11: 0.000000 Act 12: 0.000000 
chooseFromDistribution: r=4037
Dist: 0:0.094737=947 1:0.000000=0 2:0.000000=0 3:0.000000=0 4:0.000000=0 5:0.000000=0 6:0.000000=0 7:0.000000=0 8:0.000000=0 9:0.000000=0 10:0.905263=9052 11:0.000000=0 12:0.000000=0
Chose: 10
Choosing action 10 experience 0 horizon 20
Weighting: 
[32mExp     0 Hor  20  Wi 99.679056% D 0.043909  Mass 190  Val  0.6  AF:   9   0   0   0   0   0   0   0   0   0  91   0   0[37m ==> chosen Act: 10
[31m==== Random ====  Wi 0.320944%  Mass 190  Val  1.0[37m                     
[32mExp   190 Hor  20  Wi 0.000000% D 0.037070  Mass   0  Val  0.6  AF: nan nan nan nan nan nan nan nan nan nan nan nan nan[37m
ActionSelect returning chosen action 10
Zero count = 0
sendAction 10 started.
Sending Action 10
Got ACK took 17.126518 seconds
sendAction 10 complete. 
Got data hor 20 (again) exp 277: got_data=1, check_again=0
Distances from exp 277 h=20 :
exp: 276 dist: 0.041261 val: 0.599000 actfreq: 
exp: 0 dist: 0.044401 val: 0.598000 actfreq: 0:18 10:258 
Probability List:
Hor:20 Exp:276 Dist:0.041261 Value:0.599000 -> Vi=0.000000
Hor:20 Exp:0 Dist:0.044401 Value:0.598000 -> Vi=83720.386765
Vi(Random)=275.448276
, sum(Vi)=83995.835041Roulette Num : 52.490000
Chosen experience: 0 hor 20
Action Probabilities for chosen experience:
0:0.065217 1:0.000000 2:0.000000 3:0.000000 4:0.000000 5:0.000000 6:0.000000 7:0.000000 8:0.000000 9:0.000000 10:0.934783 11:0.000000 12:0.000000 
Building distribution subset
Adding: Set item 0=Act 0  :  Freq 0.065217
Adding: Set item 1=Act 1  :  Freq 0.000000
Adding: Set item 2=Act 2  :  Freq 0.000000
Adding: Set item 3=Act 3  :  Freq 0.000000
Adding: Set item 4=Act 4  :  Freq 0.000000
Adding: Set item 5=Act 5  :  Freq 0.000000
Adding: Set item 6=Act 6  :  Freq 0.000000
Adding: Set item 7=Act 7  :  Freq 0.000000
Adding: Set item 8=Act 8  :  Freq 0.000000
Adding: Set item 9=Act 9  :  Freq 0.000000
Adding: Set item 10=Act 10  :  Freq 0.934783
Adding: Set item 11=Act 11  :  Freq 0.000000
Adding: Set item 12=Act 12  :  Freq 0.000000
Done, total freq = 1.000000
Subset of Action Probabilities:
Act 0: 0.065217 Act 1: 0.000000 Act 2: 0.000000 Act 3: 0.000000 Act 4: 0.000000 Act 5: 0.000000 Act 6: 0.000000 Act 7: 0.000000 Act 8: 0.000000 Act 9: 0.000000 Act 10: 0.934783 Act 11: 0.000000 Act 12: 0.000000 
chooseFromDistribution: r=1005
Dist: 0:0.065217=652 1:0.000000=0 2:0.000000=0 3:0.000000=0 4:0.000000=0 5:0.000000=0 6:0.000000=0 7:0.000000=0 8:0.000000=0 9:0.000000=0 10:0.934783=9347 11:0.000000=0 12:0.000000=0
Chose: 10
Choosing action 10 experience 0 horizon 20
Weighting: 
[32mExp     0 Hor  20  Wi 99.672069% D 0.044401  Mass 276  Val  0.6  AF:   7   0   0   0   0   0   0   0   0   0  93   0   0[37m ==> chosen Act: 10
[31m==== Random ====  Wi 0.327931%  Mass 276  Val  1.0[37m                     
[32mExp   276 Hor  20  Wi 0.000000% D 0.041261  Mass   0  Val  0.6  AF: nan nan nan nan nan nan nan nan nan nan nan nan nan[37m
ActionSelect returning chosen action 10
Zero count = 0
sendAction 10 started.
Sending Action 10
Got ACK took 17.146798 seconds
sendAction 10 complete. 
Got data hor 20 (again) exp 362: got_data=1, check_again=0
Distances from exp 362 h=20 :
exp: 361 dist: 0.031107 val: 0.599000 actfreq: 
exp: 0 dist: 0.037366 val: 0.598000 actfreq: 0:18 10:343 
Probability List:
Hor:20 Exp:361 Dist:0.031107 Value:0.599000 -> Vi=0.000000
Hor:20 Exp:0 Dist:0.037366 Value:0.598000 -> Vi=154617.286130
Vi(Random)=360.037975
, sum(Vi)=154977.324105Roulette Num : 12.640000
Chosen experience: 0 hor 20
Action Probabilities for chosen experience:
0:0.049861 1:0.000000 2:0.000000 3:0.000000 4:0.000000 5:0.000000 6:0.000000 7:0.000000 8:0.000000 9:0.000000 10:0.950139 11:0.000000 12:0.000000 
Building distribution subset
Adding: Set item 0=Act 0  :  Freq 0.049861
Adding: Set item 1=Act 1  :  Freq 0.000000
Adding: Set item 2=Act 2  :  Freq 0.000000
Adding: Set item 3=Act 3  :  Freq 0.000000
Adding: Set item 4=Act 4  :  Freq 0.000000
Adding: Set item 5=Act 5  :  Freq 0.000000
Adding: Set item 6=Act 6  :  Freq 0.000000
Adding: Set item 7=Act 7  :  Freq 0.000000
Adding: Set item 8=Act 8  :  Freq 0.000000
Adding: Set item 9=Act 9  :  Freq 0.000000
Adding: Set item 10=Act 10  :  Freq 0.950139
Adding: Set item 11=Act 11  :  Freq 0.000000
Adding: Set item 12=Act 12  :  Freq 0.000000
Done, total freq = 1.000000
Subset of Action Probabilities:
Act 0: 0.049861 Act 1: 0.000000 Act 2: 0.000000 Act 3: 0.000000 Act 4: 0.000000 Act 5: 0.000000 Act 6: 0.000000 Act 7: 0.000000 Act 8: 0.000000 Act 9: 0.000000 Act 10: 0.950139 Act 11: 0.000000 Act 12: 0.000000 
chooseFromDistribution: r=2786
Dist: 0:0.049861=498 1:0.000000=0 2:0.000000=0 3:0.000000=0 4:0.000000=0 5:0.000000=0 6:0.000000=0 7:0.000000=0 8:0.000000=0 9:0.000000=0 10:0.950139=9501 11:0.000000=0 12:0.000000=0
Chose: 10
Choosing action 10 experience 0 horizon 20
Weighting: 
[32mExp     0 Hor  20  Wi 99.767683% D 0.037366  Mass 361  Val  0.6  AF:   5   0   0   0   0   0   0   0   0   0  95   0   0[37m ==> chosen Act: 10
[31m==== Random ====  Wi 0.232317%  Mass 361  Val  1.0[37m                     
[32mExp   361 Hor  20  Wi 0.000000% D 0.031107  Mass   0  Val  0.6  AF: nan nan nan nan nan nan nan nan nan nan nan nan nan[37m
ActionSelect returning chosen action 10
Zero count = 0
sendAction 10 started.
Sending Action 10
Got ACK took 17.052898 seconds
sendAction 10 complete. 
Got data hor 20 (again) exp 447: got_data=1, check_again=0
Distances from exp 447 h=20 :
exp: 0 dist: 0.055735 val: 0.992000 actfreq: 0:18 10:405 
exp: 423 dist: 0.241912 val: 0.995000 actfreq: 10:1 
exp: 424 dist: 0.422041 val: 0.996000 actfreq: 10:1 
exp: 425 dist: 0.529772 val: 0.997000 actfreq: 10:1 
exp: 426 dist: 0.596536 val: 0.998000 actfreq: 10:1 
exp: 427 dist: 0.636183 val: 0.999000 actfreq: 10:1 
Probability List:
Hor:20 Exp:0 Dist:0.055735 Value:0.992000 -> Vi=135079.907220
Hor:20 Exp:423 Dist:0.241912 Value:0.995000 -> Vi=17.002320
Hor:20 Exp:424 Dist:0.422041 Value:0.996000 -> Vi=5.591773
Hor:20 Exp:425 Dist:0.529772 Value:0.997000 -> Vi=3.552363
Hor:20 Exp:426 Dist:0.596536 Value:0.998000 -> Vi=2.804509
Hor:20 Exp:427 Dist:0.636183 Value:0.999000 -> Vi=2.468318
Vi(Random)=426.574522
, sum(Vi)=135537.901024Roulette Num : 11.080000
Chosen experience: 0 hor 20
Action Probabilities for chosen experience:
0:0.042553 1:0.000000 2:0.000000 3:0.000000 4:0.000000 5:0.000000 6:0.000000 7:0.000000 8:0.000000 9:0.000000 10:0.957447 11:0.000000 12:0.000000 
Building distribution subset
Adding: Set item 0=Act 0  :  Freq 0.042553
Adding: Set item 1=Act 1  :  Freq 0.000000
Adding: Set item 2=Act 2  :  Freq 0.000000
Adding: Set item 3=Act 3  :  Freq 0.000000
Adding: Set item 4=Act 4  :  Freq 0.000000
Adding: Set item 5=Act 5  :  Freq 0.000000
Adding: Set item 6=Act 6  :  Freq 0.000000
Adding: Set item 7=Act 7  :  Freq 0.000000
Adding: Set item 8=Act 8  :  Freq 0.000000
Adding: Set item 9=Act 9  :  Freq 0.000000
Adding: Set item 10=Act 10  :  Freq 0.957447
Adding: Set item 11=Act 11  :  Freq 0.000000
Adding: Set item 12=Act 12  :  Freq 0.000000
Done, total freq = 1.000000
Subset of Action Probabilities:
Act 0: 0.042553 Act 1: 0.000000 Act 2: 0.000000 Act 3: 0.000000 Act 4: 0.000000 Act 5: 0.000000 Act 6: 0.000000 Act 7: 0.000000 Act 8: 0.000000 Act 9: 0.000000 Act 10: 0.957447 Act 11: 0.000000 Act 12: 0.000000 
chooseFromDistribution: r=4887
Dist: 0:0.042553=425 1:0.000000=0 2:0.000000=0 3:0.000000=0 4:0.000000=0 5:0.000000=0 6:0.000000=0 7:0.000000=0 8:0.000000=0 9:0.000000=0 10:0.957447=9574 11:0.000000=0 12:0.000000=0
Chose: 10
Choosing action 10 experience 0 horizon 20
Weighting: 
[32mExp     0 Hor  20  Wi 99.662092% D 0.055735  Mass 423  Val  1.0  AF:   4   0   0   0   0   0   0   0   0   0  96   0   0[37m ==> chosen Act: 10
[31m==== Random ====  Wi 0.314727%  Mass 428  Val  1.0[37m                     
[32mExp   423 Hor  20  Wi 0.012544% D 0.241912  Mass   1  Val  1.0  AF:   0   0   0   0   0   0   0   0   0   0 100   0   0[37m
[32mExp   424 Hor  20  Wi 0.004126% D 0.422041  Mass   1  Val  1.0  AF:   0   0   0   0   0   0   0   0   0   0 100   0   0[37m
[32mExp   425 Hor  20  Wi 0.002621% D 0.529772  Mass   1  Val  1.0  AF:   0   0   0   0   0   0   0   0   0   0 100   0   0[37m
[32mExp   426 Hor  20  Wi 0.002069% D 0.596536  Mass   1  Val  1.0  AF:   0   0   0   0   0   0   0   0   0   0 100   0   0[37m
[32mExp   427 Hor  20  Wi 0.001821% D 0.636183  Mass   1  Val  1.0  AF:   0   0   0   0   0   0   0   0   0   0 100   0   0[37m
ActionSelect returning chosen action 10
Zero count = 0
sendAction 10 started.
Sending Action 10
Got ACK took 17.090279 seconds
sendAction 10 complete. 
Got data hor 20 (again) exp 533: got_data=1, check_again=0
Distances from exp 533 h=20 :
exp: 532 dist: 0.054548 val: 0.599000 actfreq: 
exp: 0 dist: 0.065704 val: 0.906000 actfreq: 0:18 10:405 
exp: 432 dist: 0.255417 val: 0.918000 actfreq: 10:100 
exp: 423 dist: 0.262924 val: 0.909000 actfreq: 10:1 
exp: 431 dist: 0.429419 val: 0.917000 actfreq: 10:1 
exp: 424 dist: 0.439892 val: 0.910000 actfreq: 10:1 
Probability List:
Hor:20 Exp:532 Dist:0.054548 Value:0.599000 -> Vi=0.000000
Hor:20 Exp:0 Dist:0.065704 Value:0.906000 -> Vi=88774.322880
Hor:20 Exp:432 Dist:0.255417 Value:0.918000 -> Vi=1407.155540
Hor:20 Exp:423 Dist:0.262924 Value:0.909000 -> Vi=13.149316
Hor:20 Exp:431 Dist:0.429419 Value:0.917000 -> Vi=4.972862
Hor:20 Exp:424 Dist:0.439892 Value:0.910000 -> Vi=4.702715
Vi(Random)=523.898104
, sum(Vi)=90728.201417Roulette Num : 60.780000
Chosen experience: 0 hor 20
Action Probabilities for chosen experience:
0:0.042553 1:0.000000 2:0.000000 3:0.000000 4:0.000000 5:0.000000 6:0.000000 7:0.000000 8:0.000000 9:0.000000 10:0.957447 11:0.000000 12:0.000000 
Building distribution subset
Adding: Set item 0=Act 0  :  Freq 0.042553
Adding: Set item 1=Act 1  :  Freq 0.000000
Adding: Set item 2=Act 2  :  Freq 0.000000
Adding: Set item 3=Act 3  :  Freq 0.000000
Adding: Set item 4=Act 4  :  Freq 0.000000
Adding: Set item 5=Act 5  :  Freq 0.000000
Adding: Set item 6=Act 6  :  Freq 0.000000
Adding: Set item 7=Act 7  :  Freq 0.000000
Adding: Set item 8=Act 8  :  Freq 0.000000
Adding: Set item 9=Act 9  :  Freq 0.000000
Adding: Set item 10=Act 10  :  Freq 0.957447
Adding: Set item 11=Act 11  :  Freq 0.000000
Adding: Set item 12=Act 12  :  Freq 0.000000
Done, total freq = 1.000000
Subset of Action Probabilities:
Act 0: 0.042553 Act 1: 0.000000 Act 2: 0.000000 Act 3: 0.000000 Act 4: 0.000000 Act 5: 0.000000 Act 6: 0.000000 Act 7: 0.000000 Act 8: 0.000000 Act 9: 0.000000 Act 10: 0.957447 Act 11: 0.000000 Act 12: 0.000000 
chooseFromDistribution: r=4351
Dist: 0:0.042553=425 1:0.000000=0 2:0.000000=0 3:0.000000=0 4:0.000000=0 5:0.000000=0 6:0.000000=0 7:0.000000=0 8:0.000000=0 9:0.000000=0 10:0.957447=9574 11:0.000000=0 12:0.000000=0
Chose: 10
Choosing action 10 experience 0 horizon 20
Weighting: 
[32mExp     0 Hor  20  Wi 97.846449% D 0.065704  Mass 423  Val  0.9  AF:   4   0   0   0   0   0   0   0   0   0  96   0   0[37m ==> chosen Act: 10
[32mExp   432 Hor  20  Wi 1.550957% D 0.255417  Mass 100  Val  0.9  AF:   0   0   0   0   0   0   0   0   0   0 100   0   0[37m
[31m==== Random ====  Wi 0.577437%  Mass 526  Val  1.0[37m                     
[32mExp   423 Hor  20  Wi 0.014493% D 0.262924  Mass   1  Val  0.9  AF:   0   0   0   0   0   0   0   0   0   0 100   0   0[37m
[32mExp   431 Hor  20  Wi 0.005481% D 0.429419  Mass   1  Val  0.9  AF:   0   0   0   0   0   0   0   0   0   0 100   0   0[37m
[32mExp   424 Hor  20  Wi 0.005183% D 0.439892  Mass   1  Val  0.9  AF:   0   0   0   0   0   0   0   0   0   0 100   0   0[37m
[32mExp   532 Hor  20  Wi 0.000000% D 0.054548  Mass   0  Val  0.6  AF: nan nan nan nan nan nan nan nan nan nan nan nan nan[37m
ActionSelect returning chosen action 10
Zero count = 0
sendAction 10 started.
Sending Action 10
Got ACK took 17.056459 seconds
sendAction 10 complete. 
Got data hor 20 (again) exp 618: got_data=1, check_again=0
Distances from exp 618 h=20 :
exp: 617 dist: 0.006794 val: 0.599000 actfreq: 
exp: 0 dist: 0.027354 val: 0.821000 actfreq: 0:18 10:405 
exp: 423 dist: 0.228089 val: 0.824000 actfreq: 10:1 
exp: 432 dist: 0.237666 val: 0.833000 actfreq: 10:185 
exp: 424 dist: 0.413999 val: 0.825000 actfreq: 10:1 
exp: 431 dist: 0.417810 val: 0.832000 actfreq: 10:1 
Probability List:
Hor:20 Exp:617 Dist:0.006794 Value:0.599000 -> Vi=0.000000
Hor:20 Exp:0 Dist:0.027354 Value:0.821000 -> Vi=464143.596355
Hor:20 Exp:423 Dist:0.228089 Value:0.824000 -> Vi=15.838725
Hor:20 Exp:432 Dist:0.237666 Value:0.833000 -> Vi=2728.236606
Hor:20 Exp:424 Dist:0.413999 Value:0.825000 -> Vi=4.813440
Hor:20 Exp:431 Dist:0.417810 Value:0.832000 -> Vi=4.766131
Vi(Random)=608.151993
, sum(Vi)=467505.403250Roulette Num : 79.260000
Chosen experience: 0 hor 20
Action Probabilities for chosen experience:
0:0.042553 1:0.000000 2:0.000000 3:0.000000 4:0.000000 5:0.000000 6:0.000000 7:0.000000 8:0.000000 9:0.000000 10:0.957447 11:0.000000 12:0.000000 
Building distribution subset
Adding: Set item 0=Act 0  :  Freq 0.042553
Adding: Set item 1=Act 1  :  Freq 0.000000
Adding: Set item 2=Act 2  :  Freq 0.000000
Adding: Set item 3=Act 3  :  Freq 0.000000
Adding: Set item 4=Act 4  :  Freq 0.000000
Adding: Set item 5=Act 5  :  Freq 0.000000
Adding: Set item 6=Act 6  :  Freq 0.000000
Adding: Set item 7=Act 7  :  Freq 0.000000
Adding: Set item 8=Act 8  :  Freq 0.000000
Adding: Set item 9=Act 9  :  Freq 0.000000
Adding: Set item 10=Act 10  :  Freq 0.957447
Adding: Set item 11=Act 11  :  Freq 0.000000
Adding: Set item 12=Act 12  :  Freq 0.000000
Done, total freq = 1.000000
Subset of Action Probabilities:
Act 0: 0.042553 Act 1: 0.000000 Act 2: 0.000000 Act 3: 0.000000 Act 4: 0.000000 Act 5: 0.000000 Act 6: 0.000000 Act 7: 0.000000 Act 8: 0.000000 Act 9: 0.000000 Act 10: 0.957447 Act 11: 0.000000 Act 12: 0.000000 
chooseFromDistribution: r=1017
Dist: 0:0.042553=425 1:0.000000=0 2:0.000000=0 3:0.000000=0 4:0.000000=0 5:0.000000=0 6:0.000000=0 7:0.000000=0 8:0.000000=0 9:0.000000=0 10:0.957447=9574 11:0.000000=0 12:0.000000=0
Chose: 10
Choosing action 10 experience 0 horizon 20
Weighting: 
[32mExp     0 Hor  20  Wi 99.280905% D 0.027354  Mass 423  Val  0.8  AF:   4   0   0   0   0   0   0   0   0   0  96   0   0[37m ==> chosen Act: 10
[32mExp   432 Hor  20  Wi 0.583573% D 0.237666  Mass 185  Val  0.8  AF:   0   0   0   0   0   0   0   0   0   0 100   0   0[37m
[31m==== Random ====  Wi 0.130084%  Mass 611  Val  1.0[37m                     
[32mExp   423 Hor  20  Wi 0.003388% D 0.228089  Mass   1  Val  0.8  AF:   0   0   0   0   0   0   0   0   0   0 100   0   0[37m
[32mExp   424 Hor  20  Wi 0.001030% D 0.413999  Mass   1  Val  0.8  AF:   0   0   0   0   0   0   0   0   0   0 100   0   0[37m
[32mExp   431 Hor  20  Wi 0.001019% D 0.417810  Mass   1  Val  0.8  AF:   0   0   0   0   0   0   0   0   0   0 100   0   0[37m
[32mExp   617 Hor  20  Wi 0.000000% D 0.006794  Mass   0  Val  0.6  AF: nan nan nan nan nan nan nan nan nan nan nan nan nan[37m
ActionSelect returning chosen action 10
Zero count = 0
sendAction 10 started.
Sending Action 10
Got ACK took 17.166462 seconds
sendAction 10 complete. 
Got data hor 20 (again) exp 704: got_data=1, check_again=0
Distances from exp 704 h=20 :
exp: 703 dist: 0.018770 val: 0.599000 actfreq: 
exp: 0 dist: 0.034445 val: 0.735000 actfreq: 0:18 10:405 
exp: 423 dist: 0.235290 val: 0.738000 actfreq: 10:1 
exp: 432 dist: 0.244078 val: 0.747000 actfreq: 10:271 
exp: 424 dist: 0.421543 val: 0.739000 actfreq: 10:1 
exp: 431 dist: 0.423543 val: 0.746000 actfreq: 10:1 
Probability List:
Hor:20 Exp:703 Dist:0.018770 Value:0.599000 -> Vi=0.000000
Hor:20 Exp:0 Dist:0.034445 Value:0.735000 -> Vi=262039.243292
Hor:20 Exp:423 Dist:0.235290 Value:0.738000 -> Vi=13.330625
Hor:20 Exp:432 Dist:0.244078 Value:0.747000 -> Vi=3398.074547
Hor:20 Exp:424 Dist:0.421543 Value:0.739000 -> Vi=4.158727
Hor:20 Exp:431 Dist:0.423543 Value:0.746000 -> Vi=4.158568
Vi(Random)=693.287623
, sum(Vi)=266152.253381Roulette Num : 89.800000
Chosen experience: 0 hor 20
Action Probabilities for chosen experience:
0:0.042553 1:0.000000 2:0.000000 3:0.000000 4:0.000000 5:0.000000 6:0.000000 7:0.000000 8:0.000000 9:0.000000 10:0.957447 11:0.000000 12:0.000000 
Building distribution subset
Adding: Set item 0=Act 0  :  Freq 0.042553
Adding: Set item 1=Act 1  :  Freq 0.000000
Adding: Set item 2=Act 2  :  Freq 0.000000
Adding: Set item 3=Act 3  :  Freq 0.000000
Adding: Set item 4=Act 4  :  Freq 0.000000
Adding: Set item 5=Act 5  :  Freq 0.000000
Adding: Set item 6=Act 6  :  Freq 0.000000
Adding: Set item 7=Act 7  :  Freq 0.000000
Adding: Set item 8=Act 8  :  Freq 0.000000
Adding: Set item 9=Act 9  :  Freq 0.000000
Adding: Set item 10=Act 10  :  Freq 0.957447
Adding: Set item 11=Act 11  :  Freq 0.000000
Adding: Set item 12=Act 12  :  Freq 0.000000
Done, total freq = 1.000000
Subset of Action Probabilities:
Act 0: 0.042553 Act 1: 0.000000 Act 2: 0.000000 Act 3: 0.000000 Act 4: 0.000000 Act 5: 0.000000 Act 6: 0.000000 Act 7: 0.000000 Act 8: 0.000000 Act 9: 0.000000 Act 10: 0.957447 Act 11: 0.000000 Act 12: 0.000000 
chooseFromDistribution: r=2635
Dist: 0:0.042553=425 1:0.000000=0 2:0.000000=0 3:0.000000=0 4:0.000000=0 5:0.000000=0 6:0.000000=0 7:0.000000=0 8:0.000000=0 9:0.000000=0 10:0.957447=9574 11:0.000000=0 12:0.000000=0
Chose: 10
Choosing action 10 experience 0 horizon 20
Weighting: 
[32mExp     0 Hor  20  Wi 98.454640% D 0.034445  Mass 423  Val  0.7  AF:   4   0   0   0   0   0   0   0   0   0  96   0   0[37m ==> chosen Act: 10
[32mExp   432 Hor  20  Wi 1.276741% D 0.244078  Mass 271  Val  0.7  AF:   0   0   0   0   0   0   0   0   0   0 100   0   0[37m
[31m==== Random ====  Wi 0.260485%  Mass 697  Val  1.0[37m                     
[32mExp   423 Hor  20  Wi 0.005009% D 0.235290  Mass   1  Val  0.7  AF:   0   0   0   0   0   0   0   0   0   0 100   0   0[37m
[32mExp   424 Hor  20  Wi 0.001563% D 0.421543  Mass   1  Val  0.7  AF:   0   0   0   0   0   0   0   0   0   0 100   0   0[37m
[32mExp   431 Hor  20  Wi 0.001562% D 0.423543  Mass   1  Val  0.7  AF:   0   0   0   0   0   0   0   0   0   0 100   0   0[37m
[32mExp   703 Hor  20  Wi 0.000000% D 0.018770  Mass   0  Val  0.6  AF: nan nan nan nan nan nan nan nan nan nan nan nan nan[37m
ActionSelect returning chosen action 10
Zero count = 0
sendAction 10 started.
Sending Action 10
Got ACK took 17.088634 seconds
sendAction 10 complete. 
Got data hor 20 (again) exp 789: got_data=1, check_again=0
Distances from exp 789 h=20 :
exp: 788 dist: 0.019585 val: 0.599000 actfreq: 
exp: 0 dist: 0.036083 val: 0.650000 actfreq: 0:18 10:405 
exp: 423 dist: 0.236218 val: 0.653000 actfreq: 10:1 
exp: 432 dist: 0.245796 val: 0.662000 actfreq: 10:356 
exp: 424 dist: 0.420798 val: 0.654000 actfreq: 10:1 
exp: 431 dist: 0.425541 val: 0.661000 actfreq: 10:1 
Probability List:
Hor:20 Exp:788 Dist:0.019585 Value:0.599000 -> Vi=0.000000
Hor:20 Exp:0 Dist:0.036083 Value:0.650000 -> Vi=211174.688164
Hor:20 Exp:423 Dist:0.236218 Value:0.653000 -> Vi=11.702692
Hor:20 Exp:432 Dist:0.245796 Value:0.662000 -> Vi=3900.842207
Hor:20 Exp:424 Dist:0.420798 Value:0.654000 -> Vi=3.693428
Hor:20 Exp:431 Dist:0.425541 Value:0.661000 -> Vi=3.650224
Vi(Random)=777.315038
, sum(Vi)=215871.891752Roulette Num : 31.490000
Chosen experience: 0 hor 20
Action Probabilities for chosen experience:
0:0.042553 1:0.000000 2:0.000000 3:0.000000 4:0.000000 5:0.000000 6:0.000000 7:0.000000 8:0.000000 9:0.000000 10:0.957447 11:0.000000 12:0.000000 
Building distribution subset
Adding: Set item 0=Act 0  :  Freq 0.042553
Adding: Set item 1=Act 1  :  Freq 0.000000
Adding: Set item 2=Act 2  :  Freq 0.000000
Adding: Set item 3=Act 3  :  Freq 0.000000
Adding: Set item 4=Act 4  :  Freq 0.000000
Adding: Set item 5=Act 5  :  Freq 0.000000
Adding: Set item 6=Act 6  :  Freq 0.000000
Adding: Set item 7=Act 7  :  Freq 0.000000
Adding: Set item 8=Act 8  :  Freq 0.000000
Adding: Set item 9=Act 9  :  Freq 0.000000
Adding: Set item 10=Act 10  :  Freq 0.957447
Adding: Set item 11=Act 11  :  Freq 0.000000
Adding: Set item 12=Act 12  :  Freq 0.000000
Done, total freq = 1.000000
Subset of Action Probabilities:
Act 0: 0.042553 Act 1: 0.000000 Act 2: 0.000000 Act 3: 0.000000 Act 4: 0.000000 Act 5: 0.000000 Act 6: 0.000000 Act 7: 0.000000 Act 8: 0.000000 Act 9: 0.000000 Act 10: 0.957447 Act 11: 0.000000 Act 12: 0.000000 
chooseFromDistribution: r=4040
Dist: 0:0.042553=425 1:0.000000=0 2:0.000000=0 3:0.000000=0 4:0.000000=0 5:0.000000=0 6:0.000000=0 7:0.000000=0 8:0.000000=0 9:0.000000=0 10:0.957447=9574 11:0.000000=0 12:0.000000=0
Chose: 10
Choosing action 10 experience 0 horizon 20
Weighting: 
[32mExp     0 Hor  20  Wi 97.824078% D 0.036083  Mass 423  Val  0.6  AF:   4   0   0   0   0   0   0   0   0   0  96   0   0[37m ==> chosen Act: 10
[32mExp   432 Hor  20  Wi 1.807017% D 0.245796  Mass 356  Val  0.7  AF:   0   0   0   0   0   0   0   0   0   0 100   0   0[37m
[31m==== Random ====  Wi 0.360082%  Mass 782  Val  1.0[37m                     
[32mExp   423 Hor  20  Wi 0.005421% D 0.236218  Mass   1  Val  0.7  AF:   0   0   0   0   0   0   0   0   0   0 100   0   0[37m
[32mExp   424 Hor  20  Wi 0.001711% D 0.420798  Mass   1  Val  0.7  AF:   0   0   0   0   0   0   0   0   0   0 100   0   0[37m
[32mExp   431 Hor  20  Wi 0.001691% D 0.425541  Mass   1  Val  0.7  AF:   0   0   0   0   0   0   0   0   0   0 100   0   0[37m
[32mExp   788 Hor  20  Wi 0.000000% D 0.019585  Mass   0  Val  0.6  AF: nan nan nan nan nan nan nan nan nan nan nan nan nan[37m
ActionSelect returning chosen action 10
Zero count = 0
sendAction 10 started.
Sending Action 10
Got ACK took 17.186655 seconds
sendAction 10 complete. 
Got data hor 20 (again) exp 875: got_data=1, check_again=0
Distances from exp 875 h=20 :
exp: 874 dist: 0.006794 val: 0.599000 actfreq: 
exp: 0 dist: 0.027354 val: 0.598000 actfreq: 0:18 10:405 
exp: 423 dist: 0.228089 val: 0.567000 actfreq: 10:1 
exp: 432 dist: 0.237666 val: 0.576000 actfreq: 10:442 
exp: 424 dist: 0.413999 val: 0.568000 actfreq: 10:1 
exp: 431 dist: 0.417810 val: 0.575000 actfreq: 10:1 
Probability List:
Hor:20 Exp:874 Dist:0.006794 Value:0.599000 -> Vi=0.000000
Hor:20 Exp:0 Dist:0.027354 Value:0.598000 -> Vi=338072.924020
Hor:20 Exp:423 Dist:0.228089 Value:0.567000 -> Vi=10.898734
Hor:20 Exp:432 Dist:0.237666 Value:0.576000 -> Vi=4507.233470
Hor:20 Exp:424 Dist:0.413999 Value:0.568000 -> Vi=3.313981
Hor:20 Exp:431 Dist:0.417810 Value:0.575000 -> Vi=3.293901
Vi(Random)=862.222978
, sum(Vi)=343459.887084Roulette Num : 31.630000
Chosen experience: 0 hor 20
Action Probabilities for chosen experience:
0:0.042553 1:0.000000 2:0.000000 3:0.000000 4:0.000000 5:0.000000 6:0.000000 7:0.000000 8:0.000000 9:0.000000 10:0.957447 11:0.000000 12:0.000000 
Building distribution subset
Adding: Set item 0=Act 0  :  Freq 0.042553
Adding: Set item 1=Act 1  :  Freq 0.000000
Adding: Set item 2=Act 2  :  Freq 0.000000
Adding: Set item 3=Act 3  :  Freq 0.000000
Adding: Set item 4=Act 4  :  Freq 0.000000
Adding: Set item 5=Act 5  :  Freq 0.000000
Adding: Set item 6=Act 6  :  Freq 0.000000
Adding: Set item 7=Act 7  :  Freq 0.000000
Adding: Set item 8=Act 8  :  Freq 0.000000
Adding: Set item 9=Act 9  :  Freq 0.000000
Adding: Set item 10=Act 10  :  Freq 0.957447
Adding: Set item 11=Act 11  :  Freq 0.000000
Adding: Set item 12=Act 12  :  Freq 0.000000
Done, total freq = 1.000000
Subset of Action Probabilities:
Act 0: 0.042553 Act 1: 0.000000 Act 2: 0.000000 Act 3: 0.000000 Act 4: 0.000000 Act 5: 0.000000 Act 6: 0.000000 Act 7: 0.000000 Act 8: 0.000000 Act 9: 0.000000 Act 10: 0.957447 Act 11: 0.000000 Act 12: 0.000000 
chooseFromDistribution: r=4176
Dist: 0:0.042553=425 1:0.000000=0 2:0.000000=0 3:0.000000=0 4:0.000000=0 5:0.000000=0 6:0.000000=0 7:0.000000=0 8:0.000000=0 9:0.000000=0 10:0.957447=9574 11:0.000000=0 12:0.000000=0
Chose: 10
Choosing action 10 experience 0 horizon 20
Weighting: 
[32mExp     0 Hor  20  Wi 98.431560% D 0.027354  Mass 423  Val  0.6  AF:   4   0   0   0   0   0   0   0   0   0  96   0   0[37m ==> chosen Act: 10
[32mExp   432 Hor  20  Wi 1.312303% D 0.237666  Mass 442  Val  0.6  AF:   0   0   0   0   0   0   0   0   0   0 100   0   0[37m
[31m==== Random ====  Wi 0.251040%  Mass 868  Val  1.0[37m                     
[32mExp   423 Hor  20  Wi 0.003173% D 0.228089  Mass   1  Val  0.6  AF:   0   0   0   0   0   0   0   0   0   0 100   0   0[37m
[32mExp   424 Hor  20  Wi 0.000965% D 0.413999  Mass   1  Val  0.6  AF:   0   0   0   0   0   0   0   0   0   0 100   0   0[37m
[32mExp   431 Hor  20  Wi 0.000959% D 0.417810  Mass   1  Val  0.6  AF:   0   0   0   0   0   0   0   0   0   0 100   0   0[37m
[32mExp   874 Hor  20  Wi 0.000000% D 0.006794  Mass   0  Val  0.6  AF: nan nan nan nan nan nan nan nan nan nan nan nan nan[37m
ActionSelect returning chosen action 10
Zero count = 0
sendAction 10 started.
Sending Action 10
Got ACK took 17.118442 seconds
sendAction 10 complete. 
Got data hor 20 (again) exp 961: got_data=1, check_again=0
Distances from exp 961 h=20 :
exp: 960 dist: 0.006794 val: 0.599000 actfreq: 
exp: 0 dist: 0.027354 val: 0.598000 actfreq: 0:18 10:405 
exp: 423 dist: 0.228089 val: 0.481000 actfreq: 10:1 
exp: 432 dist: 0.237666 val: 0.490000 actfreq: 10:528 
exp: 424 dist: 0.413999 val: 0.482000 actfreq: 10:1 
exp: 431 dist: 0.417810 val: 0.489000 actfreq: 10:1 
Probability List:
Hor:20 Exp:960 Dist:0.006794 Value:0.599000 -> Vi=0.000000
Hor:20 Exp:0 Dist:0.027354 Value:0.598000 -> Vi=338072.924020
Hor:20 Exp:423 Dist:0.228089 Value:0.481000 -> Vi=9.245663
Hor:20 Exp:432 Dist:0.237666 Value:0.490000 -> Vi=4580.314556
Hor:20 Exp:424 Dist:0.413999 Value:0.482000 -> Vi=2.812216
Hor:20 Exp:431 Dist:0.417810 Value:0.489000 -> Vi=2.801248
Vi(Random)=947.016826
, sum(Vi)=343615.114529Roulette Num : 69.360000
Chosen experience: 0 hor 20
Action Probabilities for chosen experience:
0:0.042553 1:0.000000 2:0.000000 3:0.000000 4:0.000000 5:0.000000 6:0.000000 7:0.000000 8:0.000000 9:0.000000 10:0.957447 11:0.000000 12:0.000000 
Building distribution subset
Adding: Set item 0=Act 0  :  Freq 0.042553
Adding: Set item 1=Act 1  :  Freq 0.000000
Adding: Set item 2=Act 2  :  Freq 0.000000
Adding: Set item 3=Act 3  :  Freq 0.000000
Adding: Set item 4=Act 4  :  Freq 0.000000
Adding: Set item 5=Act 5  :  Freq 0.000000
Adding: Set item 6=Act 6  :  Freq 0.000000
Adding: Set item 7=Act 7  :  Freq 0.000000
Adding: Set item 8=Act 8  :  Freq 0.000000
Adding: Set item 9=Act 9  :  Freq 0.000000
Adding: Set item 10=Act 10  :  Freq 0.957447
Adding: Set item 11=Act 11  :  Freq 0.000000
Adding: Set item 12=Act 12  :  Freq 0.000000
Done, total freq = 1.000000
Subset of Action Probabilities:
Act 0: 0.042553 Act 1: 0.000000 Act 2: 0.000000 Act 3: 0.000000 Act 4: 0.000000 Act 5: 0.000000 Act 6: 0.000000 Act 7: 0.000000 Act 8: 0.000000 Act 9: 0.000000 Act 10: 0.957447 Act 11: 0.000000 Act 12: 0.000000 
chooseFromDistribution: r=3075
Dist: 0:0.042553=425 1:0.000000=0 2:0.000000=0 3:0.000000=0 4:0.000000=0 5:0.000000=0 6:0.000000=0 7:0.000000=0 8:0.000000=0 9:0.000000=0 10:0.957447=9574 11:0.000000=0 12:0.000000=0
Chose: 10
Choosing action 10 experience 0 horizon 20
Weighting: 
[32mExp     0 Hor  20  Wi 98.387094% D 0.027354  Mass 423  Val  0.6  AF:   4   0   0   0   0   0   0   0   0   0  96   0   0[37m ==> chosen Act: 10
[32mExp   432 Hor  20  Wi 1.332978% D 0.237666  Mass 528  Val  0.5  AF:   0   0   0   0   0   0   0   0   0   0 100   0   0[37m
[31m==== Random ====  Wi 0.275604%  Mass 954  Val  1.0[37m                     
[32mExp   423 Hor  20  Wi 0.002691% D 0.228089  Mass   1  Val  0.5  AF:   0   0   0   0   0   0   0   0   0   0 100   0   0[37m
[32mExp   424 Hor  20  Wi 0.000818% D 0.413999  Mass   1  Val  0.5  AF:   0   0   0   0   0   0   0   0   0   0 100   0   0[37m
[32mExp   431 Hor  20  Wi 0.000815% D 0.417810  Mass   1  Val  0.5  AF:   0   0   0   0   0   0   0   0   0   0 100   0   0[37m
[32mExp   960 Hor  20  Wi 0.000000% D 0.006794  Mass   0  Val  0.6  AF: nan nan nan nan nan nan nan nan nan nan nan nan nan[37m
ActionSelect returning chosen action 10
Zero count = 0
sendAction 10 started.
Sending Action 10
