Icub Control Module
Debug level : 40
53 joints configured
13 actions configured
action: Rest
Read Sequence: conf/sequences/Rest.seq
action: head-left
Read Sequence: conf/sequences/headleft.seq
action: head-right
Read Sequence: conf/sequences/headright.seq
action: head-forward
Read Sequence: conf/sequences/headfwd.seq
action: Hide-face
Read Sequence: conf/sequences/Hide.seq
action: NA
Read Sequence: conf/sequences/donothing.seq
action: RArm-Up
Read Sequence: conf/sequences/S_RArmUp.seq
action: LArm-Up
Read Sequence: conf/sequences/S_LArmUp.seq
action: RArm-Down
Read Sequence: conf/sequences/S_RArmDown.seq
action: LArm-Down
Read Sequence: conf/sequences/S_LArmDown.seq
action: RArm-Wave
Read Sequence: conf/sequences/S_RArmWave.seq
action: LArm-Wave
Read Sequence: conf/sequences/S_LArmWave.seq
action: RArm-Drum
Error: empty file
Read Sequence: conf/sequences/S_RArmDrum.seq
Reading behaviours
NUM_ACTIONS defined : 13
yarp: Port /iha/controller/action:cmd active at tcp://10.0.0.104:10222
yarp: Port /iha/controller/encoders:out active at tcp://10.0.0.104:10232
motor_motion_timeout:5000
sensor_output_rate:10
speed_multiplier:3.000000
always_set_speed TRUE
robot:icub
Active parts:
  head TRUE
  left_arm TRUE
  right_arm TRUE
  torso FALSE
  left_leg FALSE
  right_leg FALSE
(remote "/icub/head") (robot icub) (device remote_controlboard) (local "/icub/head/client") (part head)
Create device head
yarp: Port /icub/head/client/rpc:o active at tcp://10.0.0.104:10242
yarp: Port /icub/head/client/command:o active at tcp://10.0.0.104:10252
yarp: Port /icub/head/client/state:i active at tcp://10.0.0.104:10262
yarp: Receiving input from /iha/as/action:out to /iha/controller/action:cmd using tcp
yarp: Sending output from /icub/head/client/rpc:o to /icub/head/rpc:i using tcp
yarp: Sending output from /icub/head/client/command:o to /icub/head/command:i using udp
yarp: Sending output from /iha/controller/encoders:out to /iha/sm/encoders:in using tcp
yarp: Receiving input from /icub/head/state:o to /icub/head/client/state:i using udp
Checking "file": = /usr/local/src/robot/iCub/app/ ... (configuration file to use, if any)
Working with config file /usr/local/src/robot/iCub/app/iha_new/conf/ihaIcubControl.ini
Checking "name": = /iha/controller (name of module)
Checking "help": if present, display usage message
View head as IPositionControl
View head as IEncoders
yarpdev: created device <remote_controlboard>.  See C++ class RemoteControlBoard for documentation.
head returns 6 axes
(remote "/icub/left_arm") (robot icub) (device remote_controlboard) (local "/icub/left_arm/client") (part left_arm)
Create device left_arm
yarp: Port /icub/left_arm/client/rpc:o active at tcp://10.0.0.104:10302
yarp: Port /icub/left_arm/client/command:o active at tcp://10.0.0.104:10312
yarp: Port /icub/left_arm/client/state:i active at tcp://10.0.0.104:10322
yarp: Sending output from /icub/left_arm/client/rpc:o to /icub/left_arm/rpc:i using tcp
yarp: Sending output from /icub/left_arm/client/command:o to /icub/left_arm/command:i using udp
yarp: Receiving input from /icub/left_arm/state:o to /icub/left_arm/client/state:i using udp
View left_arm as IPositionControl
View head as IEncoders
yarpdev: created device <remote_controlboard>.  See C++ class RemoteControlBoard for documentation.
left_arm returns 16 axes
(remote "/icub/right_arm") (robot icub) (device remote_controlboard) (local "/icub/right_arm/client") (part right_arm)
Create device right_arm
yarp: Port /icub/right_arm/client/rpc:o active at tcp://10.0.0.104:10332
yarp: Port /icub/right_arm/client/command:o active at tcp://10.0.0.104:10342
yarp: Port /icub/right_arm/client/state:i active at tcp://10.0.0.104:10352
yarp: Sending output from /icub/right_arm/client/rpc:o to /icub/right_arm/rpc:i using tcp
yarp: Sending output from /icub/right_arm/client/command:o to /icub/right_arm/command:i using udp
yarp: Receiving input from /icub/right_arm/state:o to /icub/right_arm/client/state:i using udp
View right_arm as IPositionControl
View head as IEncoders
yarpdev: created device <remote_controlboard>.  See C++ class RemoteControlBoard for documentation.
right_arm returns 16 axes
Starting Encoders Output Thread
EncodersOutputThread created.
TS: 0 Action: 0.000000
yarp: Port /iha/controller/quit active at tcp://10.0.0.104:10362
Listening to terminal (type "quit" to stop module)
TS: 100 Action: 0.000000
TS: 200 Action: 0.000000
TS: 300 Action: 0.000000
TS: 400 Action: 0.000000
TS: 500 Action: 0.000000
TS: 600 Action: 0.000000
TS: 700 Action: 0.000000
TS: 800 Action: 0.000000
TS: 900 Action: 0.000000
TS: 1000 Action: 0.000000
TS: 1100 Action: 0.000000
TS: 1200 Action: 0.000000
TS: 1300 Action: 0.000000
TS: 1400 Action: 0.000000
TS: 1500 Action: 0.000000
TS: 1600 Action: 0.000000
TS: 1700 Action: 0.000000
TS: 1800 Action: 0.000000
TS: 1900 Action: 0.000000
TS: 2000 Action: 0.000000
TS: 2100 Action: 0.000000
TS: 2200 Action: 0.000000
TS: 2300 Action: 0.000000
TS: 2400 Action: 0.000000
TS: 2500 Action: 0.000000
TS: 2600 Action: 0.000000
TS: 2700 Action: 0.000000
TS: 2800 Action: 0.000000
TS: 2900 Action: 0.000000
TS: 3000 Action: 0.000000
TS: 3100 Action: 0.000000
TS: 3200 Action: 0.000000
TS: 3300 Action: 0.000000
TS: 3400 Action: 0.000000
TS: 3500 Action: 0.000000
TS: 3600 Action: 0.000000
TS: 3700 Action: 0.000000
TS: 3800 Action: 0.000000
TS: 3900 Action: 0.000000
TS: 4000 Action: 0.000000
TS: 4100 Action: 0.000000
TS: 4200 Action: 0.000000
TS: 4300 Action: 0.000000
TS: 4400 Action: 0.000000
TS: 4500 Action: 0.000000
TS: 4600 Action: 0.000000
TS: 4700 Action: 0.000000
TS: 4800 Action: 0.000000
TS: 4900 Action: 0.000000
TS: 5000 Action: 0.000000
TS: 5100 Action: 0.000000
TS: 5200 Action: 0.000000
TS: 5300 Action: 0.000000
TS: 5400 Action: 0.000000
TS: 5500 Action: 0.000000
TS: 5600 Action: 0.000000
TS: 5700 Action: 0.000000
TS: 5800 Action: 0.000000
TS: 5900 Action: 0.000000
TS: 6000 Action: 0.000000
TS: 6100 Action: 0.000000
TS: 6200 Action: 0.000000
TS: 6300 Action: 0.000000
TS: 6400 Action: 0.000000
TS: 6500 Action: 0.000000
TS: 6600 Action: 0.000000
TS: 6700 Action: 0.000000
TS: 6800 Action: 0.000000
TS: 6900 Action: 0.000000
TS: 7000 Action: 0.000000
TS: 7100 Action: 0.000000
TS: 7200 Action: 0.000000
TS: 7300 Action: 0.000000
TS: 7400 Action: 0.000000
TS: 7500 Action: 0.000000
TS: 7600 Action: 0.000000
TS: 7700 Action: 0.000000
TS: 7800 Action: 0.000000
TS: 7900 Action: 0.000000
TS: 8000 Action: 0.000000
TS: 8100 Action: 0.000000
TS: 8200 Action: 0.000000
TS: 8300 Action: 0.000000
TS: 8400 Action: 0.000000
TS: 8500 Action: 0.000000
TS: 8600 Action: 0.000000
TS: 8700 Action: 0.000000
TS: 8800 Action: 0.000000
TS: 8900 Action: 0.000000
TS: 9000 Action: 0.000000
TS: 9100 Action: 0.000000
TS: 9200 Action: 0.000000
TS: 9300 Action: 0.000000
TS: 9400 Action: 0.000000
TS: 9500 Action: 0.000000
TS: 9600 Action: 0.000000
TS: 9700 Action: 0.000000
TS: 9800 Action: 0.000000
TS: 9901 Action: 0.000000
TS: 10001 Action: 0.000000
TS: 10101 Action: 0.000000
TS: 10201 Action: 0.000000
TS: 10301 Action: 0.000000
TS: 10401 Action: 0.000000
TS: 10501 Action: 0.000000
TS: 10601 Action: 0.000000
TS: 10701 Action: 0.000000
TS: 10801 Action: 0.000000
TS: 10901 Action: 0.000000
TS: 11001 Action: 0.000000
TS: 11101 Action: 0.000000
TS: 11201 Action: 0.000000
TS: 11301 Action: 0.000000
TS: 11401 Action: 0.000000
TS: 11501 Action: 0.000000
TS: 11601 Action: 0.000000
TS: 11701 Action: 0.000000
TS: 11801 Action: 0.000000
TS: 11901 Action: 0.000000
TS: 12001 Action: 0.000000
TS: 12101 Action: 0.000000
TS: 12201 Action: 0.000000
TS: 12301 Action: 0.000000
TS: 12401 Action: 0.000000
TS: 12501 Action: 0.000000
TS: 12601 Action: 0.000000
TS: 12701 Action: 0.000000
TS: 12801 Action: 0.000000
TS: 12901 Action: 0.000000
TS: 13001 Action: 0.000000
TS: 13101 Action: 0.000000
TS: 13201 Action: 0.000000
TS: 13301 Action: 0.000000
TS: 13401 Action: 0.000000
TS: 13501 Action: 0.000000
TS: 13601 Action: 0.000000
TS: 13701 Action: 0.000000
TS: 13801 Action: 0.000000
TS: 13901 Action: 0.000000
TS: 14001 Action: 0.000000
TS: 14101 Action: 0.000000
TS: 14201 Action: 0.000000
TS: 14301 Action: 0.000000
TS: 14401 Action: 0.000000
TS: 14501 Action: 0.000000
TS: 14601 Action: 0.000000
TS: 14701 Action: 0.000000
TS: 14801 Action: 0.000000
TS: 14901 Action: 0.000000
TS: 15001 Action: 0.000000
TS: 15101 Action: 0.000000
TS: 15201 Action: 0.000000
TS: 15301 Action: 0.000000
TS: 15401 Action: 0.000000
TS: 15501 Action: 0.000000
TS: 15601 Action: 0.000000
TS: 15701 Action: 0.000000
TS: 15801 Action: 0.000000
TS: 15901 Action: 0.000000
TS: 16001 Action: 0.000000
TS: 16101 Action: 0.000000
TS: 16201 Action: 0.000000
TS: 16301 Action: 0.000000
TS: 16401 Action: 0.000000
TS: 16501 Action: 0.000000
TS: 16601 Action: 0.000000
TS: 16701 Action: 0.000000
TS: 16801 Action: 0.000000
TS: 16901 Action: 0.000000
TS: 17001 Action: 0.000000
TS: 17101 Action: 0.000000
TS: 17201 Action: 0.000000
TS: 17301 Action: 0.000000
TS: 17401 Action: 0.000000
TS: 17501 Action: 0.000000
TS: 17601 Action: 0.000000
TS: 17701 Action: 0.000000
TS: 17801 Action: 0.000000
TS: 17901 Action: 0.000000
TS: 18001 Action: 0.000000
TS: 18101 Action: 0.000000
TS: 18201 Action: 0.000000
TS: 18301 Action: 0.000000
TS: 18401 Action: 0.000000
TS: 18501 Action: 0.000000
TS: 18601 Action: 0.000000
TS: 18701 Action: 0.000000
TS: 18801 Action: 0.000000
TS: 18901 Action: 0.000000
TS: 19001 Action: 0.000000
TS: 19101 Action: 0.000000
TS: 19201 Action: 0.000000
TS: 19301 Action: 0.000000
TS: 19401 Action: 0.000000
TS: 19501 Action: 0.000000
TS: 19601 Action: 0.000000
TS: 19701 Action: 0.000000
TS: 19801 Action: 0.000000
TS: 19901 Action: 0.000000
TS: 20001 Action: 0.000000
TS: 20101 Action: 0.000000
TS: 20201 Action: 0.000000
TS: 20301 Action: 0.000000
TS: 20401 Action: 0.000000
TS: 20501 Action: 0.000000
TS: 20601 Action: 0.000000
TS: 20701 Action: 0.000000
TS: 20801 Action: 0.000000
TS: 20901 Action: 0.000000
TS: 21001 Action: 0.000000
TS: 21102 Action: 0.000000
TS: 21202 Action: 0.000000
TS: 21302 Action: 0.000000
TS: 21402 Action: 0.000000
TS: 21502 Action: 0.000000
TS: 21602 Action: 0.000000
TS: 21702 Action: 0.000000
TS: 21802 Action: 0.000000
TS: 21902 Action: 0.000000
TS: 22002 Action: 0.000000
TS: 22102 Action: 0.000000
TS: 22202 Action: 0.000000
TS: 22302 Action: 0.000000
TS: 22402 Action: 0.000000
TS: 22502 Action: 0.000000
TS: 22602 Action: 0.000000
TS: 22702 Action: 0.000000
TS: 22802 Action: 0.000000
TS: 22902 Action: 0.000000
TS: 23002 Action: 0.000000
TS: 23102 Action: 0.000000
TS: 23202 Action: 0.000000
TS: 23302 Action: 0.000000
TS: 23402 Action: 0.000000
TS: 23502 Action: 0.000000
TS: 23602 Action: 0.000000
TS: 23702 Action: 0.000000
TS: 23802 Action: 0.000000
TS: 23902 Action: 0.000000
TS: 24002 Action: 0.000000
TS: 24102 Action: 0.000000
TS: 24202 Action: 0.000000
TS: 24302 Action: 0.000000
TS: 24402 Action: 0.000000
TS: 24502 Action: 0.000000
TS: 24603 Action: 0.000000
TS: 24703 Action: 0.000000
TS: 24803 Action: 0.000000
TS: 24903 Action: 0.000000
TS: 25003 Action: 0.000000
TS: 25103 Action: 0.000000
TS: 25203 Action: 0.000000
TS: 25303 Action: 0.000000
TS: 25403 Action: 0.000000
TS: 25503 Action: 0.000000
TS: 25603 Action: 0.000000
TS: 25703 Action: 0.000000
TS: 25803 Action: 0.000000
TS: 25903 Action: 0.000000
TS: 26003 Action: 0.000000
TS: 26103 Action: 0.000000
TS: 26203 Action: 0.000000
TS: 26303 Action: 0.000000
TS: 26403 Action: 0.000000
TS: 26503 Action: 0.000000
TS: 26603 Action: 0.000000
TS: 26703 Action: 0.000000
TS: 26804 Action: 0.000000
TS: 26904 Action: 0.000000
TS: 27004 Action: 0.000000
TS: 27104 Action: 0.000000
TS: 27204 Action: 0.000000
TS: 27304 Action: 0.000000
TS: 27405 Action: 0.000000
TS: 27505 Action: 0.000000
TS: 27605 Action: 0.000000
TS: 27705 Action: 0.000000
TS: 27805 Action: 0.000000
TS: 27905 Action: 0.000000
TS: 28005 Action: 0.000000
TS: 28105 Action: 0.000000
TS: 28205 Action: 0.000000
TS: 28305 Action: 0.000000
TS: 28405 Action: 0.000000
TS: 28505 Action: 0.000000
TS: 28605 Action: 0.000000
TS: 28705 Action: 0.000000
TS: 28805 Action: 0.000000
TS: 28905 Action: 0.000000
TS: 29005 Action: 0.000000
TS: 29105 Action: 0.000000
TS: 29205 Action: 0.000000
TS: 29305 Action: 0.000000
TS: 29405 Action: 0.000000
TS: 29505 Action: 0.000000
TS: 29605 Action: 0.000000
TS: 29705 Action: 0.000000
TS: 29805 Action: 0.000000
TS: 29905 Action: 0.000000
TS: 30005 Action: 0.000000
TS: 30105 Action: 0.000000
TS: 30205 Action: 0.000000
TS: 30305 Action: 0.000000
TS: 30405 Action: 0.000000
TS: 30505 Action: 0.000000
TS: 30605 Action: 0.000000
TS: 30705 Action: 0.000000
TS: 30805 Action: 0.000000
TS: 30905 Action: 0.000000
TS: 31005 Action: 0.000000
TS: 31105 Action: 0.000000
TS: 31205 Action: 0.000000
TS: 31305 Action: 0.000000
TS: 31406 Action: 0.000000
TS: 31506 Action: 0.000000
TS: 31608 Action: 0.000000
TS: 31708 Action: 0.000000
TS: 31808 Action: 0.000000
TS: 31908 Action: 0.000000
TS: 32009 Action: 0.000000
TS: 32109 Action: 0.000000
TS: 32209 Action: 0.000000
TS: 32309 Action: 0.000000
TS: 32409 Action: 0.000000
TS: 32509 Action: 0.000000
TS: 32611 Action: 0.000000
TS: 32711 Action: 0.000000
TS: 32811 Action: 0.000000
TS: 32911 Action: 0.000000
TS: 33011 Action: 0.000000
TS: 33111 Action: 0.000000
TS: 33211 Action: 0.000000
TS: 33311 Action: 0.000000
TS: 33412 Action: 0.000000
TS: 33512 Action: 0.000000
TS: 33612 Action: 0.000000
TS: 33712 Action: 0.000000
TS: 33814 Action: 0.000000
TS: 33914 Action: 0.000000
TS: 34014 Action: 0.000000
TS: 34114 Action: 0.000000
TS: 34215 Action: 0.000000
TS: 34315 Action: 0.000000
TS: 34415 Action: 0.000000
TS: 34515 Action: 0.000000
TS: 34615 Action: 0.000000
TS: 34715 Action: 0.000000
TS: 34815 Action: 0.000000
TS: 34917 Action: 0.000000
TS: 35017 Action: 0.000000
TS: 35117 Action: 0.000000
TS: 35217 Action: 0.000000
TS: 35317 Action: 0.000000
TS: 35417 Action: 0.000000
TS: 35517 Action: 0.000000
TS: 35617 Action: 0.000000
TS: 35717 Action: 0.000000
TS: 35817 Action: 0.000000
TS: 35917 Action: 0.000000
TS: 36017 Action: 0.000000
TS: 36117 Action: 0.000000
TS: 36217 Action: 0.000000
TS: 36317 Action: 0.000000
TS: 36417 Action: 0.000000
TS: 36517 Action: 0.000000
TS: 36617 Action: 0.000000
TS: 36718 Action: 0.000000
TS: 36818 Action: 0.000000
TS: 36918 Action: 0.000000
TS: 37018 Action: 0.000000
TS: 37118 Action: 0.000000
TS: 37218 Action: 0.000000
TS: 37318 Action: 0.000000
TS: 37418 Action: 0.000000
TS: 37518 Action: 0.000000
TS: 37618 Action: 0.000000
TS: 37718 Action: 0.000000
TS: 37818 Action: 0.000000
TS: 37918 Action: 0.000000
TS: 38018 Action: 0.000000
TS: 38118 Action: 0.000000
TS: 38218 Action: 0.000000
TS: 38318 Action: 0.000000
TS: 38418 Action: 0.000000
TS: 38518 Action: 0.000000
TS: 38618 Action: 0.000000
TS: 38718 Action: 0.000000
TS: 38818 Action: 0.000000
TS: 38918 Action: 0.000000
TS: 39018 Action: 0.000000
TS: 39118 Action: 0.000000
TS: 39218 Action: 0.000000
TS: 39318 Action: 0.000000
TS: 39418 Action: 0.000000
TS: 39518 Action: 0.000000
TS: 39618 Action: 0.000000
TS: 39718 Action: 0.000000
TS: 39818 Action: 0.000000
TS: 39918 Action: 0.000000
TS: 40018 Action: 0.000000
TS: 40118 Action: 0.000000
TS: 40218 Action: 0.000000
TS: 40318 Action: 0.000000
TS: 40418 Action: 0.000000
TS: 40518 Action: 0.000000
TS: 40618 Action: 0.000000
TS: 40718 Action: 0.000000
TS: 40818 Action: 0.000000
TS: 40918 Action: 0.000000
TS: 41018 Action: 0.000000
TS: 41118 Action: 0.000000
TS: 41218 Action: 0.000000
TS: 41318 Action: 0.000000
TS: 41418 Action: 0.000000
TS: 41518 Action: 0.000000
TS: 41618 Action: 0.000000
TS: 41718 Action: 0.000000
TS: 41818 Action: 0.000000
TS: 41918 Action: 0.000000
TS: 42018 Action: 0.000000
TS: 42118 Action: 0.000000
TS: 42219 Action: 0.000000
TS: 42319 Action: 0.000000
TS: 42419 Action: 0.000000
TS: 42519 Action: 0.000000
TS: 42619 Action: 0.000000
TS: 42719 Action: 0.000000
TS: 42819 Action: 0.000000
TS: 42919 Action: 0.000000
TS: 43019 Action: 0.000000
TS: 43120 Action: 0.000000
TS: 43220 Action: 0.000000
TS: 43320 Action: 0.000000
TS: 43420 Action: 0.000000
TS: 43520 Action: 0.000000
TS: 43620 Action: 0.000000
TS: 43720 Action: 0.000000
TS: 43820 Action: 0.000000
TS: 43920 Action: 0.000000
TS: 44020 Action: 0.000000
TS: 44120 Action: 0.000000
TS: 44220 Action: 0.000000
TS: 44320 Action: 0.000000
TS: 44420 Action: 0.000000
TS: 44520 Action: 0.000000
TS: 44620 Action: 0.000000
TS: 44720 Action: 0.000000
TS: 44820 Action: 0.000000
TS: 44920 Action: 0.000000
TS: 45020 Action: 0.000000
TS: 45120 Action: 0.000000
TS: 45220 Action: 0.000000
TS: 45320 Action: 0.000000
TS: 45420 Action: 0.000000
TS: 45520 Action: 0.000000
TS: 45620 Action: 0.000000
TS: 45720 Action: 0.000000
TS: 45820 Action: 0.000000
TS: 45920 Action: 0.000000
TS: 46020 Action: 0.000000
TS: 46120 Action: 0.000000
TS: 46220 Action: 0.000000
TS: 46320 Action: 0.000000
TS: 46420 Action: 0.000000
TS: 46520 Action: 0.000000
TS: 46620 Action: 0.000000
TS: 46720 Action: 0.000000
TS: 46820 Action: 0.000000
TS: 46920 Action: 0.000000
TS: 47020 Action: 0.000000
TS: 47120 Action: 0.000000
TS: 47220 Action: 0.000000
TS: 47320 Action: 0.000000
TS: 47420 Action: 0.000000
TS: 47520 Action: 0.000000
TS: 47620 Action: 0.000000
TS: 47720 Action: 0.000000
TS: 47821 Action: 0.000000
TS: 47921 Action: 0.000000
TS: 48021 Action: 0.000000
TS: 48121 Action: 0.000000
TS: 48221 Action: 0.000000
TS: 48321 Action: 0.000000
TS: 48421 Action: 0.000000
TS: 48521 Action: 0.000000
TS: 48621 Action: 0.000000
TS: 48721 Action: 0.000000
TS: 48821 Action: 0.000000
TS: 48921 Action: 0.000000
TS: 49021 Action: 0.000000
TS: 49121 Action: 0.000000
TS: 49221 Action: 0.000000
TS: 49321 Action: 0.000000
TS: 49421 Action: 0.000000
TS: 49521 Action: 0.000000
yarp: Removing input from /iha/as/action:out to /iha/controller/action:cmd
yarp: Removing output from /iha/controller/encoders:out to /iha/sm/encoders:in
Module closing
Module finished
