Sensor Motor Interface Module
Debug level : 20
echo_output FALSE
gaze_input FALSE
num_image_sensors x/y : 8/8
Writing sensor output to port /iha/sm/sensor:out
yarp: Port /iha/sm/sensor:out active at tcp://10.0.0.104:10242
yarp: Port /iha/sm/image:in active at tcp://10.0.0.104:10292
yarp: Port /iha/sm/facecoords:in active at tcp://10.0.0.104:10172
yarp: Port /iha/sm/soundsensor:in active at tcp://10.0.0.104:10212
yarp: Port /iha/sm/encoders:in active at tcp://10.0.0.104:10182
Waiting for port /icub/cam/left  ready. Now connecting /icub/cam/left to /iha/sm/image:in yarp: Receiving input from /icub/cam/left to /iha/sm/image:in using tcp
Added output connection from "/icub/cam/left" to "/iha/sm/image:in"
 connected.
Connected to Image
Waiting for port /iha/fd/facedetect:coords  ready. Now connecting /iha/fd/facedetect:coords to /iha/sm/facecoords:in yarp: Receiving input from /iha/fd/facedetect:coords to /iha/sm/facecoords:in using tcp
Added output connection from "/iha/fd/facedetect:coords" to "/iha/sm/facecoords:in"
 connected.
Connected to Face Coords
Waiting for port /iha/sound/sndsensor:out yarp: Sending output from /iha/sm/sensor:out to /iha/filewriter/data:in using tcp
 ready. Now connecting /iha/sound/sndsensor:out to /iha/sm/soundsensor:in Added output connection from "/iha/sound/sndsensor:out" to "/iha/sm/soundsensor:in"
 connected.
Connected to sound sensor
Waiting for port /iha/controller/encoders:out yarp: Receiving input from /iha/sound/sndsensor:out to /iha/sm/soundsensor:in using tcp
yarp: Sending output from /iha/sm/sensor:out to /iha/dynamics/data:in using tcp
 ready. Now connecting /iha/controller/encoders:out to /iha/sm/encoders:in yarp: Receiving input from /iha/controller/encoders:out to /iha/sm/encoders:in using tcp
Added output connection from "/iha/controller/encoders:out" to "/iha/sm/encoders:in"
 connected.
Connected to encoders
yarp: Port /iha/sm/status:out active at tcp://10.0.0.104:10262
yarp: Port /iha/sm/quit active at tcp://10.0.0.104:10312
Checking "file": = /usr/local/src/robot/iCub/app/ ... (configuration file to use, if any)
Working with config file /usr/local/src/robot/iCub/app/iha_new/conf/
Checking "name": = /iha/sm (name of module)
Checking "help": if present, display usage message
Listening to terminal (type "quit" to stop module)
TS: 0 
TS: 100 
TS: 200 
TS: 300 
TS: 400 
TS: 500 
TS: 600 
TS: 700 
TS: 800 
TS: 900 
TS: 1000 
TS: 1100 
TS: 1200 
TS: 1300 
TS: 1400 
TS: 1500 
TS: 1600 
TS: 1700 
TS: 1800 
TS: 1900 
TS: 2000 
TS: 2100 
TS: 2200 
TS: 2300 
TS: 2400 
TS: 2500 
TS: 2600 
TS: 2700 
TS: 2800 
TS: 2900 
TS: 3000 
TS: 3100 
TS: 3200 
TS: 3300 
TS: 3400 
TS: 3500 
TS: 3600 
TS: 3700 
TS: 3800 
TS: 3900 
TS: 4000 
TS: 4100 
TS: 4200 
TS: 4300 
TS: 4400 
TS: 4500 
TS: 4600 
TS: 4700 
TS: 4800 
TS: 4900 
TS: 5000 
TS: 5100 
TS: 5200 
TS: 5300 
TS: 5400 
TS: 5500 
TS: 5600 
TS: 5700 
TS: 5800 
TS: 5900 
TS: 6000 
TS: 6100 
TS: 6200 
TS: 6300 
TS: 6400 
TS: 6500 
TS: 6600 
TS: 6700 
TS: 6800 
TS: 6900 
TS: 7001 
TS: 7101 
TS: 7201 
TS: 7301 
TS: 7401 
TS: 7501 
TS: 7601 
TS: 7701 
TS: 7801 
TS: 7901 
TS: 8001 
TS: 8101 
TS: 8201 
TS: 8301 
TS: 8401 
TS: 8501 
TS: 8601 
TS: 8701 
TS: 8801 
TS: 8901 
TS: 9001 
TS: 9101 
TS: 9201 
TS: 9301 
TS: 9401 
TS: 9501 
TS: 9601 
TS: 9702 
TS: 9802 
TS: 9902 
TS: 10002 
TS: 10102 
TS: 10202 
TS: 10302 
TS: 10402 
TS: 10502 
TS: 10602 
TS: 10702 
TS: 10802 
TS: 10902 
TS: 11002 
TS: 11102 
TS: 11202 
TS: 11302 
TS: 11402 
TS: 11502 
TS: 11602 
TS: 11702 
TS: 11802 
TS: 11902 
TS: 12002 
TS: 12102 
TS: 12202 
TS: 12302 
TS: 12402 
TS: 12502 
TS: 12602 
TS: 12702 
TS: 12802 
TS: 12902 
TS: 13002 
TS: 13102 
TS: 13202 
TS: 13302 
TS: 13402 
TS: 13502 
TS: 13602 
TS: 13702 
TS: 13802 
TS: 13902 
TS: 14002 
TS: 14102 
TS: 14202 
TS: 14302 
TS: 14402 
TS: 14502 
TS: 14602 
TS: 14702 
TS: 14802 
TS: 14902 
TS: 15002 
TS: 15102 
TS: 15202 
TS: 15302 
TS: 15402 
TS: 15502 
TS: 15602 
TS: 15702 
TS: 15802 
TS: 15902 
TS: 16002 
TS: 16102 
TS: 16202 
TS: 16302 
TS: 16402 
TS: 16502 
TS: 16602 
TS: 16702 
TS: 16802 
TS: 16902 
TS: 17002 
TS: 17102 
TS: 17202 
TS: 17302 
TS: 17402 
TS: 17502 
TS: 17602 
TS: 17702 
TS: 17802 
TS: 17902 
TS: 18002 
TS: 18102 
TS: 18203 
TS: 18303 
TS: 18403 
TS: 18503 
TS: 18603 
TS: 18703 
TS: 18803 
TS: 18903 
TS: 19003 
TS: 19103 
TS: 19203 
TS: 19303 
TS: 19403 
TS: 19503 
TS: 19603 
TS: 19703 
TS: 19803 
TS: 19903 
TS: 20003 
TS: 20103 
TS: 20203 
TS: 20303 
TS: 20403 
TS: 20503 
TS: 20603 
TS: 20703 
TS: 20803 
TS: 20903 
TS: 21003 
TS: 21103 
TS: 21203 
TS: 21303 
TS: 21403 
TS: 21503 
TS: 21603 
TS: 21703 
TS: 21803 
TS: 21903 
TS: 22003 
TS: 22103 
TS: 22203 
TS: 22303 
TS: 22403 
TS: 22503 
TS: 22603 
TS: 22703 
TS: 22803 
TS: 22903 
TS: 23003 
TS: 23103 
TS: 23203 
TS: 23303 
TS: 23403 
TS: 23503 
TS: 23603 
TS: 23703 
TS: 23803 
TS: 23903 
TS: 24003 
TS: 24103 
TS: 24203 
TS: 24303 
TS: 24403 
TS: 24503 
TS: 24603 
TS: 24703 
TS: 24803 
TS: 24903 
TS: 25003 
TS: 25103 
TS: 25203 
TS: 25303 
TS: 25404 
TS: 25504 
TS: 25604 
TS: 25704 
TS: 25804 
TS: 25904 
TS: 26004 
TS: 26104 
TS: 26204 
TS: 26304 
TS: 26404 
TS: 26504 
TS: 26604 
TS: 26704 
TS: 26804 
TS: 26904 
TS: 27004 
TS: 27104 
TS: 27204 
TS: 27304 
TS: 27404 
TS: 27504 
TS: 27604 
TS: 27704 
TS: 27804 
TS: 27904 
TS: 28004 
TS: 28104 
TS: 28204 
TS: 28304 
TS: 28404 
TS: 28504 
TS: 28604 
TS: 28704 
TS: 28804 
TS: 28904 
TS: 29004 
TS: 29104 
TS: 29204 
TS: 29304 
TS: 29404 
TS: 29504 
TS: 29604 
TS: 29704 
TS: 29804 
TS: 29904 
TS: 30004 
TS: 30104 
TS: 30204 
TS: 30304 
TS: 30404 
TS: 30504 
TS: 30604 
TS: 30704 
TS: 30804 
TS: 30904 
TS: 31004 
TS: 31104 
TS: 31205 
TS: 31305 
TS: 31405 
TS: 31505 
TS: 31605 
TS: 31705 
TS: 31805 
TS: 31905 
TS: 32005 
TS: 32105 
TS: 32205 
TS: 32305 
TS: 32405 
TS: 32505 
TS: 32605 
TS: 32705 
TS: 32805 
TS: 32905 
TS: 33005 
TS: 33105 
TS: 33205 
TS: 33305 
TS: 33405 
TS: 33505 
TS: 33605 
TS: 33705 
TS: 33805 
TS: 33905 
TS: 34005 
TS: 34105 
TS: 34205 
TS: 34305 
TS: 34405 
TS: 34505 
TS: 34605 
TS: 34705 
TS: 34805 
TS: 34905 
TS: 35005 
TS: 35105 
TS: 35205 
TS: 35305 
TS: 35405 
TS: 35505 
TS: 35605 
TS: 35705 
TS: 35805 
TS: 35905 
TS: 36005 
TS: 36105 
TS: 36205 
TS: 36305 
TS: 36405 
TS: 36505 
TS: 36605 
TS: 36705 
TS: 36805 
TS: 36905 
TS: 37005 
TS: 37105 
TS: 37205 
TS: 37305 
TS: 37405 
TS: 37505 
TS: 37605 
TS: 37705 
TS: 37805 
TS: 37906 
TS: 38006 
TS: 38106 
TS: 38206 
TS: 38306 
TS: 38406 
TS: 38506 
TS: 38606 
TS: 38706 
TS: 38806 
TS: 38906 
TS: 39006 
TS: 39106 
TS: 39206 
TS: 39306 
TS: 39407 
TS: 39508 
TS: 39608 
TS: 39708 
TS: 39808 
TS: 39908 
TS: 40008 
TS: 40108 
TS: 40208 
TS: 40308 
TS: 40408 
TS: 40508 
TS: 40608 
TS: 40708 
TS: 40809 
TS: 40909 
TS: 41009 
TS: 41109 
TS: 41209 
TS: 41309 
TS: 41409 
TS: 41509 
TS: 41609 
TS: 41709 
TS: 41809 
TS: 41909 
TS: 42009 
TS: 42109 
TS: 42209 
TS: 42309 
TS: 42409 
TS: 42509 
TS: 42609 
TS: 42709 
TS: 42809 
TS: 42909 
TS: 43009 
TS: 43109 
TS: 43209 
TS: 43309 
TS: 43409 
TS: 43509 
TS: 43609 
TS: 43709 
TS: 43809 
TS: 43909 
TS: 44009 
TS: 44109 
TS: 44209 
TS: 44309 
TS: 44409 
TS: 44509 
TS: 44609 
TS: 44709 
TS: 44809 
TS: 44909 
TS: 45009 
TS: 45109 
TS: 45209 
TS: 45309 
TS: 45409 
TS: 45509 
TS: 45609 
TS: 45709 
TS: 45809 
TS: 45909 
TS: 46009 
TS: 46109 
TS: 46209 
TS: 46309 
TS: 46409 
TS: 46509 
TS: 46609 
TS: 46709 
TS: 46809 
TS: 46909 
TS: 47009 
TS: 47109 
TS: 47209 
TS: 47309 
TS: 47409 
TS: 47509 
TS: 47609 
TS: 47709 
TS: 47809 
TS: 47909 
TS: 48009 
TS: 48109 
TS: 48209 
TS: 48309 
TS: 48409 
TS: 48509 
TS: 48609 
TS: 48709 
TS: 48809 
TS: 48909 
TS: 49009 
TS: 49109 
TS: 49209 
TS: 49309 
TS: 49409 
TS: 49509 
TS: 49609 
TS: 49709 
TS: 49809 
TS: 49909 
TS: 50009 
TS: 50109 
TS: 50209 
TS: 50309 
TS: 50409 
TS: 50509 
TS: 50609 
TS: 50709 
TS: 50809 
TS: 50909 
TS: 51009 
TS: 51109 
TS: 51209 
TS: 51309 
TS: 51409 
TS: 51509 
TS: 51609 
TS: 51709 
TS: 51809 
TS: 51909 
TS: 52009 
TS: 52109 
TS: 52210 
TS: 52310 
TS: 52410 
TS: 52510 
TS: 52610 
TS: 52710 
TS: 52810 
TS: 52910 
TS: 53010 
TS: 53110 
TS: 53210 
TS: 53310 
TS: 53410 
TS: 53510 
TS: 53610 
TS: 53710 
TS: 53810 
TS: 53910 
TS: 54010 
TS: 54110 
TS: 54210 
TS: 54310 
TS: 54410 
TS: 54510 
TS: 54610 
TS: 54710 
TS: 54810 
TS: 54910 
TS: 55010 
TS: 55110 
TS: 55210 
TS: 55310 
TS: 55410 
TS: 55510 
TS: 55610 
TS: 55710 
TS: 55810 
TS: 55910 
TS: 56010 
TS: 56110 
TS: 56210 
TS: 56310 
TS: 56410 
TS: 56510 
TS: 56610 
TS: 56710 
TS: 56810 
TS: 56910 
TS: 57010 
TS: 57110 
TS: 57210 
TS: 57310 
TS: 57410 
TS: 57510 
TS: 57610 
TS: 57710 
TS: 57810 
TS: 57910 
TS: 58010 
TS: 58110 
TS: 58210 
TS: 58310 
TS: 58410 
TS: 58510 
TS: 58610 
TS: 58710 
TS: 58810 
TS: 58910 
TS: 59010 
TS: 59110 
TS: 59210 
TS: 59310 
TS: 59411 
TS: 59511 
TS: 59611 
TS: 59711 
TS: 59811 
TS: 59911 
TS: 60011 
TS: 60111 
TS: 60211 
TS: 60311 
TS: 60411 
TS: 60511 
TS: 60611 
TS: 60711 
TS: 60811 
TS: 60911 
TS: 61011 
TS: 61111 
TS: 61211 
TS: 61311 
TS: 61411 
TS: 61511 
TS: 61611 
TS: 61711 
TS: 61811 
TS: 61911 
TS: 62011 
TS: 62111 
TS: 62211 
TS: 62311 
TS: 62411 
TS: 62511 
TS: 62611 
TS: 62711 
TS: 62811 
TS: 62911 
TS: 63011 
TS: 63111 
TS: 63211 
TS: 63311 
TS: 63411 
TS: 63511 
TS: 63611 
TS: 63711 
TS: 63811 
TS: 63911 
TS: 64011 
TS: 64111 
TS: 64211 
TS: 64311 
TS: 64411 
TS: 64511 
TS: 64611 
TS: 64711 
TS: 64811 
TS: 64911 
TS: 65011 
TS: 65111 
TS: 65211 
TS: 65311 
TS: 65411 
TS: 65511 
TS: 65611 
TS: 65711 
TS: 65811 
TS: 65911 
TS: 66011 
TS: 66111 
TS: 66211 
TS: 66311 
TS: 66411 
TS: 66511 
TS: 66611 
TS: 66711 
TS: 66811 
TS: 66911 
TS: 67011 
TS: 67111 
TS: 67211 
TS: 67311 
TS: 67411 
TS: 67511 
TS: 67611 
TS: 67711 
TS: 67811 
TS: 67911 
TS: 68011 
TS: 68111 
TS: 68211 
TS: 68311 
TS: 68411 
TS: 68511 
TS: 68611 
TS: 68711 
TS: 68811 
TS: 68911 
TS: 69011 
TS: 69111 
TS: 69211 
TS: 69311 
TS: 69411 
TS: 69511 
TS: 69611 
TS: 69711 
TS: 69811 
TS: 69911 
TS: 70011 
TS: 70111 
TS: 70211 
TS: 70311 
TS: 70411 
TS: 70511 
TS: 70611 
TS: 70711 
TS: 70811 
TS: 70911 
TS: 71011 
TS: 71111 
TS: 71211 
TS: 71311 
TS: 71411 
TS: 71512 
TS: 71612 
TS: 71712 
TS: 71812 
TS: 71912 
TS: 72012 
TS: 72112 
TS: 72212 
TS: 72312 
TS: 72412 
TS: 72512 
TS: 72613 
TS: 72713 
TS: 72813 
TS: 72913 
TS: 73013 
TS: 73113 
TS: 73213 
TS: 73313 
TS: 73413 
TS: 73513 
TS: 73613 
TS: 73713 
TS: 73813 
TS: 73913 
TS: 74013 
TS: 74113 
TS: 74213 
TS: 74313 
TS: 74413 
TS: 74513 
TS: 74613 
TS: 74713 
TS: 74813 
TS: 74913 
TS: 75013 
TS: 75113 
TS: 75213 
TS: 75313 
TS: 75413 
TS: 75513 
TS: 75613 
TS: 75713 
TS: 75813 
TS: 75913 
TS: 76013 
TS: 76113 
TS: 76213 
TS: 76313 
TS: 76413 
TS: 76513 
TS: 76613 
TS: 76713 
TS: 76813 
TS: 76913 
TS: 77014 
TS: 77114 
TS: 77214 
TS: 77314 
TS: 77414 
TS: 77514 
TS: 77614 
TS: 77714 
TS: 77814 
TS: 77914 
TS: 78014 
TS: 78114 
TS: 78214 
TS: 78314 
TS: 78414 
TS: 78514 
TS: 78614 
TS: 78714 
TS: 78814 
TS: 78914 
TS: 79014 
TS: 79114 
TS: 79214 
TS: 79314 
TS: 79414 
TS: 79514 
TS: 79614 
TS: 79714 
TS: 79814 
TS: 79914 
TS: 80014 
TS: 80114 
TS: 80214 
TS: 80314 
TS: 80414 
TS: 80514 
TS: 80614 
TS: 80714 
TS: 80814 
TS: 80914 
TS: 81014 
TS: 81114 
TS: 81214 
TS: 81314 
TS: 81414 
TS: 81514 
TS: 81614 
TS: 81714 
TS: 81814 
TS: 81914 
TS: 82014 
TS: 82114 
TS: 82214 
TS: 82314 
TS: 82414 
TS: 82514 
TS: 82614 
TS: 82714 
TS: 82814 
TS: 82914 
TS: 83014 
TS: 83114 
TS: 83214 
TS: 83314 
TS: 83414 
TS: 83514 
TS: 83614 
TS: 83714 
TS: 83814 
TS: 83914 
TS: 84014 
TS: 84114 
TS: 84214 
TS: 84314 
TS: 84414 
TS: 84514 
TS: 84614 
TS: 84714 
TS: 84814 
TS: 84914 
TS: 85014 
TS: 85114 
TS: 85214 
TS: 85314 
TS: 85414 
TS: 85514 
TS: 85614 
TS: 85714 
TS: 85815 
TS: 85915 
TS: 86015 
TS: 86115 
TS: 86215 
TS: 86315 
TS: 86415 
TS: 86515 
TS: 86616 
TS: 86716 
TS: 86816 
TS: 86916 
TS: 87017 
TS: 87117 
TS: 87217 
TS: 87317 
TS: 87418 
TS: 87519 
TS: 87619 
TS: 87719 
TS: 87819 
TS: 87919 
TS: 88019 
TS: 88119 
TS: 88219 
TS: 88319 
TS: 88419 
TS: 88519 
TS: 88619 
TS: 88719 
TS: 88819 
TS: 88919 
TS: 89020 
TS: 89120 
TS: 89220 
TS: 89320 
TS: 89420 
TS: 89520 
TS: 89620 
TS: 89720 
TS: 89820 
TS: 89920 
TS: 90020 
TS: 90120 
TS: 90220 
TS: 90320 
TS: 90420 
TS: 90520 
TS: 90620 
TS: 90720 
TS: 90820 
TS: 90920 
TS: 91020 
TS: 91120 
TS: 91220 
TS: 91320 
TS: 91420 
TS: 91520 
TS: 91620 
TS: 91720 
TS: 91820 
TS: 91920 
TS: 92020 
TS: 92120 
TS: 92220 
TS: 92320 
TS: 92420 
TS: 92520 
TS: 92620 
TS: 92720 
TS: 92820 
TS: 92920 
TS: 93020 
TS: 93120 
TS: 93220 
TS: 93320 
TS: 93420 
TS: 93520 
TS: 93620 
TS: 93720 
TS: 93820 
TS: 93920 
TS: 94020 
TS: 94120 
TS: 94220 
TS: 94320 
TS: 94420 
TS: 94520 
TS: 94620 
TS: 94720 
TS: 94820 
TS: 94920 
TS: 95021 
TS: 95121 
TS: 95221 
TS: 95321 
TS: 95421 
TS: 95521 
TS: 95621 
TS: 95721 
TS: 95821 
TS: 95921 
TS: 96021 
TS: 96122 
TS: 96222 
TS: 96322 
TS: 96422 
TS: 96522 
TS: 96622 
TS: 96722 
TS: 96823 
TS: 96923 
TS: 97023 
TS: 97123 
TS: 97223 
TS: 97323 
TS: 97423 
TS: 97523 
TS: 97623 
TS: 97723 
TS: 97823 
TS: 97923 
TS: 98023 
TS: 98123 
TS: 98223 
TS: 98323 
TS: 98423 
TS: 98523 
TS: 98623 
TS: 98723 
TS: 98824 
TS: 98924 
TS: 99024 
TS: 99124 
TS: 99224 
TS: 99324 
TS: 99424 
TS: 99524 
TS: 99624 
TS: 99724 
TS: 99824 
TS: 99924 
TS: 100024 
TS: 100124 
TS: 100224 
TS: 100324 
TS: 100424 
TS: 100524 
TS: 100624 
TS: 100725 
TS: 100825 
TS: 100925 
TS: 101025 
TS: 101125 
TS: 101225 
TS: 101325 
TS: 101425 
TS: 101525 
TS: 101625 
TS: 101725 
TS: 101825 
TS: 101925 
TS: 102025 
TS: 102125 
TS: 102225 
TS: 102325 
TS: 102425 
TS: 102525 
TS: 102625 
TS: 102725 
TS: 102825 
TS: 102925 
TS: 103025 
TS: 103125 
TS: 103226 
TS: 103326 
TS: 103426 
TS: 103526 
TS: 103627 
TS: 103727 
TS: 103827 
TS: 103927 
TS: 104027 
TS: 104127 
TS: 104227 
TS: 104327 
TS: 104427 
TS: 104528 
TS: 104628 
TS: 104728 
TS: 104828 
TS: 104929 
TS: 105029 
TS: 105129 
TS: 105229 
TS: 105329 
TS: 105429 
TS: 105529 
TS: 105629 
TS: 105729 
TS: 105829 
TS: 105929 
TS: 106029 
TS: 106129 
TS: 106229 
TS: 106329 
TS: 106429 
TS: 106529 
TS: 106629 
TS: 106729 
TS: 106830 
TS: 106930 
TS: 107030 
TS: 107130 
TS: 107230 
TS: 107330 
TS: 107430 
TS: 107530 
TS: 107630 
TS: 107730 
TS: 107830 
TS: 107930 
TS: 108030 
TS: 108130 
TS: 108230 
TS: 108330 
TS: 108431 
TS: 108531 
TS: 108631 
TS: 108731 
TS: 108831 
TS: 108931 
TS: 109031 
TS: 109131 
TS: 109231 
TS: 109331 
TS: 109431 
TS: 109531 
TS: 109631 
TS: 109731 
TS: 109831 
TS: 109931 
TS: 110031 
TS: 110131 
TS: 110231 
TS: 110331 
TS: 110431 
TS: 110531 
TS: 110631 
TS: 110731 
TS: 110832 
TS: 110932 
TS: 111032 
TS: 111132 
TS: 111232 
TS: 111332 
TS: 111432 
TS: 111532 
TS: 111632 
TS: 111732 
TS: 111832 
TS: 111932 
TS: 112032 
TS: 112132 
TS: 112232 
TS: 112332 
TS: 112432 
TS: 112532 
TS: 112632 
TS: 112733 
TS: 112833 
TS: 112933 
TS: 113033 
TS: 113133 
TS: 113233 
TS: 113333 
TS: 113433 
TS: 113533 
TS: 113633 
TS: 113733 
TS: 113833 
TS: 113933 
TS: 114033 
TS: 114133 
TS: 114233 
TS: 114333 
TS: 114433 
TS: 114533 
TS: 114633 
TS: 114733 
TS: 114833 
TS: 114933 
TS: 115033 
TS: 115133 
TS: 115233 
TS: 115333 
TS: 115433 
TS: 115533 
TS: 115633 
TS: 115733 
TS: 115833 
TS: 115933 
TS: 116033 
TS: 116133 
TS: 116233 
TS: 116333 
TS: 116433 
TS: 116533 
TS: 116633 
TS: 116733 
TS: 116833 
TS: 116933 
TS: 117033 
TS: 117133 
TS: 117233 
TS: 117333 
TS: 117433 
TS: 117533 
TS: 117633 
TS: 117733 
TS: 117833 
TS: 117933 
TS: 118033 
TS: 118133 
TS: 118233 
TS: 118333 
TS: 118433 
TS: 118533 
TS: 118633 
TS: 118733 
TS: 118833 
TS: 118933 
TS: 119033 
TS: 119133 
TS: 119233 
TS: 119333 
TS: 119433 
TS: 119533 
TS: 119633 
TS: 119733 
TS: 119833 
TS: 119933 
TS: 120033 
TS: 120133 
TS: 120233 
TS: 120333 
TS: 120433 
TS: 120533 
TS: 120633 
TS: 120733 
TS: 120833 
TS: 120933 
TS: 121033 
TS: 121133 
TS: 121233 
TS: 121333 
TS: 121433 
TS: 121533 
TS: 121634 
TS: 121734 
TS: 121834 
TS: 121934 
TS: 122034 
TS: 122134 
TS: 122234 
TS: 122334 
TS: 122434 
TS: 122534 
TS: 122634 
TS: 122734 
TS: 122834 
TS: 122934 
TS: 123034 
TS: 123134 
TS: 123234 
TS: 123334 
TS: 123434 
TS: 123535 
TS: 123635 
TS: 123735 
TS: 123835 
TS: 123935 
TS: 124035 
TS: 124135 
TS: 124235 
TS: 124335 
TS: 124435 
TS: 124535 
TS: 124635 
TS: 124735 
TS: 124836 
TS: 124936 
TS: 125036 
TS: 125136 
TS: 125237 
TS: 125337 
TS: 125437 
TS: 125537 
TS: 125637 
TS: 125737 
TS: 125837 
TS: 125937 
TS: 126037 
TS: 126137 
TS: 126237 
TS: 126337 
TS: 126438 
TS: 126538 
TS: 126639 
TS: 126739 
TS: 126839 
TS: 126939 
TS: 127039 
TS: 127139 
TS: 127240 
TS: 127340 
TS: 127440 
TS: 127540 
TS: 127640 
TS: 127740 
TS: 127841 
TS: 127941 
TS: 128041 
TS: 128141 
TS: 128242 
TS: 128342 
TS: 128442 
TS: 128542 
TS: 128642 
TS: 128744 
TS: 128844 
TS: 128944 
TS: 129044 
TS: 129144 
TS: 129244 
TS: 129344 
TS: 129444 
TS: 129544 
TS: 129644 
TS: 129744 
TS: 129844 
TS: 129944 
TS: 130044 
TS: 130144 
TS: 130244 
TS: 130344 
TS: 130444 
TS: 130545 
TS: 130645 
TS: 130745 
TS: 130845 
TS: 130945 
TS: 131045 
TS: 131145 
TS: 131245 
TS: 131345 
TS: 131445 
TS: 131545 
TS: 131645 
TS: 131745 
TS: 131845 
TS: 131945 
TS: 132045 
TS: 132145 
TS: 132245 
TS: 132345 
TS: 132445 
TS: 132545 
TS: 132645 
TS: 132745 
TS: 132845 
TS: 132945 
TS: 133045 
TS: 133145 
TS: 133245 
TS: 133345 
TS: 133445 
TS: 133546 
TS: 133646 
TS: 133746 
TS: 133846 
TS: 133946 
TS: 134046 
TS: 134146 
TS: 134246 
TS: 134346 
TS: 134446 
TS: 134546 
TS: 134646 
TS: 134746 
TS: 134846 
TS: 134946 
TS: 135046 
TS: 135146 
TS: 135246 
TS: 135346 
TS: 135446 
TS: 135547 
TS: 135647 
TS: 135747 
TS: 135847 
TS: 135947 
TS: 136047 
TS: 136147 
TS: 136247 
TS: 136347 
TS: 136447 
TS: 136547 
TS: 136647 
TS: 136747 
TS: 136847 
TS: 136947 
TS: 137047 
TS: 137147 
TS: 137247 
TS: 137347 
TS: 137447 
TS: 137547 
TS: 137647 
TS: 137747 
TS: 137847 
TS: 137947 
TS: 138047 
TS: 138148 
TS: 138248 
TS: 138348 
TS: 138448 
TS: 138548 
TS: 138648 
TS: 138748 
TS: 138848 
TS: 138948 
TS: 139048 
TS: 139148 
TS: 139248 
TS: 139348 
TS: 139448 
TS: 139548 
TS: 139648 
TS: 139748 
TS: 139848 
TS: 139948 
TS: 140049 
TS: 140149 
TS: 140249 
TS: 140349 
TS: 140449 
TS: 140549 
TS: 140650 
TS: 140750 
TS: 140850 
TS: 140950 
TS: 141050 
TS: 141150 
TS: 141250 
TS: 141350 
TS: 141450 
TS: 141550 
TS: 141650 
TS: 141750 
TS: 141851 
TS: 141951 
TS: 142051 
TS: 142151 
TS: 142251 
TS: 142351 
TS: 142451 
TS: 142551 
TS: 142651 
TS: 142751 
TS: 142851 
TS: 142951 
TS: 143051 
TS: 143151 
TS: 143251 
TS: 143351 
TS: 143452 
TS: 143552 
TS: 143652 
TS: 143752 
TS: 143852 
TS: 143952 
TS: 144052 
TS: 144152 
TS: 144252 
TS: 144352 
TS: 144452 
TS: 144552 
TS: 144652 
TS: 144752 
TS: 144852 
TS: 144952 
TS: 145052 
TS: 145152 
TS: 145252 
TS: 145352 
TS: 145452 
TS: 145552 
TS: 145652 
TS: 145752 
TS: 145852 
TS: 145952 
TS: 146052 
TS: 146152 
TS: 146252 
TS: 146352 
TS: 146452 
TS: 146552 
TS: 146653 
TS: 146753 
TS: 146853 
TS: 146953 
TS: 147053 
TS: 147153 
TS: 147253 
TS: 147353 
TS: 147453 
TS: 147553 
TS: 147653 
TS: 147753 
TS: 147853 
TS: 147953 
TS: 148053 
TS: 148153 
TS: 148253 
TS: 148353 
TS: 148453 
TS: 148553 
TS: 148653 
TS: 148753 
TS: 148853 
TS: 148953 
TS: 149053 
TS: 149153 
TS: 149253 
TS: 149353 
TS: 149454 
TS: 149554 
TS: 149654 
TS: 149754 
TS: 149854 
TS: 149954 
TS: 150054 
TS: 150154 
TS: 150254 
TS: 150354 
TS: 150454 
TS: 150554 
TS: 150654 
TS: 150754 
TS: 150854 
TS: 150954 
TS: 151054 
TS: 151154 
TS: 151255 
TS: 151355 
TS: 151455 
TS: 151555 
TS: 151655 
TS: 151755 
TS: 151856 
TS: 151956 
TS: 152056 
TS: 152156 
TS: 152256 
TS: 152356 
TS: 152456 
TS: 152556 
TS: 152656 
TS: 152756 
TS: 152856 
TS: 152956 
TS: 153056 
TS: 153156 
TS: 153256 
TS: 153357 
TS: 153458 
TS: 153558 
TS: 153658 
TS: 153758 
TS: 153858 
TS: 153958 
TS: 154058 
TS: 154158 
TS: 154258 
TS: 154358 
TS: 154458 
TS: 154558 
TS: 154658 
TS: 154758 
TS: 154858 
TS: 154958 
TS: 155058 
TS: 155158 
TS: 155258 
TS: 155359 
TS: 155459 
TS: 155559 
TS: 155659 
TS: 155759 
TS: 155859 
TS: 155959 
TS: 156059 
TS: 156159 
TS: 156259 
TS: 156359 
TS: 156459 
TS: 156559 
TS: 156659 
TS: 156759 
TS: 156859 
TS: 156959 
TS: 157059 
TS: 157159 
TS: 157259 
TS: 157359 
TS: 157459 
TS: 157559 
TS: 157659 
TS: 157759 
TS: 157859 
TS: 157959 
TS: 158059 
TS: 158159 
TS: 158259 
TS: 158359 
TS: 158459 
TS: 158559 
TS: 158659 
TS: 158760 
TS: 158860 
TS: 158960 
TS: 159060 
TS: 159160 
TS: 159260 
TS: 159360 
TS: 159460 
TS: 159560 
TS: 159660 
TS: 159760 
TS: 159860 
TS: 159960 
TS: 160060 
TS: 160160 
TS: 160260 
TS: 160360 
TS: 160460 
TS: 160561 
TS: 160661 
TS: 160761 
TS: 160861 
TS: 160961 
TS: 161061 
TS: 161161 
TS: 161261 
TS: 161361 
TS: 161461 
TS: 161561 
TS: 161661 
TS: 161761 
TS: 161861 
TS: 161962 
TS: 162062 
TS: 162162 
TS: 162262 
TS: 162362 
TS: 162462 
TS: 162562 
TS: 162662 
TS: 162762 
TS: 162862 
TS: 162962 
TS: 163062 
TS: 163162 
TS: 163262 
TS: 163362 
TS: 163462 
TS: 163562 
TS: 163662 
TS: 163762 
TS: 163862 
TS: 163962 
TS: 164062 
TS: 164162 
TS: 164262 
TS: 164362 
TS: 164462 
TS: 164563 
TS: 164663 
TS: 164765 
TS: 164865 
TS: 164966 
TS: 165066 
TS: 165166 
TS: 165266 
TS: 165366 
TS: 165466 
TS: 165568 
TS: 165668 
TS: 165769 
TS: 165869 
TS: 165969 
TS: 166069 
TS: 166171 
TS: 166271 
TS: 166371 
TS: 166471 
TS: 166572 
TS: 166672 
TS: 166774 
TS: 166874 
TS: 166975 
TS: 167076 
TS: 167177 
TS: 167277 
TS: 167379 
TS: 167479 
TS: 167579 
TS: 167679 
TS: 167781 
TS: 167881 
TS: 167983 
TS: 168083 
TS: 168184 
TS: 168285 
TS: 168386 
TS: 168486 
TS: 168586 
TS: 168686 
TS: 168788 
TS: 168888 
TS: 168988 
TS: 169088 
TS: 169189 
TS: 169289 
TS: 169390 
TS: 169490 
TS: 169591 
TS: 169691 
TS: 169791 
TS: 169891 
TS: 169991 
TS: 170091 
TS: 170191 
TS: 170291 
TS: 170392 
TS: 170492 
TS: 170592 
TS: 170692 
TS: 170793 
TS: 170893 
TS: 170993 
TS: 171093 
TS: 171193 
TS: 171293 
TS: 171393 
TS: 171493 
TS: 171593 
TS: 171693 
TS: 171793 
TS: 171893 
TS: 171993 
TS: 172093 
TS: 172193 
TS: 172293 
TS: 172393 
TS: 172493 
TS: 172593 
TS: 172693 
TS: 172793 
TS: 172893 
TS: 172993 
TS: 173093 
TS: 173193 
TS: 173293 
TS: 173393 
TS: 173493 
TS: 173593 
TS: 173693 
TS: 173793 
TS: 173893 
TS: 173993 
TS: 174093 
TS: 174193 
TS: 174293 
TS: 174394 
TS: 174494 
TS: 174594 
TS: 174694 
TS: 174794 
TS: 174894 
TS: 174995 
TS: 175095 
TS: 175196 
TS: 175296 
TS: 175396 
TS: 175496 
TS: 175596 
TS: 175696 
TS: 175797 
TS: 175897 
TS: 175997 
TS: 176097 
TS: 176198 
TS: 176299 
TS: 176399 
TS: 176499 
TS: 176599 
TS: 176699 
TS: 176799 
TS: 176899 
TS: 176999 
TS: 177099 
TS: 177200 
TS: 177300 
TS: 177400 
TS: 177500 
TS: 177600 
TS: 177700 
TS: 177800 
TS: 177900 
TS: 178000 
TS: 178100 
TS: 178200 
TS: 178300 
TS: 178400 
TS: 178500 
TS: 178600 
TS: 178700 
TS: 178801 
TS: 178901 
TS: 179001 
TS: 179101 
TS: 179202 
TS: 179302 
TS: 179402 
TS: 179502 
TS: 179602 
TS: 179702 
TS: 179803 
TS: 179903 
TS: 180003 
TS: 180103 
TS: 180203 
TS: 180303 
TS: 180403 
TS: 180503 
TS: 180603 
TS: 180703 
TS: 180803 
TS: 180903 
TS: 181003 
TS: 181103 
TS: 181203 
TS: 181303 
TS: 181403 
TS: 181503 
TS: 181603 
TS: 181703 
TS: 181803 
TS: 181903 
TS: 182003 
TS: 182103 
TS: 182203 
TS: 182304 
TS: 182404 
TS: 182504 
TS: 182604 
TS: 182704 
TS: 182804 
TS: 182904 
TS: 183004 
TS: 183104 
TS: 183204 
TS: 183304 
TS: 183404 
TS: 183504 
TS: 183605 
TS: 183705 
TS: 183805 
TS: 183905 
TS: 184005 
TS: 184105 
TS: 184206 
TS: 184306 
TS: 184407 
TS: 184507 
TS: 184607 
TS: 184707 
TS: 184807 
TS: 184907 
TS: 185008 
TS: 185108 
TS: 185208 
TS: 185308 
TS: 185408 
TS: 185508 
TS: 185608 
TS: 185708 
TS: 185808 
TS: 185908 
TS: 186008 
TS: 186108 
TS: 186208 
TS: 186308 
TS: 186408 
TS: 186508 
TS: 186608 
TS: 186708 
TS: 186809 
TS: 186909 
TS: 187010 
TS: 187110 
TS: 187211 
TS: 187311 
TS: 187413 
TS: 187513 
TS: 187613 
TS: 187713 
TS: 187813 
TS: 187913 
TS: 188015 
TS: 188115 
TS: 188215 
TS: 188315 
TS: 188415 
TS: 188515 
TS: 188615 
TS: 188715 
TS: 188815 
TS: 188915 
TS: 189015 
TS: 189115 
TS: 189215 
TS: 189315 
TS: 189415 
TS: 189515 
TS: 189615 
TS: 189715 
TS: 189816 
TS: 189916 
TS: 190018 
TS: 190118 
TS: 190219 
TS: 190319 
TS: 190421 
TS: 190521 
TS: 190622 
TS: 190722 
TS: 190823 
TS: 190923 
TS: 191024 
TS: 191124 
TS: 191226 
TS: 191326 
TS: 191427 
TS: 191527 
TS: 191627 
TS: 191727 
TS: 191827 
TS: 191927 
TS: 192027 
TS: 192127 
TS: 192228 
TS: 192328 
TS: 192428 
TS: 192528 
TS: 192628 
TS: 192728 
TS: 192828 
TS: 192928 
TS: 193028 
TS: 193128 
TS: 193229 
TS: 193329 
TS: 193429 
TS: 193529 
TS: 193630 
TS: 193730 
TS: 193830 
TS: 193930 
TS: 194030 
TS: 194130 
TS: 194230 
TS: 194330 
TS: 194430 
TS: 194530 
TS: 194630 
TS: 194730 
TS: 194830 
TS: 194930 
TS: 195030 
TS: 195130 
TS: 195230 
TS: 195330 
TS: 195430 
TS: 195530 
TS: 195630 
TS: 195730 
TS: 195830 
TS: 195930 
TS: 196030 
TS: 196130 
TS: 196230 
TS: 196330 
TS: 196431 
TS: 196531 
TS: 196631 
TS: 196731 
TS: 196831 
TS: 196931 
TS: 197031 
TS: 197131 
TS: 197232 
TS: 197332 
TS: 197432 
TS: 197532 
TS: 197632 
TS: 197732 
TS: 197832 
TS: 197932 
TS: 198032 
TS: 198132 
TS: 198232 
TS: 198332 
TS: 198432 
TS: 198532 
TS: 198632 
TS: 198732 
TS: 198832 
TS: 198932 
TS: 199032 
TS: 199132 
TS: 199232 
TS: 199332 
TS: 199433 
TS: 199533 
TS: 199633 
TS: 199733 
TS: 199833 
TS: 199933 
TS: 200033 
TS: 200133 
TS: 200233 
TS: 200333 
TS: 200433 
TS: 200533 
TS: 200633 
TS: 200733 
TS: 200833 
TS: 200933 
TS: 201034 
TS: 201134 
TS: 201234 
TS: 201334 
TS: 201434 
TS: 201534 
TS: 201634 
TS: 201734 
TS: 201834 
TS: 201934 
TS: 202034 
TS: 202134 
TS: 202234 
TS: 202334 
TS: 202434 
TS: 202534 
TS: 202634 
TS: 202734 
TS: 202834 
TS: 202934 
TS: 203034 
TS: 203134 
TS: 203234 
TS: 203334 
TS: 203434 
TS: 203534 
TS: 203634 
TS: 203734 
TS: 203834 
TS: 203934 
TS: 204034 
TS: 204134 
TS: 204234 
TS: 204334 
TS: 204434 
TS: 204534 
TS: 204634 
TS: 204734 
TS: 204834 
TS: 204934 
TS: 205034 
TS: 205134 
TS: 205235 
TS: 205335 
TS: 205435 
TS: 205535 
TS: 205635 
TS: 205735 
TS: 205835 
TS: 205935 
TS: 206035 
TS: 206135 
TS: 206235 
TS: 206335 
TS: 206435 
TS: 206535 
TS: 206635 
TS: 206735 
TS: 206836 
TS: 206936 
TS: 207036 
TS: 207136 
TS: 207236 
TS: 207336 
TS: 207436 
TS: 207536 
TS: 207636 
TS: 207736 
TS: 207836 
TS: 207936 
TS: 208037 
TS: 208137 
TS: 208237 
TS: 208337 
TS: 208437 
TS: 208537 
TS: 208637 
TS: 208737 
TS: 208837 
TS: 208937 
TS: 209037 
TS: 209137 
TS: 209238 
TS: 209338 
TS: 209438 
TS: 209538 
TS: 209638 
TS: 209738 
TS: 209838 
TS: 209938 
TS: 210038 
TS: 210138 
TS: 210238 
TS: 210338 
TS: 210438 
TS: 210538 
TS: 210638 
TS: 210738 
TS: 210839 
TS: 210939 
TS: 211039 
TS: 211139 
TS: 211239 
TS: 211339 
TS: 211439 
TS: 211539 
TS: 211639 
TS: 211739 
TS: 211839 
TS: 211939 
yarp: Removing input from /iha/controller/encoders:out to /iha/sm/encoders:in
yarp: Removing output from /iha/sm/sensor:out to /iha/dynamics/data:in
yarp: Removing input from /iha/fd/facedetect:coords to /iha/sm/facecoords:in
yarp: Removing input from /iha/sound/sndsensor:out to /iha/sm/soundsensor:in
SensorMotorInterfaceModule::respond quit
sensorOutputPort.interrupt();
faceCoordsPort.interrupt();
imagePort.interrupt();
soundSensorPort.interrupt();
sensorMotorPort.interrupt();
statusPort.interrupt();
SoundSensorReadLoop ended
