Sensor Motor Interface Module
Debug level : 20
echo_output FALSE
gaze_input FALSE
num_image_sensors x/y : 8/8
Writing sensor output to port /iha/sm/sensor:out
yarp: Port /iha/sm/sensor:out active at tcp://10.0.0.104:10112
yarp: Port /iha/sm/image:in active at tcp://10.0.0.104:10122
yarp: Port /iha/sm/facecoords:in active at tcp://10.0.0.104:10132
yarp: Port /iha/sm/soundsensor:in active at tcp://10.0.0.104:10142
yarp: Port /iha/sm/encoders:in active at tcp://10.0.0.104:10152
Waiting for port /icub/cam/left  ready. Now connecting /icub/cam/left to /iha/sm/image:in yarp: Receiving input from /icub/cam/left to /iha/sm/image:in using tcp
Added output connection from "/icub/cam/left" to "/iha/sm/image:in"
 connected.
Connected to Image
Waiting for port /iha/fd/facedetect:coords  ready. Now connecting /iha/fd/facedetect:coords to /iha/sm/facecoords:in Added output connection from "/iha/fd/facedetect:coords" to "/iha/sm/facecoords:in"
 connected.
Connected to Face Coords
Waiting for port /iha/sound/sndsensor:out yarp: Receiving input from /iha/fd/facedetect:coords to /iha/sm/facecoords:in using tcp
 ready. Now connecting /iha/sound/sndsensor:out to /iha/sm/soundsensor:in yarp: Receiving input from /iha/sound/sndsensor:out to /iha/sm/soundsensor:in using tcp
Added output connection from "/iha/sound/sndsensor:out" to "/iha/sm/soundsensor:in"
 connected.
Connected to sound sensor
Waiting for port /iha/controller/encoders:out yarp: Sending output from /iha/sm/sensor:out to /iha/filewriter/data:in using tcp
yarp: Sending output from /iha/sm/sensor:out to /iha/dynamics/data:in using tcp
 ready. Now connecting /iha/controller/encoders:out to /iha/sm/encoders:in yarp: Receiving input from /iha/controller/encoders:out to /iha/sm/encoders:in using tcp
Added output connection from "/iha/controller/encoders:out" to "/iha/sm/encoders:in"
 connected.
Connected to encoders
yarp: Port /iha/sm/status:out active at tcp://10.0.0.104:10282
yarp: Port /iha/sm/quit active at tcp://10.0.0.104:10292
Checking "file": = /usr/local/src/robot/iCub/app/ ... (configuration file to use, if any)
Working with config file /usr/local/src/robot/iCub/app/iha_new/conf/
Checking "name": = /iha/sm (name of module)
Checking "help": if present, display usage message
Listening to terminal (type "quit" to stop module)
TS: 0 
TS: 100 
TS: 200 
TS: 300 
TS: 400 
TS: 500 
TS: 600 
TS: 700 
TS: 800 
TS: 900 
TS: 1000 
TS: 1100 
TS: 1200 
TS: 1300 
TS: 1400 
TS: 1500 
TS: 1600 
TS: 1700 
TS: 1800 
TS: 1900 
TS: 2000 
TS: 2100 
TS: 2200 
TS: 2300 
TS: 2400 
TS: 2500 
TS: 2600 
TS: 2700 
TS: 2800 
TS: 2900 
TS: 3000 
TS: 3100 
TS: 3200 
TS: 3300 
TS: 3400 
TS: 3500 
TS: 3600 
TS: 3700 
TS: 3800 
TS: 3900 
TS: 4000 
TS: 4100 
TS: 4200 
TS: 4300 
TS: 4400 
TS: 4500 
TS: 4600 
TS: 4700 
TS: 4800 
TS: 4900 
TS: 5000 
TS: 5100 
TS: 5200 
TS: 5300 
TS: 5400 
TS: 5500 
TS: 5600 
TS: 5700 
TS: 5800 
TS: 5900 
TS: 6000 
TS: 6100 
TS: 6200 
TS: 6300 
TS: 6400 
TS: 6500 
TS: 6600 
TS: 6700 
TS: 6800 
TS: 6900 
TS: 7000 
TS: 7100 
TS: 7200 
TS: 7300 
TS: 7400 
TS: 7500 
TS: 7600 
TS: 7700 
TS: 7800 
TS: 7900 
TS: 8000 
TS: 8100 
TS: 8200 
TS: 8300 
TS: 8400 
TS: 8500 
TS: 8600 
TS: 8700 
TS: 8800 
TS: 8900 
TS: 9000 
TS: 9100 
TS: 9200 
TS: 9300 
TS: 9400 
TS: 9500 
TS: 9600 
TS: 9700 
TS: 9800 
TS: 9901 
TS: 10001 
TS: 10101 
TS: 10201 
TS: 10301 
TS: 10401 
TS: 10501 
TS: 10601 
TS: 10701 
TS: 10801 
TS: 10901 
TS: 11001 
TS: 11101 
TS: 11201 
TS: 11301 
TS: 11401 
TS: 11501 
TS: 11601 
TS: 11701 
TS: 11801 
TS: 11901 
TS: 12001 
TS: 12101 
TS: 12201 
TS: 12301 
TS: 12401 
TS: 12501 
TS: 12601 
TS: 12701 
TS: 12801 
TS: 12901 
TS: 13001 
TS: 13101 
TS: 13201 
TS: 13301 
TS: 13401 
TS: 13501 
TS: 13601 
TS: 13701 
TS: 13801 
TS: 13901 
TS: 14001 
TS: 14101 
TS: 14201 
TS: 14301 
TS: 14401 
TS: 14501 
TS: 14601 
TS: 14701 
TS: 14801 
TS: 14901 
TS: 15001 
TS: 15101 
TS: 15201 
TS: 15301 
TS: 15401 
TS: 15501 
TS: 15601 
TS: 15701 
TS: 15801 
TS: 15901 
TS: 16001 
TS: 16101 
TS: 16201 
TS: 16301 
TS: 16401 
TS: 16501 
TS: 16601 
TS: 16701 
TS: 16801 
TS: 16901 
TS: 17001 
TS: 17101 
TS: 17201 
TS: 17301 
TS: 17401 
TS: 17501 
TS: 17601 
TS: 17701 
TS: 17801 
TS: 17901 
TS: 18001 
TS: 18101 
TS: 18201 
TS: 18301 
TS: 18401 
TS: 18501 
TS: 18601 
TS: 18701 
TS: 18801 
TS: 18901 
TS: 19001 
TS: 19101 
TS: 19201 
TS: 19301 
TS: 19401 
TS: 19501 
TS: 19601 
TS: 19701 
TS: 19801 
TS: 19901 
TS: 20001 
TS: 20101 
TS: 20201 
TS: 20301 
TS: 20401 
TS: 20501 
TS: 20601 
TS: 20701 
TS: 20801 
TS: 20901 
TS: 21001 
TS: 21102 
TS: 21202 
TS: 21302 
TS: 21402 
TS: 21502 
TS: 21602 
TS: 21702 
TS: 21802 
TS: 21902 
TS: 22002 
TS: 22102 
TS: 22202 
TS: 22302 
TS: 22402 
TS: 22502 
TS: 22602 
TS: 22702 
TS: 22802 
TS: 22902 
TS: 23002 
TS: 23102 
TS: 23202 
TS: 23302 
TS: 23402 
TS: 23502 
TS: 23602 
TS: 23702 
TS: 23802 
TS: 23902 
TS: 24002 
TS: 24102 
TS: 24202 
TS: 24302 
TS: 24402 
TS: 24502 
TS: 24603 
TS: 24703 
TS: 24803 
TS: 24903 
TS: 25003 
TS: 25103 
TS: 25203 
TS: 25303 
TS: 25403 
TS: 25503 
TS: 25603 
TS: 25703 
TS: 25803 
TS: 25903 
TS: 26003 
TS: 26103 
TS: 26203 
TS: 26303 
TS: 26403 
TS: 26503 
TS: 26603 
TS: 26703 
TS: 26804 
TS: 26904 
TS: 27004 
TS: 27104 
TS: 27204 
TS: 27304 
TS: 27405 
TS: 27505 
TS: 27605 
TS: 27705 
TS: 27805 
TS: 27905 
TS: 28005 
TS: 28105 
TS: 28205 
TS: 28305 
TS: 28405 
TS: 28505 
TS: 28605 
TS: 28705 
TS: 28805 
TS: 28905 
TS: 29005 
TS: 29105 
TS: 29205 
TS: 29305 
TS: 29405 
TS: 29505 
TS: 29605 
TS: 29705 
TS: 29805 
TS: 29905 
TS: 30005 
TS: 30105 
TS: 30205 
TS: 30305 
TS: 30405 
TS: 30505 
TS: 30605 
TS: 30705 
TS: 30805 
TS: 30905 
TS: 31005 
TS: 31105 
TS: 31205 
TS: 31305 
TS: 31406 
TS: 31506 
TS: 31608 
TS: 31708 
TS: 31808 
TS: 31908 
TS: 32009 
TS: 32109 
TS: 32209 
TS: 32309 
TS: 32409 
TS: 32509 
TS: 32611 
TS: 32711 
TS: 32811 
TS: 32911 
TS: 33011 
TS: 33111 
TS: 33211 
TS: 33311 
TS: 33412 
TS: 33512 
TS: 33612 
TS: 33712 
TS: 33814 
TS: 33914 
TS: 34014 
TS: 34114 
TS: 34215 
TS: 34315 
TS: 34415 
TS: 34515 
TS: 34615 
TS: 34715 
TS: 34815 
TS: 34917 
TS: 35017 
TS: 35117 
TS: 35217 
TS: 35317 
TS: 35417 
TS: 35517 
TS: 35617 
TS: 35717 
TS: 35817 
TS: 35917 
TS: 36017 
TS: 36117 
TS: 36217 
TS: 36317 
TS: 36417 
TS: 36517 
TS: 36617 
TS: 36718 
TS: 36818 
TS: 36918 
TS: 37018 
TS: 37118 
TS: 37218 
TS: 37318 
TS: 37418 
TS: 37518 
TS: 37618 
TS: 37718 
TS: 37818 
TS: 37918 
TS: 38018 
TS: 38118 
TS: 38218 
TS: 38318 
TS: 38418 
TS: 38518 
TS: 38618 
TS: 38718 
TS: 38818 
TS: 38918 
TS: 39018 
TS: 39118 
TS: 39218 
TS: 39318 
TS: 39418 
TS: 39518 
TS: 39618 
TS: 39718 
TS: 39818 
TS: 39918 
TS: 40018 
TS: 40118 
TS: 40218 
TS: 40318 
TS: 40418 
TS: 40518 
TS: 40618 
TS: 40718 
TS: 40818 
TS: 40918 
TS: 41018 
TS: 41118 
TS: 41218 
TS: 41318 
TS: 41418 
TS: 41518 
TS: 41618 
TS: 41718 
TS: 41818 
TS: 41918 
TS: 42018 
TS: 42118 
TS: 42219 
TS: 42319 
TS: 42419 
TS: 42519 
TS: 42619 
TS: 42719 
TS: 42819 
TS: 42919 
TS: 43019 
TS: 43120 
TS: 43220 
TS: 43320 
TS: 43420 
TS: 43520 
TS: 43620 
TS: 43720 
TS: 43820 
TS: 43920 
TS: 44020 
TS: 44120 
TS: 44220 
TS: 44320 
TS: 44420 
TS: 44520 
TS: 44620 
TS: 44720 
TS: 44820 
TS: 44920 
TS: 45020 
TS: 45120 
TS: 45220 
TS: 45320 
TS: 45420 
TS: 45520 
TS: 45620 
TS: 45720 
TS: 45820 
TS: 45920 
TS: 46020 
TS: 46120 
TS: 46220 
TS: 46320 
TS: 46420 
TS: 46520 
TS: 46620 
TS: 46720 
TS: 46820 
TS: 46920 
TS: 47020 
TS: 47120 
TS: 47220 
TS: 47320 
TS: 47420 
TS: 47520 
TS: 47620 
TS: 47720 
TS: 47821 
TS: 47921 
TS: 48021 
TS: 48121 
TS: 48221 
TS: 48321 
TS: 48421 
TS: 48521 
TS: 48621 
TS: 48721 
TS: 48821 
TS: 48921 
TS: 49021 
TS: 49121 
TS: 49221 
TS: 49321 
TS: 49421 
TS: 49521 
yarp: Removing input from /iha/controller/encoders:out to /iha/sm/encoders:in
yarp: Removing output from /iha/sm/sensor:out to /iha/dynamics/data:in
yarp: Removing input from /iha/fd/facedetect:coords to /iha/sm/facecoords:in
yarp: Removing input from /iha/sound/sndsensor:out to /iha/sm/soundsensor:in
SensorMotorInterfaceModule::respond quit
sensorOutputPort.interrupt();
faceCoordsPort.interrupt();
imagePort.interrupt();
soundSensorPort.interrupt();
sensorMotorPort.interrupt();
statusPort.interrupt();
SoundSensorReadLoop ended
