The system is: Windows - 5.1 - x86
Determining if the C compiler works passed with the following output:
Change Dir: E:/work2/iCub/src/colourProcessor/CMakeFiles/CMakeTmp

Run Build Command:C:\PROGRA~1\MICROS~2\Common7\IDE\devenv.com CMAKE_TRY_COMPILE.sln /build Debug /project cmTryCompileExec

Microsoft (R) Visual Studio Version 8.0.50727.42.
Copyright (C) Microsoft Corp 1984-2005. All rights reserved.
1>------ Build started: Project: cmTryCompileExec, Configuration: Debug Win32 ------
1>Compiling...
1>Microsoft (R) 32-bit C/C++ Optimizing Compiler Version 14.00.50727.42 for 80x86
1>Copyright (C) Microsoft Corporation.  All rights reserved.
1>cl /Od /D "WIN32" /D "_WINDOWS" /D "_DEBUG" /D "CMAKE_INTDIR=\"Debug\"" /D "_MBCS" /FD /RTC1 /MDd /Fo"cmTryCompileExec.dir\Debug\\" /Fd"E:/work2/iCub/src/colourProcessor/CMakeFiles/CMakeTmp/Debug/cmTryCompileExec.pdb" /W3 /c /Zi /TC   /Zm1000
1>   .\testCCompiler.c
1>testCCompiler.c
1>Compiling manifest to resources...
1>Linking...
1>Embedding manifest...
1>Build log was saved at "file://e:\work2\iCub\src\colourProcessor\CMakeFiles\CMakeTmp\cmTryCompileExec.dir\Debug\BuildLog.htm"
1>cmTryCompileExec - 0 error(s), 0 warning(s)
========== Build: 1 succeeded, 0 failed, 0 up-to-date, 0 skipped ==========


Detecting C compiler ABI info compiled with the following output:
Change Dir: E:/work2/iCub/src/colourProcessor/CMakeFiles/CMakeTmp

Run Build Command:C:\PROGRA~1\MICROS~2\Common7\IDE\devenv.com CMAKE_TRY_COMPILE.sln /build Debug /project cmTryCompileExec

Microsoft (R) Visual Studio Version 8.0.50727.42.
Copyright (C) Microsoft Corp 1984-2005. All rights reserved.
1>------ Build started: Project: cmTryCompileExec, Configuration: Debug Win32 ------
1>Compiling...
1>Microsoft (R) 32-bit C/C++ Optimizing Compiler Version 14.00.50727.42 for 80x86
1>Copyright (C) Microsoft Corporation.  All rights reserved.
1>cl /Od /D "WIN32" /D "_WINDOWS" /D "_DEBUG" /D "CMAKE_INTDIR=\"Debug\"" /D "_MBCS" /FD /RTC1 /MDd /Fo"cmTryCompileExec.dir\Debug\\" /Fd"E:/work2/iCub/src/colourProcessor/CMakeFiles/CMakeTmp/Debug/cmTryCompileExec.pdb" /W3 /c /Zi /TC   /Zm1000
1>   "..\..\..\..\..\..\programmi\CMake 2.8\share\cmake-2.8\Modules\CMakeCCompilerABI.c"
1>CMakeCCompilerABI.c
1>Compiling manifest to resources...
1>Linking...
1>Embedding manifest...
1>Build log was saved at "file://e:\work2\iCub\src\colourProcessor\CMakeFiles\CMakeTmp\cmTryCompileExec.dir\Debug\BuildLog.htm"
1>cmTryCompileExec - 0 error(s), 0 warning(s)
========== Build: 1 succeeded, 0 failed, 0 up-to-date, 0 skipped ==========


Determining if the CXX compiler works passed with the following output:
Change Dir: E:/work2/iCub/src/colourProcessor/CMakeFiles/CMakeTmp

Run Build Command:C:\PROGRA~1\MICROS~2\Common7\IDE\devenv.com CMAKE_TRY_COMPILE.sln /build Debug /project cmTryCompileExec

Microsoft (R) Visual Studio Version 8.0.50727.42.
Copyright (C) Microsoft Corp 1984-2005. All rights reserved.
1>------ Build started: Project: cmTryCompileExec, Configuration: Debug Win32 ------
1>Compiling...
1>Microsoft (R) 32-bit C/C++ Optimizing Compiler Version 14.00.50727.42 for 80x86
1>Copyright (C) Microsoft Corporation.  All rights reserved.
1>cl /Od /D "WIN32" /D "_WINDOWS" /D "_DEBUG" /D "CMAKE_INTDIR=\"Debug\"" /D "_MBCS" /FD /EHsc /RTC1 /MDd /Fo"cmTryCompileExec.dir\Debug\\" /Fd"E:/work2/iCub/src/colourProcessor/CMakeFiles/CMakeTmp/Debug/cmTryCompileExec.pdb" /W3 /c /Zi /TP   /Zm1000
1>   .\testCXXCompiler.cxx
1>testCXXCompiler.cxx
1>Compiling manifest to resources...
1>Linking...
1>Embedding manifest...
1>Build log was saved at "file://e:\work2\iCub\src\colourProcessor\CMakeFiles\CMakeTmp\cmTryCompileExec.dir\Debug\BuildLog.htm"
1>cmTryCompileExec - 0 error(s), 0 warning(s)
========== Build: 1 succeeded, 0 failed, 0 up-to-date, 0 skipped ==========


Detecting CXX compiler ABI info compiled with the following output:
Change Dir: E:/work2/iCub/src/colourProcessor/CMakeFiles/CMakeTmp

Run Build Command:C:\PROGRA~1\MICROS~2\Common7\IDE\devenv.com CMAKE_TRY_COMPILE.sln /build Debug /project cmTryCompileExec

Microsoft (R) Visual Studio Version 8.0.50727.42.
Copyright (C) Microsoft Corp 1984-2005. All rights reserved.
1>------ Build started: Project: cmTryCompileExec, Configuration: Debug Win32 ------
1>Compiling...
1>Microsoft (R) 32-bit C/C++ Optimizing Compiler Version 14.00.50727.42 for 80x86
1>Copyright (C) Microsoft Corporation.  All rights reserved.
1>cl /Od /D "WIN32" /D "_WINDOWS" /D "_DEBUG" /D "CMAKE_INTDIR=\"Debug\"" /D "_MBCS" /FD /EHsc /RTC1 /MDd /Fo"cmTryCompileExec.dir\Debug\\" /Fd"E:/work2/iCub/src/colourProcessor/CMakeFiles/CMakeTmp/Debug/cmTryCompileExec.pdb" /W3 /c /Zi /TP   /Zm1000
1>   "..\..\..\..\..\..\programmi\CMake 2.8\share\cmake-2.8\Modules\CMakeCXXCompilerABI.cpp"
1>CMakeCXXCompilerABI.cpp
1>Compiling manifest to resources...
1>Linking...
1>Embedding manifest...
1>Build log was saved at "file://e:\work2\iCub\src\colourProcessor\CMakeFiles\CMakeTmp\cmTryCompileExec.dir\Debug\BuildLog.htm"
1>cmTryCompileExec - 0 error(s), 0 warning(s)
========== Build: 1 succeeded, 0 failed, 0 up-to-date, 0 skipped ==========


